#
# A fatal error has been detected by the Java Runtime Environment:
#
#  EXCEPTION_ACCESS_VIOLATION (0xc0000005) at pc=0x00007ff98906e1b7, pid=3224, tid=11912
#
# JRE version: Java(TM) SE Runtime Environment (17.0.3.1+2) (build 17.0.3.1+2-LTS-6)
# Java VM: Java HotSpot(TM) 64-Bit Server VM (17.0.3.1+2-LTS-6, mixed mode, sharing, tiered, compressed oops, compressed class ptrs, g1 gc, windows-amd64)
# Problematic frame:
# C  [lwjgl_opengl.dll+0xe1b7]
#
# No core dump will be written. Minidumps are not enabled by default on client versions of Windows
#
# If you would like to submit a bug report, please visit:
#   https://bugreport.java.com/bugreport/crash.jsp
# The crash happened outside the Java Virtual Machine in native code.
# See problematic frame for where to report the bug.
#

---------------  S U M M A R Y ------------

Command Line: -agentlib:jdwp=transport=dt_socket,server=n,suspend=y,address=127.0.0.1:54012 -Dfile.encoding=windows-1252 -Duser.country=GB -Duser.language=en -Duser.variant Main

Host: 11th Gen Intel(R) Core(TM) i7-1165G7 @ 2.80GHz, 8 cores, 15G,  Windows 10 , 64 bit Build 19041 (10.0.19041.3636)
Time: Sun Dec 24 12:27:25 2023 GMT Standard Time elapsed time: 0.261766 seconds (0d 0h 0m 0s)

---------------  T H R E A D  ---------------

Current thread (0x000001c176d0e7b0):  JavaThread "main" [_thread_in_native, id=11912, stack(0x00000001cef00000,0x00000001cf000000)]

Stack: [0x00000001cef00000,0x00000001cf000000],  sp=0x00000001cefff3f8,  free space=1020k
Native frames: (J=compiled Java code, j=interpreted, Vv=VM code, C=native code)
C  [lwjgl_opengl.dll+0xe1b7]

Java frames: (J=compiled Java code, j=interpreted, Vv=VM code)
j  org.lwjgl.opengl.GL20C.glCreateShader(I)I+0
j  org.lwjgl.opengl.GL20.glCreateShader(I)I+1
j  renderer.Shader.compile()V+2
j  Util.AssetPool.getShader(Ljava/lang/String;)Lrenderer/Shader;+50
j  Game.GrassLanders.loadResources()V+2
j  Game.GrassLanders.startGame(Ljava/lang/String;ILjava/lang/String;)V+1
j  Main.main([Ljava/lang/String;)V+16
v  ~StubRoutines::call_stub

siginfo: EXCEPTION_ACCESS_VIOLATION (0xc0000005), reading address 0x0000000000000e38


Register to memory mapping:

RIP=0x00007ff98906e1b7 lwjgl_opengl.dll
RAX=0x000001c11caa0000 points into unknown readable memory: 0x0000000000000000 | 00 00 00 00 00 00 00 00
RBX={method} {0x000001c11c0ec9e0} 'glCreateShader' '(I)I' in 'org/lwjgl/opengl/GL20C'
RCX=0x0 is NULL
RDX=0x00000001cefff480 is pointing into the stack for thread: 0x000001c176d0e7b0
RSP=0x00000001cefff3f8 is pointing into the stack for thread: 0x000001c176d0e7b0
RBP=0x00000001cefff470 is pointing into the stack for thread: 0x000001c176d0e7b0
RSI=0x0000000000000220 is an unknown value
RDI=0x0000000000000057 is an unknown value
R8 =0x0000000000008b31 is an unknown value
R9 =0x0000000000000002 is an unknown value
R10=0x000001c100011337 is at code_begin+1911 in an Interpreter codelet
method entry point (kind = native)  [0x000001c100010bc0, 0x000001c100011ce0]  4384 bytes
R11=0x0000000713ed98e0 is an oop: java.lang.Class 
{0x0000000713ed98e0} - klass: 'java/lang/Class'
 - ---- fields (total size 54 words):
 - private volatile transient 'classRedefinedCount' 'I' @12  0
 - private volatile transient 'cachedConstructor' 'Ljava/lang/reflect/Constructor;' @40  NULL (0)
 - private transient 'name' 'Ljava/lang/String;' @44  "org.lwjgl.opengl.GL20C"{0x0000000713ed9aa0} (e27db354)
 - private transient 'module' 'Ljava/lang/Module;' @48  a 'java/lang/Module'{0x00000007146f1c90} (e28de392)
 - private final 'classLoader' 'Ljava/lang/ClassLoader;' @52  a 'jdk/internal/loader/ClassLoaders$AppClassLoader'{0x00000007146f1ad0} (e28de35a)
 - private transient 'classData' 'Ljava/lang/Object;' @56  NULL (0)
 - private transient 'packageName' 'Ljava/lang/String;' @60  "org.lwjgl.opengl"{0x00000007144b3470} (e289668e)
 - private final 'componentType' 'Ljava/lang/Class;' @64  NULL (0)
 - private volatile transient 'reflectionData' 'Ljava/lang/ref/SoftReference;' @68  NULL (0)
 - private volatile transient 'genericInfo' 'Lsun/reflect/generics/repository/ClassRepository;' @72  NULL (0)
 - private volatile transient 'enumConstants' '[Ljava/lang/Object;' @76  NULL (0)
 - private volatile transient 'enumConstantDirectory' 'Ljava/util/Map;' @80  NULL (0)
 - private volatile transient 'annotationData' 'Ljava/lang/Class$AnnotationData;' @84  NULL (0)
 - private volatile transient 'annotationType' 'Lsun/reflect/annotation/AnnotationType;' @88  NULL (0)
 - transient 'classValueMap' 'Ljava/lang/ClassValue$ClassValueMap;' @92  NULL (0)
 - signature: Lorg/lwjgl/opengl/GL20C;
 - fake entry for mirror: 'org/lwjgl/opengl/GL20C'
 - fake entry for array: NULL
 - fake entry for oop_size: 54
 - fake entry for static_oop_field_count: 0
 - public static final 'GL_SHADING_LANGUAGE_VERSION' 'I' @112  35724 (8b8c)
 - public static final 'GL_CURRENT_PROGRAM' 'I' @116  35725 (8b8d)
 - public static final 'GL_SHADER_TYPE' 'I' @120  35663 (8b4f)
 - public static final 'GL_DELETE_STATUS' 'I' @124  35712 (8b80)
 - public static final 'GL_COMPILE_STATUS' 'I' @128  35713 (8b81)
 - public static final 'GL_LINK_STATUS' 'I' @132  35714 (8b82)
 - public static final 'GL_VALIDATE_STATUS' 'I' @136  35715 (8b83)
 - public static final 'GL_INFO_LOG_LENGTH' 'I' @140  35716 (8b84)
 - public static final 'GL_ATTACHED_SHADERS' 'I' @144  35717 (8b85)
 - public static final 'GL_ACTIVE_UNIFORMS' 'I' @148  35718 (8b86)
 - public static final 'GL_ACTIVE_UNIFORM_MAX_LENGTH' 'I' @152  35719 (8b87)
 - public static final 'GL_ACTIVE_ATTRIBUTES' 'I' @156  35721 (8b89)
 - public static final 'GL_ACTIVE_ATTRIBUTE_MAX_LENGTH' 'I' @160  35722 (8b8a)
 - public static final 'GL_SHADER_SOURCE_LENGTH' 'I' @164  35720 (8b88)
 - public static final 'GL_FLOAT_VEC2' 'I' @168  35664 (8b50)
 - public static final 'GL_FLOAT_VEC3' 'I' @172  35665 (8b51)
 - public static final 'GL_FLOAT_VEC4' 'I' @176  35666 (8b52)
 - public static final 'GL_INT_VEC2' 'I' @180  35667 (8b53)
 - public static final 'GL_INT_VEC3' 'I' @184  35668 (8b54)
 - public static final 'GL_INT_VEC4' 'I' @188  35669 (8b55)
 - public static final 'GL_BOOL' 'I' @192  35670 (8b56)
 - public static final 'GL_BOOL_VEC2' 'I' @196  35671 (8b57)
 - public static final 'GL_BOOL_VEC3' 'I' @200  35672 (8b58)
 - public static final 'GL_BOOL_VEC4' 'I' @204  35673 (8b59)
 - public static final 'GL_FLOAT_MAT2' 'I' @208  35674 (8b5a)
 - public static final 'GL_FLOAT_MAT3' 'I' @212  35675 (8b5b)
 - public static final 'GL_FLOAT_MAT4' 'I' @216  35676 (8b5c)
 - public static final 'GL_SAMPLER_1D' 'I' @220  35677 (8b5d)
 - public static final 'GL_SAMPLER_2D' 'I' @224  35678 (8b5e)
 - public static final 'GL_SAMPLER_3D' 'I' @228  35679 (8b5f)
 - public static final 'GL_SAMPLER_CUBE' 'I' @232  35680 (8b60)
 - public static final 'GL_SAMPLER_1D_SHADOW' 'I' @236  35681 (8b61)
 - public static final 'GL_SAMPLER_2D_SHADOW' 'I' @240  35682 (8b62)
 - public static final 'GL_VERTEX_SHADER' 'I' @244  35633 (8b31)
 - public static final 'GL_MAX_VERTEX_UNIFORM_COMPONENTS' 'I' @248  35658 (8b4a)
 - public static final 'GL_MAX_VARYING_FLOATS' 'I' @252  35659 (8b4b)
 - public static final 'GL_MAX_VERTEX_ATTRIBS' 'I' @256  34921 (8869)
 - public static final 'GL_MAX_TEXTURE_IMAGE_UNITS' 'I' @260  34930 (8872)
 - public static final 'GL_MAX_VERTEX_TEXTURE_IMAGE_UNITS' 'I' @264  35660 (8b4c)
 - public static final 'GL_MAX_COMBINED_TEXTURE_IMAGE_UNITS' 'I' @268  35661 (8b4d)
 - public static final 'GL_VERTEX_PROGRAM_POINT_SIZE' 'I' @272  34370 (8642)
 - public static final 'GL_VERTEX_ATTRIB_ARRAY_ENABLED' 'I' @276  34338 (8622)
 - public static final 'GL_VERTEX_ATTRIB_ARRAY_SIZE' 'I' @280  34339 (8623)
 - public static final 'GL_VERTEX_ATTRIB_ARRAY_STRIDE' 'I' @284  34340 (8624)
 - public static final 'GL_VERTEX_ATTRIB_ARRAY_TYPE' 'I' @288  34341 (8625)
 - public static final 'GL_VERTEX_ATTRIB_ARRAY_NORMALIZED' 'I' @292  34922 (886a)
 - public static final 'GL_CURRENT_VERTEX_ATTRIB' 'I' @296  34342 (8626)
 - public static final 'GL_VERTEX_ATTRIB_ARRAY_POINTER' 'I' @300  34373 (8645)
 - public static final 'GL_FRAGMENT_SHADER' 'I' @304  35632 (8b30)
 - public static final 'GL_MAX_FRAGMENT_UNIFORM_COMPONENTS' 'I' @308  35657 (8b49)
 - public static final 'GL_FRAGMENT_SHADER_DERIVATIVE_HINT' 'I' @312  35723 (8b8b)
 - public static final 'GL_MAX_DRAW_BUFFERS' 'I' @316  34852 (8824)
 - public static final 'GL_DRAW_BUFFER0' 'I' @320  34853 (8825)
 - public static final 'GL_DRAW_BUFFER1' 'I' @324  34854 (8826)
 - public static final 'GL_DRAW_BUFFER2' 'I' @328  34855 (8827)
 - public static final 'GL_DRAW_BUFFER3' 'I' @332  34856 (8828)
 - public static final 'GL_DRAW_BUFFER4' 'I' @336  34857 (8829)
 - public static final 'GL_DRAW_BUFFER5' 'I' @340  34858 (882a)
 - public static final 'GL_DRAW_BUFFER6' 'I' @344  34859 (882b)
 - public static final 'GL_DRAW_BUFFER7' 'I' @348  34860 (882c)
 - public static final 'GL_DRAW_BUFFER8' 'I' @352  34861 (882d)
 - public static final 'GL_DRAW_BUFFER9' 'I' @356  34862 (882e)
 - public static final 'GL_DRAW_BUFFER10' 'I' @360  34863 (882f)
 - public static final 'GL_DRAW_BUFFER11' 'I' @364  34864 (8830)
 - public static final 'GL_DRAW_BUFFER12' 'I' @368  34865 (8831)
 - public static final 'GL_DRAW_BUFFER13' 'I' @372  34866 (8832)
 - public static final 'GL_DRAW_BUFFER14' 'I' @376  34867 (8833)
 - public static final 'GL_DRAW_BUFFER15' 'I' @380  34868 (8834)
 - public static final 'GL_POINT_SPRITE_COORD_ORIGIN' 'I' @384  36000 (8ca0)
 - public static final 'GL_LOWER_LEFT' 'I' @388  36001 (8ca1)
 - public static final 'GL_UPPER_LEFT' 'I' @392  36002 (8ca2)
 - public static final 'GL_BLEND_EQUATION_RGB' 'I' @396  32777 (8009)
 - public static final 'GL_BLEND_EQUATION_ALPHA' 'I' @400  34877 (883d)
 - public static final 'GL_STENCIL_BACK_FUNC' 'I' @404  34816 (8800)
 - public static final 'GL_STENCIL_BACK_FAIL' 'I' @408  34817 (8801)
 - public static final 'GL_STENCIL_BACK_PASS_DEPTH_FAIL' 'I' @412  34818 (8802)
 - public static final 'GL_STENCIL_BACK_PASS_DEPTH_PASS' 'I' @416  34819 (8803)
 - public static final 'GL_STENCIL_BACK_REF' 'I' @420  36003 (8ca3)
 - public static final 'GL_STENCIL_BACK_VALUE_MASK' 'I' @424  36004 (8ca4)
 - public static final 'GL_STENCIL_BACK_WRITEMASK' 'I' @428  36005 (8ca5)
R12=0x0 is NULL
R13=0x000001c11c0ec9c8 is pointing into metadata
R14=0x00000001cefff490 is pointing into the stack for thread: 0x000001c176d0e7b0
R15=0x000001c176d0e7b0 is a thread


Registers:
RAX=0x000001c11caa0000, RBX=0x000001c11c0ec9d8, RCX=0x0000000000000000, RDX=0x00000001cefff480
RSP=0x00000001cefff3f8, RBP=0x00000001cefff470, RSI=0x0000000000000220, RDI=0x0000000000000057
R8 =0x0000000000008b31, R9 =0x0000000000000002, R10=0x000001c100011337, R11=0x0000000713ed98e0
R12=0x0000000000000000, R13=0x000001c11c0ec9c8, R14=0x00000001cefff490, R15=0x000001c176d0e7b0
RIP=0x00007ff98906e1b7, EFLAGS=0x0000000000010287

Top of Stack: (sp=0x00000001cefff3f8)
0x00000001cefff3f8:   000001c100011366 000001c11c0ec9d8
0x00000001cefff408:   0000000000000220 000001c11c00f6f8
0x00000001cefff418:   000001c176d0e7b0 000001c100010c76
0x00000001cefff428:   00000001cefff428 000001c11c0ec9c8
0x00000001cefff438:   00000001cefff490 000001c11c1188e0
0x00000001cefff448:   0000000000000000 0000000713ed98e0
0x00000001cefff458:   000001c11c0ec9d8 0000000000000000
0x00000001cefff468:   00000001cefff490 00000001cefff4e0
0x00000001cefff478:   000001c10000a322 0000000713ed98e0
0x00000001cefff488:   000001c10000d4f6 0000000000008b31
0x00000001cefff498:   00000001cefff498 000001c11c00f6d1
0x00000001cefff4a8:   00000001cefff4f0 000001c11c06e3f0
0x00000001cefff4b8:   0000000000000000 000000071454cb70
0x00000001cefff4c8:   000001c11c00f6f8 00000001cefff490
0x00000001cefff4d8:   00000001cefff4f0 00000001cefff540
0x00000001cefff4e8:   000001c10000a322 0000000000008b31 

Instructions: (pc=0x00007ff98906e1b7)
0x00007ff98906e0b7:   8b c8 4c 8b 50 18 49 ff a2 f8 0d 00 00 cc cc cc
0x00007ff98906e0c7:   cc cc cc cc cc cc cc cc cc 48 8b 01 41 8b c8 48
0x00007ff98906e0d7:   8b 50 18 48 ff a2 00 0e 00 00 cc cc cc cc cc cc
0x00007ff98906e0e7:   cc cc cc cc cc cc cc cc cc 48 8b 01 45 8b d8 4c
0x00007ff98906e0f7:   8b 44 24 28 41 8b d1 41 8b cb 4c 8b 50 18 49 ff
0x00007ff98906e107:   a2 08 0e 00 00 cc cc cc cc 48 8b 01 45 8b d8 4c
0x00007ff98906e117:   8b 44 24 28 41 8b d1 41 8b cb 4c 8b 50 18 49 ff
0x00007ff98906e127:   a2 10 0e 00 00 cc cc cc cc 48 8b 01 45 8b d8 4c
0x00007ff98906e137:   8b 44 24 28 41 8b d1 41 8b cb 4c 8b 50 18 49 ff
0x00007ff98906e147:   a2 18 0e 00 00 cc cc cc cc 48 8b 01 48 8b 48 18
0x00007ff98906e157:   48 8b 81 20 0e 00 00 48 ff e0 cc cc cc cc cc cc
0x00007ff98906e167:   cc cc cc cc cc cc cc cc cc 48 8b 01 41 8b c8 48
0x00007ff98906e177:   8b 50 18 48 ff a2 28 0e 00 00 cc cc cc cc cc cc
0x00007ff98906e187:   cc cc cc cc cc cc cc cc cc 48 8b 01 48 8b 48 18
0x00007ff98906e197:   48 8b 81 30 0e 00 00 41 8b c8 48 ff e0 cc cc cc
0x00007ff98906e1a7:   cc cc cc cc cc cc cc cc cc 48 8b 01 48 8b 48 18
0x00007ff98906e1b7:   48 8b 81 38 0e 00 00 41 8b c8 48 ff e0 cc cc cc
0x00007ff98906e1c7:   cc cc cc cc cc cc cc cc cc 48 8b 01 41 8b c8 48
0x00007ff98906e1d7:   8b 50 18 48 ff a2 40 0e 00 00 cc cc cc cc cc cc
0x00007ff98906e1e7:   cc cc cc cc cc cc cc cc cc 48 8b 01 48 8b 48 18
0x00007ff98906e1f7:   48 8b 81 48 0e 00 00 41 8b c8 48 ff e0 cc cc cc
0x00007ff98906e207:   cc cc cc cc cc cc cc cc cc 48 8b 01 41 8b d1 41
0x00007ff98906e217:   8b c8 4c 8b 50 18 49 ff a2 50 0e 00 00 cc cc cc
0x00007ff98906e227:   cc cc cc cc cc cc cc cc cc 48 8b 01 41 8b d1 41
0x00007ff98906e237:   8b c8 4c 8b 50 18 49 ff a2 58 0e 00 00 cc cc cc
0x00007ff98906e247:   cc cc cc cc cc cc cc cc cc 40 53 48 8b 01 41 8b
0x00007ff98906e257:   d8 4c 8b 44 24 30 41 8b d1 4c 8b 4c 24 38 8b cb
0x00007ff98906e267:   4c 8b 50 18 5b 49 ff a2 60 0e 00 00 cc cc cc cc
0x00007ff98906e277:   cc cc cc cc cc cc cc cc cc 48 8b 01 41 8b c8 48
0x00007ff98906e287:   8b 50 18 48 ff a2 68 0e 00 00 cc cc cc cc cc cc
0x00007ff98906e297:   cc cc cc cc cc cc cc cc cc 48 8b 01 41 8b c8 48
0x00007ff98906e2a7:   8b 50 18 48 ff a2 70 0e 00 00 cc cc cc cc cc cc 


Stack slot to memory mapping:
stack at sp + 0 slots: 0x000001c100011366 is at code_begin+1958 in an Interpreter codelet
method entry point (kind = native)  [0x000001c100010bc0, 0x000001c100011ce0]  4384 bytes
stack at sp + 1 slots: {method} {0x000001c11c0ec9e0} 'glCreateShader' '(I)I' in 'org/lwjgl/opengl/GL20C'
stack at sp + 2 slots: 0x0000000000000220 is an unknown value
stack at sp + 3 slots: {method} {0x000001c11c00f700} 'glCreateShader' '(I)I' in 'org/lwjgl/opengl/GL20'
stack at sp + 4 slots: 0x000001c176d0e7b0 is a thread
stack at sp + 5 slots: 0x000001c100010c76 is at code_begin+182 in an Interpreter codelet
method entry point (kind = native)  [0x000001c100010bc0, 0x000001c100011ce0]  4384 bytes
stack at sp + 6 slots: 0x00000001cefff428 is pointing into the stack for thread: 0x000001c176d0e7b0
stack at sp + 7 slots: 0x000001c11c0ec9c8 is pointing into metadata


---------------  P R O C E S S  ---------------

Threads class SMR info:
_java_thread_list=0x000001c11c746570, length=16, elements={
0x000001c176d0e7b0, 0x000001c11b8b3e30, 0x000001c11b8b48f0, 0x000001c11b8c92a0,
0x000001c11b8c9d60, 0x000001c11b8d0650, 0x000001c11b8d1430, 0x000001c11b8d5640,
0x000001c11c408140, 0x000001c11c419200, 0x000001c11c559b90, 0x000001c11c55ea50,
0x000001c11c563e90, 0x000001c11b8d22a0, 0x000001c11b8d1dd0, 0x000001c11c9ea7c0
}

Java Threads: ( => current thread )
=>0x000001c176d0e7b0 JavaThread "main" [_thread_in_native, id=11912, stack(0x00000001cef00000,0x00000001cf000000)]
  0x000001c11b8b3e30 JavaThread "Reference Handler" daemon [_thread_blocked, id=13276, stack(0x00000001cf600000,0x00000001cf700000)]
  0x000001c11b8b48f0 JavaThread "Finalizer" daemon [_thread_blocked, id=20376, stack(0x00000001cf700000,0x00000001cf800000)]
  0x000001c11b8c92a0 JavaThread "Signal Dispatcher" daemon [_thread_blocked, id=11900, stack(0x00000001cf800000,0x00000001cf900000)]
  0x000001c11b8c9d60 JavaThread "Attach Listener" daemon [_thread_blocked, id=21100, stack(0x00000001cf900000,0x00000001cfa00000)]
  0x000001c11b8d0650 JavaThread "Service Thread" daemon [_thread_blocked, id=12832, stack(0x00000001cfa00000,0x00000001cfb00000)]
  0x000001c11b8d1430 JavaThread "Monitor Deflation Thread" daemon [_thread_blocked, id=8388, stack(0x00000001cfb00000,0x00000001cfc00000)]
  0x000001c11b8d5640 JavaThread "C2 CompilerThread0" daemon [_thread_blocked, id=19304, stack(0x00000001cfc00000,0x00000001cfd00000)]
  0x000001c11c408140 JavaThread "C1 CompilerThread0" daemon [_thread_blocked, id=23964, stack(0x00000001cfd00000,0x00000001cfe00000)]
  0x000001c11c419200 JavaThread "Sweeper thread" daemon [_thread_blocked, id=3088, stack(0x00000001cfe00000,0x00000001cff00000)]
  0x000001c11c559b90 JavaThread "JDWP Transport Listener: dt_socket" daemon [_thread_blocked, id=11880, stack(0x00000001cff00000,0x00000001d0000000)]
  0x000001c11c55ea50 JavaThread "JDWP Event Helper Thread" daemon [_thread_blocked, id=2920, stack(0x00000001d0000000,0x00000001d0100000)]
  0x000001c11c563e90 JavaThread "JDWP Command Reader" daemon [_thread_in_native, id=9724, stack(0x00000001d0100000,0x00000001d0200000)]
  0x000001c11b8d22a0 JavaThread "Notification Thread" daemon [_thread_blocked, id=17992, stack(0x00000001d0200000,0x00000001d0300000)]
  0x000001c11b8d1dd0 JavaThread "Common-Cleaner" daemon [_thread_blocked, id=22008, stack(0x00000001d0400000,0x00000001d0500000)]
  0x000001c11c9ea7c0 JavaThread "C2 CompilerThread1" daemon [_thread_blocked, id=4660, stack(0x00000001d0500000,0x00000001d0600000)]

Other Threads:
  0x000001c11b8b1490 VMThread "VM Thread" [stack: 0x00000001cf500000,0x00000001cf600000] [id=21944]
  0x000001c176e31940 WatcherThread [stack: 0x00000001d0300000,0x00000001d0400000] [id=22232]
  0x000001c176e09d30 GCTaskThread "GC Thread#0" [stack: 0x00000001cf000000,0x00000001cf100000] [id=21780]
  0x000001c176e1b6d0 ConcurrentGCThread "G1 Main Marker" [stack: 0x00000001cf100000,0x00000001cf200000] [id=19360]
  0x000001c176e1c790 ConcurrentGCThread "G1 Conc#0" [stack: 0x00000001cf200000,0x00000001cf300000] [id=18548]
  0x000001c176e6dea0 ConcurrentGCThread "G1 Refine#0" [stack: 0x00000001cf300000,0x00000001cf400000] [id=12752]
  0x000001c176e6e7d0 ConcurrentGCThread "G1 Service" [stack: 0x00000001cf400000,0x00000001cf500000] [id=13564]

Threads with active compile tasks:

VM state: not at safepoint (normal execution)

VM Mutex/Monitor currently owned by a thread: None

Heap address: 0x0000000704c00000, size: 4020 MB, Compressed Oops mode: Zero based, Oop shift amount: 3

CDS archive(s) mapped at: [0x0000000800000000-0x0000000800bc0000-0x0000000800bc0000), size 12320768, SharedBaseAddress: 0x0000000800000000, ArchiveRelocationMode: 0.
Compressed class space mapped at: 0x0000000800c00000-0x0000000840c00000, reserved size: 1073741824
Narrow klass base: 0x0000000800000000, Narrow klass shift: 0, Narrow klass range: 0x100000000

GC Precious Log:
 CPUs: 8 total, 8 available
 Memory: 16075M
 Large Page Support: Disabled
 NUMA Support: Disabled
 Compressed Oops: Enabled (Zero based)
 Heap Region Size: 2M
 Heap Min Capacity: 8M
 Heap Initial Capacity: 252M
 Heap Max Capacity: 4020M
 Pre-touch: Disabled
 Parallel Workers: 8
 Concurrent Workers: 2
 Concurrent Refinement Workers: 8
 Periodic GC: Disabled

Heap:
 garbage-first heap   total 258048K, used 8192K [0x0000000704c00000, 0x0000000800000000)
  region size 2048K, 5 young (10240K), 0 survivors (0K)
 Metaspace       used 2833K, committed 3008K, reserved 1056768K
  class space    used 200K, committed 320K, reserved 1048576K

Heap Regions: E=young(eden), S=young(survivor), O=old, HS=humongous(starts), HC=humongous(continues), CS=collection set, F=free, OA=open archive, CA=closed archive, TAMS=top-at-mark-start (previous, next)
|   0|0x0000000704c00000, 0x0000000704c00000, 0x0000000704e00000|  0%| F|  |TAMS 0x0000000704c00000, 0x0000000704c00000| Untracked 
|   1|0x0000000704e00000, 0x0000000704e00000, 0x0000000705000000|  0%| F|  |TAMS 0x0000000704e00000, 0x0000000704e00000| Untracked 
|   2|0x0000000705000000, 0x0000000705000000, 0x0000000705200000|  0%| F|  |TAMS 0x0000000705000000, 0x0000000705000000| Untracked 
|   3|0x0000000705200000, 0x0000000705200000, 0x0000000705400000|  0%| F|  |TAMS 0x0000000705200000, 0x0000000705200000| Untracked 
|   4|0x0000000705400000, 0x0000000705400000, 0x0000000705600000|  0%| F|  |TAMS 0x0000000705400000, 0x0000000705400000| Untracked 
|   5|0x0000000705600000, 0x0000000705600000, 0x0000000705800000|  0%| F|  |TAMS 0x0000000705600000, 0x0000000705600000| Untracked 
|   6|0x0000000705800000, 0x0000000705800000, 0x0000000705a00000|  0%| F|  |TAMS 0x0000000705800000, 0x0000000705800000| Untracked 
|   7|0x0000000705a00000, 0x0000000705a00000, 0x0000000705c00000|  0%| F|  |TAMS 0x0000000705a00000, 0x0000000705a00000| Untracked 
|   8|0x0000000705c00000, 0x0000000705c00000, 0x0000000705e00000|  0%| F|  |TAMS 0x0000000705c00000, 0x0000000705c00000| Untracked 
|   9|0x0000000705e00000, 0x0000000705e00000, 0x0000000706000000|  0%| F|  |TAMS 0x0000000705e00000, 0x0000000705e00000| Untracked 
|  10|0x0000000706000000, 0x0000000706000000, 0x0000000706200000|  0%| F|  |TAMS 0x0000000706000000, 0x0000000706000000| Untracked 
|  11|0x0000000706200000, 0x0000000706200000, 0x0000000706400000|  0%| F|  |TAMS 0x0000000706200000, 0x0000000706200000| Untracked 
|  12|0x0000000706400000, 0x0000000706400000, 0x0000000706600000|  0%| F|  |TAMS 0x0000000706400000, 0x0000000706400000| Untracked 
|  13|0x0000000706600000, 0x0000000706600000, 0x0000000706800000|  0%| F|  |TAMS 0x0000000706600000, 0x0000000706600000| Untracked 
|  14|0x0000000706800000, 0x0000000706800000, 0x0000000706a00000|  0%| F|  |TAMS 0x0000000706800000, 0x0000000706800000| Untracked 
|  15|0x0000000706a00000, 0x0000000706a00000, 0x0000000706c00000|  0%| F|  |TAMS 0x0000000706a00000, 0x0000000706a00000| Untracked 
|  16|0x0000000706c00000, 0x0000000706c00000, 0x0000000706e00000|  0%| F|  |TAMS 0x0000000706c00000, 0x0000000706c00000| Untracked 
|  17|0x0000000706e00000, 0x0000000706e00000, 0x0000000707000000|  0%| F|  |TAMS 0x0000000706e00000, 0x0000000706e00000| Untracked 
|  18|0x0000000707000000, 0x0000000707000000, 0x0000000707200000|  0%| F|  |TAMS 0x0000000707000000, 0x0000000707000000| Untracked 
|  19|0x0000000707200000, 0x0000000707200000, 0x0000000707400000|  0%| F|  |TAMS 0x0000000707200000, 0x0000000707200000| Untracked 
|  20|0x0000000707400000, 0x0000000707400000, 0x0000000707600000|  0%| F|  |TAMS 0x0000000707400000, 0x0000000707400000| Untracked 
|  21|0x0000000707600000, 0x0000000707600000, 0x0000000707800000|  0%| F|  |TAMS 0x0000000707600000, 0x0000000707600000| Untracked 
|  22|0x0000000707800000, 0x0000000707800000, 0x0000000707a00000|  0%| F|  |TAMS 0x0000000707800000, 0x0000000707800000| Untracked 
|  23|0x0000000707a00000, 0x0000000707a00000, 0x0000000707c00000|  0%| F|  |TAMS 0x0000000707a00000, 0x0000000707a00000| Untracked 
|  24|0x0000000707c00000, 0x0000000707c00000, 0x0000000707e00000|  0%| F|  |TAMS 0x0000000707c00000, 0x0000000707c00000| Untracked 
|  25|0x0000000707e00000, 0x0000000707e00000, 0x0000000708000000|  0%| F|  |TAMS 0x0000000707e00000, 0x0000000707e00000| Untracked 
|  26|0x0000000708000000, 0x0000000708000000, 0x0000000708200000|  0%| F|  |TAMS 0x0000000708000000, 0x0000000708000000| Untracked 
|  27|0x0000000708200000, 0x0000000708200000, 0x0000000708400000|  0%| F|  |TAMS 0x0000000708200000, 0x0000000708200000| Untracked 
|  28|0x0000000708400000, 0x0000000708400000, 0x0000000708600000|  0%| F|  |TAMS 0x0000000708400000, 0x0000000708400000| Untracked 
|  29|0x0000000708600000, 0x0000000708600000, 0x0000000708800000|  0%| F|  |TAMS 0x0000000708600000, 0x0000000708600000| Untracked 
|  30|0x0000000708800000, 0x0000000708800000, 0x0000000708a00000|  0%| F|  |TAMS 0x0000000708800000, 0x0000000708800000| Untracked 
|  31|0x0000000708a00000, 0x0000000708a00000, 0x0000000708c00000|  0%| F|  |TAMS 0x0000000708a00000, 0x0000000708a00000| Untracked 
|  32|0x0000000708c00000, 0x0000000708c00000, 0x0000000708e00000|  0%| F|  |TAMS 0x0000000708c00000, 0x0000000708c00000| Untracked 
|  33|0x0000000708e00000, 0x0000000708e00000, 0x0000000709000000|  0%| F|  |TAMS 0x0000000708e00000, 0x0000000708e00000| Untracked 
|  34|0x0000000709000000, 0x0000000709000000, 0x0000000709200000|  0%| F|  |TAMS 0x0000000709000000, 0x0000000709000000| Untracked 
|  35|0x0000000709200000, 0x0000000709200000, 0x0000000709400000|  0%| F|  |TAMS 0x0000000709200000, 0x0000000709200000| Untracked 
|  36|0x0000000709400000, 0x0000000709400000, 0x0000000709600000|  0%| F|  |TAMS 0x0000000709400000, 0x0000000709400000| Untracked 
|  37|0x0000000709600000, 0x0000000709600000, 0x0000000709800000|  0%| F|  |TAMS 0x0000000709600000, 0x0000000709600000| Untracked 
|  38|0x0000000709800000, 0x0000000709800000, 0x0000000709a00000|  0%| F|  |TAMS 0x0000000709800000, 0x0000000709800000| Untracked 
|  39|0x0000000709a00000, 0x0000000709a00000, 0x0000000709c00000|  0%| F|  |TAMS 0x0000000709a00000, 0x0000000709a00000| Untracked 
|  40|0x0000000709c00000, 0x0000000709c00000, 0x0000000709e00000|  0%| F|  |TAMS 0x0000000709c00000, 0x0000000709c00000| Untracked 
|  41|0x0000000709e00000, 0x0000000709e00000, 0x000000070a000000|  0%| F|  |TAMS 0x0000000709e00000, 0x0000000709e00000| Untracked 
|  42|0x000000070a000000, 0x000000070a000000, 0x000000070a200000|  0%| F|  |TAMS 0x000000070a000000, 0x000000070a000000| Untracked 
|  43|0x000000070a200000, 0x000000070a200000, 0x000000070a400000|  0%| F|  |TAMS 0x000000070a200000, 0x000000070a200000| Untracked 
|  44|0x000000070a400000, 0x000000070a400000, 0x000000070a600000|  0%| F|  |TAMS 0x000000070a400000, 0x000000070a400000| Untracked 
|  45|0x000000070a600000, 0x000000070a600000, 0x000000070a800000|  0%| F|  |TAMS 0x000000070a600000, 0x000000070a600000| Untracked 
|  46|0x000000070a800000, 0x000000070a800000, 0x000000070aa00000|  0%| F|  |TAMS 0x000000070a800000, 0x000000070a800000| Untracked 
|  47|0x000000070aa00000, 0x000000070aa00000, 0x000000070ac00000|  0%| F|  |TAMS 0x000000070aa00000, 0x000000070aa00000| Untracked 
|  48|0x000000070ac00000, 0x000000070ac00000, 0x000000070ae00000|  0%| F|  |TAMS 0x000000070ac00000, 0x000000070ac00000| Untracked 
|  49|0x000000070ae00000, 0x000000070ae00000, 0x000000070b000000|  0%| F|  |TAMS 0x000000070ae00000, 0x000000070ae00000| Untracked 
|  50|0x000000070b000000, 0x000000070b000000, 0x000000070b200000|  0%| F|  |TAMS 0x000000070b000000, 0x000000070b000000| Untracked 
|  51|0x000000070b200000, 0x000000070b200000, 0x000000070b400000|  0%| F|  |TAMS 0x000000070b200000, 0x000000070b200000| Untracked 
|  52|0x000000070b400000, 0x000000070b400000, 0x000000070b600000|  0%| F|  |TAMS 0x000000070b400000, 0x000000070b400000| Untracked 
|  53|0x000000070b600000, 0x000000070b600000, 0x000000070b800000|  0%| F|  |TAMS 0x000000070b600000, 0x000000070b600000| Untracked 
|  54|0x000000070b800000, 0x000000070b800000, 0x000000070ba00000|  0%| F|  |TAMS 0x000000070b800000, 0x000000070b800000| Untracked 
|  55|0x000000070ba00000, 0x000000070ba00000, 0x000000070bc00000|  0%| F|  |TAMS 0x000000070ba00000, 0x000000070ba00000| Untracked 
|  56|0x000000070bc00000, 0x000000070bc00000, 0x000000070be00000|  0%| F|  |TAMS 0x000000070bc00000, 0x000000070bc00000| Untracked 
|  57|0x000000070be00000, 0x000000070be00000, 0x000000070c000000|  0%| F|  |TAMS 0x000000070be00000, 0x000000070be00000| Untracked 
|  58|0x000000070c000000, 0x000000070c000000, 0x000000070c200000|  0%| F|  |TAMS 0x000000070c000000, 0x000000070c000000| Untracked 
|  59|0x000000070c200000, 0x000000070c200000, 0x000000070c400000|  0%| F|  |TAMS 0x000000070c200000, 0x000000070c200000| Untracked 
|  60|0x000000070c400000, 0x000000070c400000, 0x000000070c600000|  0%| F|  |TAMS 0x000000070c400000, 0x000000070c400000| Untracked 
|  61|0x000000070c600000, 0x000000070c600000, 0x000000070c800000|  0%| F|  |TAMS 0x000000070c600000, 0x000000070c600000| Untracked 
|  62|0x000000070c800000, 0x000000070c800000, 0x000000070ca00000|  0%| F|  |TAMS 0x000000070c800000, 0x000000070c800000| Untracked 
|  63|0x000000070ca00000, 0x000000070ca00000, 0x000000070cc00000|  0%| F|  |TAMS 0x000000070ca00000, 0x000000070ca00000| Untracked 
|  64|0x000000070cc00000, 0x000000070cc00000, 0x000000070ce00000|  0%| F|  |TAMS 0x000000070cc00000, 0x000000070cc00000| Untracked 
|  65|0x000000070ce00000, 0x000000070ce00000, 0x000000070d000000|  0%| F|  |TAMS 0x000000070ce00000, 0x000000070ce00000| Untracked 
|  66|0x000000070d000000, 0x000000070d000000, 0x000000070d200000|  0%| F|  |TAMS 0x000000070d000000, 0x000000070d000000| Untracked 
|  67|0x000000070d200000, 0x000000070d200000, 0x000000070d400000|  0%| F|  |TAMS 0x000000070d200000, 0x000000070d200000| Untracked 
|  68|0x000000070d400000, 0x000000070d400000, 0x000000070d600000|  0%| F|  |TAMS 0x000000070d400000, 0x000000070d400000| Untracked 
|  69|0x000000070d600000, 0x000000070d600000, 0x000000070d800000|  0%| F|  |TAMS 0x000000070d600000, 0x000000070d600000| Untracked 
|  70|0x000000070d800000, 0x000000070d800000, 0x000000070da00000|  0%| F|  |TAMS 0x000000070d800000, 0x000000070d800000| Untracked 
|  71|0x000000070da00000, 0x000000070da00000, 0x000000070dc00000|  0%| F|  |TAMS 0x000000070da00000, 0x000000070da00000| Untracked 
|  72|0x000000070dc00000, 0x000000070dc00000, 0x000000070de00000|  0%| F|  |TAMS 0x000000070dc00000, 0x000000070dc00000| Untracked 
|  73|0x000000070de00000, 0x000000070de00000, 0x000000070e000000|  0%| F|  |TAMS 0x000000070de00000, 0x000000070de00000| Untracked 
|  74|0x000000070e000000, 0x000000070e000000, 0x000000070e200000|  0%| F|  |TAMS 0x000000070e000000, 0x000000070e000000| Untracked 
|  75|0x000000070e200000, 0x000000070e200000, 0x000000070e400000|  0%| F|  |TAMS 0x000000070e200000, 0x000000070e200000| Untracked 
|  76|0x000000070e400000, 0x000000070e400000, 0x000000070e600000|  0%| F|  |TAMS 0x000000070e400000, 0x000000070e400000| Untracked 
|  77|0x000000070e600000, 0x000000070e600000, 0x000000070e800000|  0%| F|  |TAMS 0x000000070e600000, 0x000000070e600000| Untracked 
|  78|0x000000070e800000, 0x000000070e800000, 0x000000070ea00000|  0%| F|  |TAMS 0x000000070e800000, 0x000000070e800000| Untracked 
|  79|0x000000070ea00000, 0x000000070ea00000, 0x000000070ec00000|  0%| F|  |TAMS 0x000000070ea00000, 0x000000070ea00000| Untracked 
|  80|0x000000070ec00000, 0x000000070ec00000, 0x000000070ee00000|  0%| F|  |TAMS 0x000000070ec00000, 0x000000070ec00000| Untracked 
|  81|0x000000070ee00000, 0x000000070ee00000, 0x000000070f000000|  0%| F|  |TAMS 0x000000070ee00000, 0x000000070ee00000| Untracked 
|  82|0x000000070f000000, 0x000000070f000000, 0x000000070f200000|  0%| F|  |TAMS 0x000000070f000000, 0x000000070f000000| Untracked 
|  83|0x000000070f200000, 0x000000070f200000, 0x000000070f400000|  0%| F|  |TAMS 0x000000070f200000, 0x000000070f200000| Untracked 
|  84|0x000000070f400000, 0x000000070f400000, 0x000000070f600000|  0%| F|  |TAMS 0x000000070f400000, 0x000000070f400000| Untracked 
|  85|0x000000070f600000, 0x000000070f600000, 0x000000070f800000|  0%| F|  |TAMS 0x000000070f600000, 0x000000070f600000| Untracked 
|  86|0x000000070f800000, 0x000000070f800000, 0x000000070fa00000|  0%| F|  |TAMS 0x000000070f800000, 0x000000070f800000| Untracked 
|  87|0x000000070fa00000, 0x000000070fa00000, 0x000000070fc00000|  0%| F|  |TAMS 0x000000070fa00000, 0x000000070fa00000| Untracked 
|  88|0x000000070fc00000, 0x000000070fc00000, 0x000000070fe00000|  0%| F|  |TAMS 0x000000070fc00000, 0x000000070fc00000| Untracked 
|  89|0x000000070fe00000, 0x000000070fe00000, 0x0000000710000000|  0%| F|  |TAMS 0x000000070fe00000, 0x000000070fe00000| Untracked 
|  90|0x0000000710000000, 0x0000000710000000, 0x0000000710200000|  0%| F|  |TAMS 0x0000000710000000, 0x0000000710000000| Untracked 
|  91|0x0000000710200000, 0x0000000710200000, 0x0000000710400000|  0%| F|  |TAMS 0x0000000710200000, 0x0000000710200000| Untracked 
|  92|0x0000000710400000, 0x0000000710400000, 0x0000000710600000|  0%| F|  |TAMS 0x0000000710400000, 0x0000000710400000| Untracked 
|  93|0x0000000710600000, 0x0000000710600000, 0x0000000710800000|  0%| F|  |TAMS 0x0000000710600000, 0x0000000710600000| Untracked 
|  94|0x0000000710800000, 0x0000000710800000, 0x0000000710a00000|  0%| F|  |TAMS 0x0000000710800000, 0x0000000710800000| Untracked 
|  95|0x0000000710a00000, 0x0000000710a00000, 0x0000000710c00000|  0%| F|  |TAMS 0x0000000710a00000, 0x0000000710a00000| Untracked 
|  96|0x0000000710c00000, 0x0000000710c00000, 0x0000000710e00000|  0%| F|  |TAMS 0x0000000710c00000, 0x0000000710c00000| Untracked 
|  97|0x0000000710e00000, 0x0000000710e00000, 0x0000000711000000|  0%| F|  |TAMS 0x0000000710e00000, 0x0000000710e00000| Untracked 
|  98|0x0000000711000000, 0x0000000711000000, 0x0000000711200000|  0%| F|  |TAMS 0x0000000711000000, 0x0000000711000000| Untracked 
|  99|0x0000000711200000, 0x0000000711200000, 0x0000000711400000|  0%| F|  |TAMS 0x0000000711200000, 0x0000000711200000| Untracked 
| 100|0x0000000711400000, 0x0000000711400000, 0x0000000711600000|  0%| F|  |TAMS 0x0000000711400000, 0x0000000711400000| Untracked 
| 101|0x0000000711600000, 0x0000000711600000, 0x0000000711800000|  0%| F|  |TAMS 0x0000000711600000, 0x0000000711600000| Untracked 
| 102|0x0000000711800000, 0x0000000711800000, 0x0000000711a00000|  0%| F|  |TAMS 0x0000000711800000, 0x0000000711800000| Untracked 
| 103|0x0000000711a00000, 0x0000000711a00000, 0x0000000711c00000|  0%| F|  |TAMS 0x0000000711a00000, 0x0000000711a00000| Untracked 
| 104|0x0000000711c00000, 0x0000000711c00000, 0x0000000711e00000|  0%| F|  |TAMS 0x0000000711c00000, 0x0000000711c00000| Untracked 
| 105|0x0000000711e00000, 0x0000000711e00000, 0x0000000712000000|  0%| F|  |TAMS 0x0000000711e00000, 0x0000000711e00000| Untracked 
| 106|0x0000000712000000, 0x0000000712000000, 0x0000000712200000|  0%| F|  |TAMS 0x0000000712000000, 0x0000000712000000| Untracked 
| 107|0x0000000712200000, 0x0000000712200000, 0x0000000712400000|  0%| F|  |TAMS 0x0000000712200000, 0x0000000712200000| Untracked 
| 108|0x0000000712400000, 0x0000000712400000, 0x0000000712600000|  0%| F|  |TAMS 0x0000000712400000, 0x0000000712400000| Untracked 
| 109|0x0000000712600000, 0x0000000712600000, 0x0000000712800000|  0%| F|  |TAMS 0x0000000712600000, 0x0000000712600000| Untracked 
| 110|0x0000000712800000, 0x0000000712800000, 0x0000000712a00000|  0%| F|  |TAMS 0x0000000712800000, 0x0000000712800000| Untracked 
| 111|0x0000000712a00000, 0x0000000712a00000, 0x0000000712c00000|  0%| F|  |TAMS 0x0000000712a00000, 0x0000000712a00000| Untracked 
| 112|0x0000000712c00000, 0x0000000712c00000, 0x0000000712e00000|  0%| F|  |TAMS 0x0000000712c00000, 0x0000000712c00000| Untracked 
| 113|0x0000000712e00000, 0x0000000712e00000, 0x0000000713000000|  0%| F|  |TAMS 0x0000000712e00000, 0x0000000712e00000| Untracked 
| 114|0x0000000713000000, 0x0000000713000000, 0x0000000713200000|  0%| F|  |TAMS 0x0000000713000000, 0x0000000713000000| Untracked 
| 115|0x0000000713200000, 0x0000000713200000, 0x0000000713400000|  0%| F|  |TAMS 0x0000000713200000, 0x0000000713200000| Untracked 
| 116|0x0000000713400000, 0x0000000713400000, 0x0000000713600000|  0%| F|  |TAMS 0x0000000713400000, 0x0000000713400000| Untracked 
| 117|0x0000000713600000, 0x0000000713600000, 0x0000000713800000|  0%| F|  |TAMS 0x0000000713600000, 0x0000000713600000| Untracked 
| 118|0x0000000713800000, 0x0000000713800000, 0x0000000713a00000|  0%| F|  |TAMS 0x0000000713800000, 0x0000000713800000| Untracked 
| 119|0x0000000713a00000, 0x0000000713a00000, 0x0000000713c00000|  0%| F|  |TAMS 0x0000000713a00000, 0x0000000713a00000| Untracked 
| 120|0x0000000713c00000, 0x0000000713c00000, 0x0000000713e00000|  0%| F|  |TAMS 0x0000000713c00000, 0x0000000713c00000| Untracked 
| 121|0x0000000713e00000, 0x0000000713ef2c08, 0x0000000714000000| 47%| E|  |TAMS 0x0000000713e00000, 0x0000000713e00000| Complete 
| 122|0x0000000714000000, 0x0000000714200000, 0x0000000714200000|100%| E|CS|TAMS 0x0000000714000000, 0x0000000714000000| Complete 
| 123|0x0000000714200000, 0x0000000714400000, 0x0000000714400000|100%| E|CS|TAMS 0x0000000714200000, 0x0000000714200000| Complete 
| 124|0x0000000714400000, 0x0000000714600000, 0x0000000714600000|100%| E|CS|TAMS 0x0000000714400000, 0x0000000714400000| Complete 
| 125|0x0000000714600000, 0x0000000714800000, 0x0000000714800000|100%| E|CS|TAMS 0x0000000714600000, 0x0000000714600000| Complete 

Card table byte_map: [0x000001c110070000,0x000001c110850000] _byte_map_base: 0x000001c10c84a000

Marking Bits (Prev, Next): (CMBitMap*) 0x000001c176e0b260, (CMBitMap*) 0x000001c176e0b2a0
 Prev Bits: [0x000001c111030000, 0x000001c114f00000)
 Next Bits: [0x000001c114f00000, 0x000001c118dd0000)

Polling page: 0x000001c176e70000

Metaspace:

Usage:
  Non-class:      2.57 MB used.
      Class:    200.86 KB used.
       Both:      2.77 MB used.

Virtual space:
  Non-class space:        8.00 MB reserved,       2.62 MB ( 33%) committed,  1 nodes.
      Class space:        1.00 GB reserved,     320.00 KB ( <1%) committed,  1 nodes.
             Both:        1.01 GB reserved,       2.94 MB ( <1%) committed. 

Chunk freelists:
   Non-Class:  2.89 MB
       Class:  3.66 MB
        Both:  6.55 MB

MaxMetaspaceSize: unlimited
CompressedClassSpaceSize: 1.00 GB
Initial GC threshold: 21.00 MB
Current GC threshold: 21.00 MB
CDS: on
MetaspaceReclaimPolicy: balanced
 - commit_granule_bytes: 65536.
 - commit_granule_words: 8192.
 - virtual_space_node_default_size: 1048576.
 - enlarge_chunks_in_place: 1.
 - new_chunks_are_fully_committed: 0.
 - uncommit_free_chunks: 1.
 - use_allocation_guard: 0.
 - handle_deallocations: 1.


Internal statistics:

num_allocs_failed_limit: 0.
num_arena_births: 62.
num_arena_deaths: 0.
num_vsnodes_births: 2.
num_vsnodes_deaths: 0.
num_space_committed: 47.
num_space_uncommitted: 0.
num_chunks_returned_to_freelist: 0.
num_chunks_taken_from_freelist: 121.
num_chunk_merges: 0.
num_chunk_splits: 78.
num_chunks_enlarged: 54.
num_purges: 0.
num_inconsistent_stats: 0.

CodeHeap 'non-profiled nmethods': size=120000Kb used=197Kb max_used=197Kb free=119802Kb
 bounds [0x000001c107ad0000, 0x000001c107d40000, 0x000001c10f000000]
CodeHeap 'profiled nmethods': size=120000Kb used=967Kb max_used=967Kb free=119032Kb
 bounds [0x000001c1005a0000, 0x000001c100810000, 0x000001c107ad0000]
CodeHeap 'non-nmethods': size=5760Kb used=1254Kb max_used=1269Kb free=4505Kb
 bounds [0x000001c100000000, 0x000001c100270000, 0x000001c1005a0000]
 total_blobs=1055 nmethods=584 adapters=384
 compilation: enabled
              stopped_count=0, restarted_count=0
 full_count=0

Compilation events (20 events):
Event: 0.251 Thread 0x000001c11c408140 nmethod 575 0x000001c10068f290 code [0x000001c10068f420, 0x000001c10068f538]
Event: 0.251 Thread 0x000001c11c408140  576       3       org.lwjgl.system.MemoryUtil::memPutAddress (29 bytes)
Event: 0.251 Thread 0x000001c11c408140 nmethod 576 0x000001c10068f610 code [0x000001c10068f7c0, 0x000001c10068f9b8]
Event: 0.251 Thread 0x000001c11c408140  579       3       java.net.URL::<init> (8 bytes)
Event: 0.251 Thread 0x000001c11c408140 nmethod 579 0x000001c10068fa90 code [0x000001c10068fc40, 0x000001c10068fda8]
Event: 0.252 Thread 0x000001c11c9ea7c0 nmethod 570 0x000001c107b00090 code [0x000001c107b00220, 0x000001c107b004d8]
Event: 0.252 Thread 0x000001c11c9ea7c0  577       4       java.lang.Integer::toUnsignedLong (7 bytes)
Event: 0.252 Thread 0x000001c11c9ea7c0 nmethod 577 0x000001c107b00610 code [0x000001c107b00780, 0x000001c107b007d8]
Event: 0.252 Thread 0x000001c11c9ea7c0  578       4       sun.misc.Unsafe::putLong (11 bytes)
Event: 0.252 Thread 0x000001c11c9ea7c0 nmethod 578 0x000001c107b00910 code [0x000001c107b00a80, 0x000001c107b00b38]
Event: 0.254 Thread 0x000001c11c408140  580       3       java.lang.StringConcatHelper::stringOf (20 bytes)
Event: 0.254 Thread 0x000001c11c408140 nmethod 580 0x000001c10068fe90 code [0x000001c100690040, 0x000001c100690288]
Event: 0.254 Thread 0x000001c11c408140  581       3       java.lang.StringConcatHelper::mix (27 bytes)
Event: 0.254 Thread 0x000001c11c408140 nmethod 581 0x000001c100690390 code [0x000001c100690560, 0x000001c100690988]
Event: 0.254 Thread 0x000001c11c408140  582       3       java.lang.StringConcatHelper::checkOverflow (17 bytes)
Event: 0.254 Thread 0x000001c11c408140 nmethod 582 0x000001c100690b90 code [0x000001c100690d40, 0x000001c100690f48]
Event: 0.254 Thread 0x000001c11c408140  583       3       java.lang.StringConcatHelper::prepend (37 bytes)
Event: 0.254 Thread 0x000001c11c408140 nmethod 583 0x000001c100691010 code [0x000001c1006911e0, 0x000001c1006914d8]
Event: 0.254 Thread 0x000001c11c408140  584       3       java.lang.String::getBytes (44 bytes)
Event: 0.254 Thread 0x000001c11c408140 nmethod 584 0x000001c100691610 code [0x000001c1006917e0, 0x000001c100691af8]

GC Heap History (0 events):
No events

Deoptimization events (20 events):
Event: 0.244 Thread 0x000001c176d0e7b0 DEOPT PACKING pc=0x000001c10060623c sp=0x00000001ceffb310
Event: 0.244 Thread 0x000001c176d0e7b0 DEOPT UNPACKING pc=0x000001c100056763 sp=0x00000001ceffa7f0 mode 1
Event: 0.244 Thread 0x000001c176d0e7b0 DEOPT PACKING pc=0x000001c100621814 sp=0x00000001ceffb5e0
Event: 0.244 Thread 0x000001c176d0e7b0 DEOPT UNPACKING pc=0x000001c100056763 sp=0x00000001ceffab50 mode 1
Event: 0.244 Thread 0x000001c176d0e7b0 DEOPT PACKING pc=0x000001c10060623c sp=0x00000001ceffb310
Event: 0.244 Thread 0x000001c176d0e7b0 DEOPT UNPACKING pc=0x000001c100056763 sp=0x00000001ceffa7f0 mode 1
Event: 0.244 Thread 0x000001c176d0e7b0 DEOPT PACKING pc=0x000001c100621814 sp=0x00000001ceffb5e0
Event: 0.244 Thread 0x000001c176d0e7b0 DEOPT UNPACKING pc=0x000001c100056763 sp=0x00000001ceffab50 mode 1
Event: 0.245 Thread 0x000001c176d0e7b0 DEOPT PACKING pc=0x000001c10060623c sp=0x00000001ceffb310
Event: 0.245 Thread 0x000001c176d0e7b0 DEOPT UNPACKING pc=0x000001c100056763 sp=0x00000001ceffa7f0 mode 1
Event: 0.245 Thread 0x000001c176d0e7b0 DEOPT PACKING pc=0x000001c100621814 sp=0x00000001ceffb5e0
Event: 0.245 Thread 0x000001c176d0e7b0 DEOPT UNPACKING pc=0x000001c100056763 sp=0x00000001ceffab50 mode 1
Event: 0.245 Thread 0x000001c176d0e7b0 DEOPT PACKING pc=0x000001c10060623c sp=0x00000001ceffb310
Event: 0.245 Thread 0x000001c176d0e7b0 DEOPT UNPACKING pc=0x000001c100056763 sp=0x00000001ceffa7f0 mode 1
Event: 0.245 Thread 0x000001c176d0e7b0 DEOPT PACKING pc=0x000001c100621814 sp=0x00000001ceffb5e0
Event: 0.245 Thread 0x000001c176d0e7b0 DEOPT UNPACKING pc=0x000001c100056763 sp=0x00000001ceffab50 mode 1
Event: 0.245 Thread 0x000001c176d0e7b0 DEOPT PACKING pc=0x000001c10060623c sp=0x00000001ceffb310
Event: 0.245 Thread 0x000001c176d0e7b0 DEOPT UNPACKING pc=0x000001c100056763 sp=0x00000001ceffa7f0 mode 1
Event: 0.245 Thread 0x000001c176d0e7b0 DEOPT PACKING pc=0x000001c100621814 sp=0x00000001ceffb5e0
Event: 0.245 Thread 0x000001c176d0e7b0 DEOPT UNPACKING pc=0x000001c100056763 sp=0x00000001ceffab50 mode 1

Classes unloaded (0 events):
No events

Classes redefined (0 events):
No events

Internal exceptions (18 events):
Event: 0.122 Thread 0x000001c176d0e7b0 Exception <a 'java/lang/NoSuchMethodError'{0x00000007145d1920}: 'void java.lang.invoke.DirectMethodHandle$Holder.invokeStatic(java.lang.Object, java.lang.Object)'> (0x00000007145d1920) 
thrown [t:\workspace\open\src\hotspot\share\interpreter\linkResolver.cpp, line 766]
Event: 0.126 Thread 0x000001c176d0e7b0 Exception <a 'java/lang/NoSuchMethodError'{0x00000007145dc388}: 'void java.lang.invoke.DirectMethodHandle$Holder.invokeSpecial(java.lang.Object, java.lang.Object, java.lang.Object)'> (0x00000007145dc388) 
thrown [t:\workspace\open\src\hotspot\share\interpreter\linkResolver.cpp, line 766]
Event: 0.129 Thread 0x000001c176d0e7b0 Exception <a 'java/lang/NoSuchMethodError'{0x00000007145f0278}: 'java.lang.Object java.lang.invoke.DirectMethodHandle$Holder.invokeStatic(java.lang.Object, java.lang.Object, int)'> (0x00000007145f0278) 
thrown [t:\workspace\open\src\hotspot\share\interpreter\linkResolver.cpp, line 766]
Event: 0.130 Thread 0x000001c176d0e7b0 Exception <a 'java/lang/NoSuchMethodError'{0x00000007145fbfe8}: 'void java.lang.invoke.DelegatingMethodHandle$Holder.delegate(java.lang.Object, java.lang.Object, int, java.lang.Object)'> (0x00000007145fbfe8) 
thrown [t:\workspace\open\src\hotspot\share\interpreter\linkResolver.cpp, line 766]
Event: 0.131 Thread 0x000001c176d0e7b0 Exception <a 'java/lang/NoSuchMethodError'{0x0000000714200478}: 'int java.lang.invoke.DirectMethodHandle$Holder.invokeSpecial(java.lang.Object, java.lang.Object, java.lang.Object)'> (0x0000000714200478) 
thrown [t:\workspace\open\src\hotspot\share\interpreter\linkResolver.cpp, line 766]
Event: 0.163 Thread 0x000001c176d0e7b0 Exception <a 'sun/nio/fs/WindowsException'{0x00000007142e10a8}> (0x00000007142e10a8) 
thrown [t:\workspace\open\src\hotspot\share\prims\jni.cpp, line 516]
Event: 0.163 Thread 0x000001c176d0e7b0 Exception <a 'sun/nio/fs/WindowsException'{0x00000007142e15f8}> (0x00000007142e15f8) 
thrown [t:\workspace\open\src\hotspot\share\prims\jni.cpp, line 516]
Event: 0.223 Thread 0x000001c176d0e7b0 Exception <a 'sun/nio/fs/WindowsException'{0x0000000714174358}> (0x0000000714174358) 
thrown [t:\workspace\open\src\hotspot\share\prims\jni.cpp, line 516]
Event: 0.223 Thread 0x000001c176d0e7b0 Exception <a 'sun/nio/fs/WindowsException'{0x00000007141746f8}> (0x00000007141746f8) 
thrown [t:\workspace\open\src\hotspot\share\prims\jni.cpp, line 516]
Event: 0.228 Thread 0x000001c176d0e7b0 Exception <a 'sun/nio/fs/WindowsException'{0x0000000714181938}> (0x0000000714181938) 
thrown [t:\workspace\open\src\hotspot\share\prims\jni.cpp, line 516]
Event: 0.228 Thread 0x000001c176d0e7b0 Exception <a 'sun/nio/fs/WindowsException'{0x0000000714181c08}> (0x0000000714181c08) 
thrown [t:\workspace\open\src\hotspot\share\prims\jni.cpp, line 516]
Event: 0.231 Thread 0x000001c176d0e7b0 Exception <a 'java/lang/NoSuchMethodError'{0x00000007141b8e00}: 'java.lang.Object java.lang.invoke.DirectMethodHandle$Holder.invokeStaticInit(java.lang.Object)'> (0x00000007141b8e00) 
thrown [t:\workspace\open\src\hotspot\share\interpreter\linkResolver.cpp, line 766]
Event: 0.236 Thread 0x000001c176d0e7b0 Exception <a 'java/lang/NoSuchMethodError'{0x00000007141d7cc0}: 'int java.lang.invoke.DirectMethodHandle$Holder.invokeStaticInit(java.lang.Object, java.lang.Object, int, long)'> (0x00000007141d7cc0) 
thrown [t:\workspace\open\src\hotspot\share\interpreter\linkResolver.cpp, line 766]
Event: 0.237 Thread 0x000001c176d0e7b0 Exception <a 'java/lang/NoSuchMethodError'{0x00000007141dd830}: 'java.lang.Object java.lang.invoke.DirectMethodHandle$Holder.newInvokeSpecial(java.lang.Object, java.lang.Object, int)'> (0x00000007141dd830) 
thrown [t:\workspace\open\src\hotspot\share\interpreter\linkResolver.cpp, line 766]
Event: 0.239 Thread 0x000001c176d0e7b0 Exception <a 'java/lang/NoSuchMethodError'{0x00000007141edfe0}: 'int java.lang.invoke.DirectMethodHandle$Holder.invokeStaticInit(java.lang.Object, java.lang.Object, long, long)'> (0x00000007141edfe0) 
thrown [t:\workspace\open\src\hotspot\share\interpreter\linkResolver.cpp, line 766]
Event: 0.240 Thread 0x000001c176d0e7b0 Exception <a 'java/lang/NoSuchMethodError'{0x00000007141f4398}: 'java.lang.Object java.lang.invoke.DirectMethodHandle$Holder.newInvokeSpecial(java.lang.Object, java.lang.Object, long)'> (0x00000007141f4398) 
thrown [t:\workspace\open\src\hotspot\share\interpreter\linkResolver.cpp, line 766]
Event: 0.240 Thread 0x000001c176d0e7b0 Exception <a 'java/lang/NoSuchMethodError'{0x00000007141f8688}: 'java.lang.Object java.lang.invoke.Invokers$Holder.linkToTargetMethod(java.lang.Object, long, java.lang.Object)'> (0x00000007141f8688) 
thrown [t:\workspace\open\src\hotspot\share\interpreter\linkResolver.cpp, line 766]
Event: 0.241 Thread 0x000001c176d0e7b0 Exception <a 'java/lang/NoSuchMethodError'{0x0000000713e00000}: 'int java.lang.invoke.DirectMethodHandle$Holder.invokeStaticInit(java.lang.Object, java.lang.Object, java.lang.Object, long)'> (0x0000000713e00000) 
thrown [t:\workspace\open\src\hotspot\share\interpreter\linkResolver.cpp, line 766]

VM Operations (8 events):
Event: 0.064 Executing VM operation: ChangeBreakpoints
Event: 0.064 Executing VM operation: ChangeBreakpoints done
Event: 0.099 Executing VM operation: HandshakeAllThreads
Event: 0.099 Executing VM operation: HandshakeAllThreads done
Event: 0.158 Executing VM operation: HandshakeAllThreads
Event: 0.158 Executing VM operation: HandshakeAllThreads done
Event: 0.193 Executing VM operation: HandshakeAllThreads
Event: 0.193 Executing VM operation: HandshakeAllThreads done

Events (20 events):
Event: 0.234 loading class java/nio/DirectDoubleBufferU
Event: 0.234 loading class java/nio/DirectDoubleBufferU done
Event: 0.234 loading class sun/misc/Unsafe
Event: 0.234 loading class sun/misc/Unsafe done
Event: 0.234 loading class jdk/internal/reflect/UnsafeFieldAccessorFactory
Event: 0.234 loading class jdk/internal/reflect/UnsafeFieldAccessorFactory done
Event: 0.235 loading class jdk/internal/reflect/UnsafeQualifiedStaticObjectFieldAccessorImpl
Event: 0.235 loading class jdk/internal/reflect/UnsafeQualifiedStaticFieldAccessorImpl
Event: 0.235 loading class jdk/internal/reflect/UnsafeQualifiedStaticFieldAccessorImpl done
Event: 0.235 loading class jdk/internal/reflect/UnsafeQualifiedStaticObjectFieldAccessorImpl done
Event: 0.236 loading class java/util/function/LongPredicate
Event: 0.236 loading class java/util/function/LongPredicate done
Event: 0.237 loading class jdk/internal/access/foreign/MemorySegmentProxy
Event: 0.237 loading class jdk/internal/access/foreign/MemorySegmentProxy done
Event: 0.241 loading class java/nio/InvalidMarkException
Event: 0.242 loading class java/nio/InvalidMarkException done
Event: 0.242 loading class java/nio/BufferUnderflowException
Event: 0.242 loading class java/nio/BufferUnderflowException done
Event: 0.249 loading class java/util/Formatter$FixedString
Event: 0.249 loading class java/util/Formatter$FixedString done


Dynamic libraries:
0x00007ff62fb90000 - 0x00007ff62fba0000 	C:\Program Files\Java\jdk-17.0.3.1\bin\java.exe
0x00007ff9a6b70000 - 0x00007ff9a6d68000 	C:\Windows\SYSTEM32\ntdll.dll
0x00007ff9a4bf0000 - 0x00007ff9a4cad000 	C:\Windows\System32\KERNEL32.DLL
0x00007ff9a4760000 - 0x00007ff9a4a56000 	C:\Windows\System32\KERNELBASE.dll
0x00007ff9a42e0000 - 0x00007ff9a43e0000 	C:\Windows\System32\ucrtbase.dll
0x00007ff98a970000 - 0x00007ff98a988000 	C:\Program Files\Java\jdk-17.0.3.1\bin\jli.dll
0x00007ff9a5650000 - 0x00007ff9a56ff000 	C:\Windows\System32\ADVAPI32.dll
0x00007ff9a5700000 - 0x00007ff9a579e000 	C:\Windows\System32\msvcrt.dll
0x00007ff9a4fa0000 - 0x00007ff9a503c000 	C:\Windows\System32\sechost.dll
0x00007ff98a990000 - 0x00007ff98a9aa000 	C:\Program Files\Java\jdk-17.0.3.1\bin\VCRUNTIME140.dll
0x00007ff9a5fe0000 - 0x00007ff9a6106000 	C:\Windows\System32\RPCRT4.dll
0x00007ff9a6430000 - 0x00007ff9a65ce000 	C:\Windows\System32\USER32.dll
0x00007ff9a4a60000 - 0x00007ff9a4a82000 	C:\Windows\System32\win32u.dll
0x00007ff991170000 - 0x00007ff99140a000 	C:\Windows\WinSxS\amd64_microsoft.windows.common-controls_6595b64144ccf1df_6.0.19041.3636_none_60b6a03d71f818d5\COMCTL32.dll
0x00007ff9a6170000 - 0x00007ff9a619c000 	C:\Windows\System32\GDI32.dll
0x00007ff9a43e0000 - 0x00007ff9a44fa000 	C:\Windows\System32\gdi32full.dll
0x00007ff9a4b30000 - 0x00007ff9a4bcd000 	C:\Windows\System32\msvcp_win.dll
0x00007ff99a8c0000 - 0x00007ff99a8ca000 	C:\Windows\SYSTEM32\VERSION.dll
0x00007ff9a4cb0000 - 0x00007ff9a4ce0000 	C:\Windows\System32\IMM32.DLL
0x00007ff98a960000 - 0x00007ff98a96c000 	C:\Program Files\Java\jdk-17.0.3.1\bin\vcruntime140_1.dll
0x00007ff98a8d0000 - 0x00007ff98a95d000 	C:\Program Files\Java\jdk-17.0.3.1\bin\msvcp140.dll
0x00007ff989d10000 - 0x00007ff98a8d0000 	C:\Program Files\Java\jdk-17.0.3.1\bin\server\jvm.dll
0x00007ff9a4d40000 - 0x00007ff9a4d48000 	C:\Windows\System32\PSAPI.DLL
0x00007ff973a40000 - 0x00007ff973a49000 	C:\Windows\SYSTEM32\WSOCK32.dll
0x00007ff995040000 - 0x00007ff995067000 	C:\Windows\SYSTEM32\WINMM.dll
0x00007ff9a65d0000 - 0x00007ff9a663b000 	C:\Windows\System32\WS2_32.dll
0x00007ff9a2d60000 - 0x00007ff9a2d72000 	C:\Windows\SYSTEM32\kernel.appcore.dll
0x00007ff989d00000 - 0x00007ff989d0a000 	C:\Program Files\Java\jdk-17.0.3.1\bin\jimage.dll
0x00007ff9a2790000 - 0x00007ff9a2974000 	C:\Windows\SYSTEM32\DBGHELP.DLL
0x00007ff991e50000 - 0x00007ff991e84000 	C:\Windows\SYSTEM32\dbgcore.DLL
0x00007ff9a4250000 - 0x00007ff9a42d2000 	C:\Windows\System32\bcryptPrimitives.dll
0x00007ff9897d0000 - 0x00007ff98980b000 	C:\Program Files\Java\jdk-17.0.3.1\bin\jdwp.dll
0x00007ff989cd0000 - 0x00007ff989cf5000 	C:\Program Files\Java\jdk-17.0.3.1\bin\java.dll
0x00007ff989bf0000 - 0x00007ff989cc6000 	C:\Program Files\Java\jdk-17.0.3.1\bin\jsvml.dll
0x00007ff9a5890000 - 0x00007ff9a5fd5000 	C:\Windows\System32\SHELL32.dll
0x00007ff9a1d10000 - 0x00007ff9a24ab000 	C:\Windows\SYSTEM32\windows.storage.dll
0x00007ff9a5050000 - 0x00007ff9a53a4000 	C:\Windows\System32\combase.dll
0x00007ff9a3c90000 - 0x00007ff9a3cbd000 	C:\Windows\SYSTEM32\Wldp.dll
0x00007ff9a5460000 - 0x00007ff9a550d000 	C:\Windows\System32\SHCORE.dll
0x00007ff9a4ce0000 - 0x00007ff9a4d35000 	C:\Windows\System32\shlwapi.dll
0x00007ff9a4180000 - 0x00007ff9a41a5000 	C:\Windows\SYSTEM32\profapi.dll
0x00007ff99c2f0000 - 0x00007ff99c2fc000 	C:\Program Files\Java\jdk-17.0.3.1\bin\dt_socket.dll
0x00007ff9a3690000 - 0x00007ff9a36cb000 	C:\Windows\SYSTEM32\IPHLPAPI.DLL
0x00007ff9a39f0000 - 0x00007ff9a3a5a000 	C:\Windows\system32\mswsock.dll
0x00007ff989bd0000 - 0x00007ff989be9000 	C:\Program Files\Java\jdk-17.0.3.1\bin\net.dll
0x00007ff99c0a0000 - 0x00007ff99c1aa000 	C:\Windows\SYSTEM32\WINHTTP.dll
0x00007ff989b90000 - 0x00007ff989ba6000 	C:\Program Files\Java\jdk-17.0.3.1\bin\nio.dll
0x00007ff989b70000 - 0x00007ff989b88000 	C:\Program Files\Java\jdk-17.0.3.1\bin\zip.dll
0x00007ff9890c0000 - 0x00007ff98913b000 	C:\Users\agent\AppData\Local\Temp\lwjgl_agent\3.3.3+5\x64\lwjgl.dll
0x00007ff989060000 - 0x00007ff9890be000 	C:\Users\agent\AppData\Local\Temp\lwjgl_agent\3.3.3+5\x64\lwjgl_opengl.dll
0x00007ff9675f0000 - 0x00007ff967715000 	C:\Windows\SYSTEM32\opengl32.dll
0x00007ff965e30000 - 0x00007ff965e5c000 	C:\Windows\SYSTEM32\GLU32.dll

dbghelp: loaded successfully - version: 4.0.5 - missing functions: none
symbol engine: initialized successfully - sym options: 0x614 - pdb path: .;C:\Program Files\Java\jdk-17.0.3.1\bin;C:\Windows\SYSTEM32;C:\Windows\WinSxS\amd64_microsoft.windows.common-controls_6595b64144ccf1df_6.0.19041.3636_none_60b6a03d71f818d5;C:\Program Files\Java\jdk-17.0.3.1\bin\server;C:\Users\agent\AppData\Local\Temp\lwjgl_agent\3.3.3+5\x64

VM Arguments:
jvm_args: -agentlib:jdwp=transport=dt_socket,server=n,suspend=y,address=127.0.0.1:54012 -Dfile.encoding=windows-1252 -Duser.country=GB -Duser.language=en -Duser.variant 
java_command: Main
java_class_path (initial): C:\Users\agent\Documents\Git Repositories\Grass-Landers\Client\build\classes\java\main;C:\Users\agent\Documents\Git Repositories\Grass-Landers\Client\build\resources\main;C:\Users\agent\.gradle\caches\modules-2\files-2.1\io.netty\netty-all\4.1.101.Final\2761d380bc97e6ce64745dd9ca04538cedd40a5b\netty-all-4.1.101.Final.jar;C:\Users\agent\.gradle\caches\modules-2\files-2.1\org.lwjgl\lwjgl-assimp\3.3.3\c2c34011cbda30ed8cf98bc5cbf97b49afe5279a\lwjgl-assimp-3.3.3.jar;C:\Users\agent\.gradle\caches\modules-2\files-2.1\org.lwjgl\lwjgl-assimp\3.3.3\d90ccdade594716062975cffd1431d387f770ac4\lwjgl-assimp-3.3.3-natives-windows.jar;C:\Users\agent\.gradle\caches\modules-2\files-2.1\org.lwjgl\lwjgl-glfw\3.3.3\efa1eb78c5ccd840e9f329717109b5e892d72f8e\lwjgl-glfw-3.3.3.jar;C:\Users\agent\.gradle\caches\modules-2\files-2.1\org.lwjgl\lwjgl-glfw\3.3.3\e449e28b4891fc423c54c85fbc5bb0b9efece67a\lwjgl-glfw-3.3.3-natives-windows.jar;C:\Users\agent\.gradle\caches\modules-2\files-2.1\org.lwjgl\lwjgl-nfd\3.3.3\f1b41d3a0a2f5cd2a55a6a59a618c87d0348681c\lwjgl-nfd-3.3.3.jar;C:\Users\agent\.gradle\caches\modules-2\files-2.1\org.lwjgl\lwjgl-nfd\3.3.3\3a39132eef695dcb7631adc1d02e493527940d10\lwjgl-nfd-3.3.3-natives-windows.jar;C:\Users\agent\.gradle\caches\modules-2\files-2.1\org.lwjgl\lwjgl-openal\3.3.3\daada81ceb5fc0c291fbfdd4433cb8d9423577f2\lwjgl-openal-3.3.3.jar;C:\Users\agent\.gradle\caches\modules-2\files-2.1\org.lwjgl\lwjgl-openal\3.3.3\cf83862ae95d98496b26915024c7e666d8ab1c8f\lwjgl-openal-3.3.3-natives-windows.jar;C:\Users\agent\.gradle\caches\modules-2\files-2.1\org.lwjgl\lwjgl-opengl\3.3.3\2f6b0147078396a58979125a4c947664e98293a\lwjgl-opengl-3.3.3.jar;C:\Users\agent\.gradle\caches\modules-2\files-2.1\org.lwjgl\lwjgl-opengl\3.3.3\e6c1eec8be8a71951b830a4d69efc01c6531900c\lwjgl-opengl-3.3.3-natives-windows.jar;C:\Users\agent\.gradle\caches\modules-2\files-2.1\org.lwjgl\lwjgl-stb\3.3.3\25dd6161988d7e65f71d5065c99902402ee32746\lwjgl-stb-3.3.3.jar;C:\Users\agent\.gradle
Launcher Type: SUN_STANDARD

[Global flags]
     intx CICompilerCount                          = 4                                         {product} {ergonomic}
     uint ConcGCThreads                            = 2                                         {product} {ergonomic}
     uint G1ConcRefinementThreads                  = 8                                         {product} {ergonomic}
   size_t G1HeapRegionSize                         = 2097152                                   {product} {ergonomic}
    uintx GCDrainStackTargetSize                   = 64                                        {product} {ergonomic}
   size_t InitialHeapSize                          = 264241152                                 {product} {ergonomic}
   size_t MarkStackSize                            = 4194304                                   {product} {ergonomic}
   size_t MaxHeapSize                              = 4215275520                                {product} {ergonomic}
   size_t MaxNewSize                               = 2529165312                                {product} {ergonomic}
   size_t MinHeapDeltaBytes                        = 2097152                                   {product} {ergonomic}
   size_t MinHeapSize                              = 8388608                                   {product} {ergonomic}
    uintx NonNMethodCodeHeapSize                   = 5839372                                {pd product} {ergonomic}
    uintx NonProfiledCodeHeapSize                  = 122909434                              {pd product} {ergonomic}
    uintx ProfiledCodeHeapSize                     = 122909434                              {pd product} {ergonomic}
    uintx ReservedCodeCacheSize                    = 251658240                              {pd product} {ergonomic}
     bool SegmentedCodeCache                       = true                                      {product} {ergonomic}
   size_t SoftMaxHeapSize                          = 4215275520                             {manageable} {ergonomic}
     bool UseCompressedClassPointers               = true                           {product lp64_product} {ergonomic}
     bool UseCompressedOops                        = true                           {product lp64_product} {ergonomic}
     bool UseG1GC                                  = true                                      {product} {ergonomic}
     bool UseLargePagesIndividualAllocation        = false                                  {pd product} {ergonomic}

Logging:
Log output configuration:
 #0: stdout all=warning uptime,level,tags
 #1: stderr all=off uptime,level,tags

Environment Variables:
PATH=C:\Python311\Scripts\;C:\Python311\;C:\Program Files\Common Files\Oracle\Java\javapath;C:\Windows\system32;C:\Windows;C:\Windows\System32\Wbem;C:\Windows\System32\WindowsPowerShell\v1.0\;C:\Windows\System32\OpenSSH\;C:\Program Files\Git\cmd;C:\Program Files\dotnet\;C:\Program Files\Docker\Docker\resources\bin;C:\Program Files\nodejs\;C:\ProgramData\chocolatey\bin;C:\Program Files\gs\gs10.01.2\bin;C:\Program Files (x86)\Microsoft SQL Server\90\Tools\binn\;C:\Users\agent\AppData\Local\Programs\Python\Python310\Scripts\;C:\Users\agent\AppData\Local\Programs\Python\Python310\;C:\Users\agent\AppData\Roaming\local\bin;C:\Users\agent\AppData\Local\Microsoft\WindowsApps;C:\Program Files\JetBrains\IntelliJ IDEA Community Edition 2022.1\bin;C:\Program Files\JetBrains\RubyMine 2022.2.3\bin;C:\Users\agent\.dotnet\tools;C:\Users\agent\AppData\Roaming\npm;C:\Users\agent\AppData\Local\JetBrains\Toolbox\scripts;;C:\Program Files\JetBrains\RubyMine 2022.3.2\bin;
USERNAME=agent
OS=Windows_NT
PROCESSOR_IDENTIFIER=Intel64 Family 6 Model 140 Stepping 1, GenuineIntel



---------------  S Y S T E M  ---------------

OS:
 Windows 10 , 64 bit Build 19041 (10.0.19041.3636)
OS uptime: 1 days 17:18 hours
Hyper-V role detected

CPU: total 8 (initial active 8) (4 cores per cpu, 2 threads per core) family 6 model 140 stepping 1 microcode 0x9a, cx8, cmov, fxsr, ht, mmx, 3dnowpref, sse, sse2, sse3, ssse3, sse4.1, sse4.2, popcnt, lzcnt, tsc, tscinvbit, avx, avx2, aes, erms, clmul, bmi1, bmi2, adx, avx512f, avx512dq, avx512cd, avx512bw, avx512vl, sha, fma, vzeroupper, avx512_vpopcntdq, avx512_vpclmulqdq, avx512_vaes, avx512_vnni, clflush, clflushopt, clwb, avx512_vbmi2, avx512_vbmi, hv

Memory: 4k page, system-wide physical 16075M (2678M free)
TotalPageFile size 32459M (AvailPageFile size 15969M)
current process WorkingSet (physical memory assigned to process): 52M, peak: 52M
current process commit charge ("private bytes"): 350M, peak: 350M

vm_info: Java HotSpot(TM) 64-Bit Server VM (17.0.3.1+2-LTS-6) for windows-amd64 JRE (17.0.3.1+2-LTS-6), built on Apr 25 2022 22:04:21 by "mach5one" with MS VC++ 16.8 / 16.9 (VS2019)

END.
