#
# A fatal error has been detected by the Java Runtime Environment:
#
#  EXCEPTION_ACCESS_VIOLATION (0xc0000005) at pc=0x00007fffb8aee1b7, pid=14832, tid=12344
#
# JRE version: Java(TM) SE Runtime Environment (17.0.7+8) (build 17.0.7+8-LTS-224)
# Java VM: Java HotSpot(TM) 64-Bit Server VM (17.0.7+8-LTS-224, mixed mode, sharing, tiered, compressed oops, compressed class ptrs, g1 gc, windows-amd64)
# Problematic frame:
# C  [lwjgl_opengl.dll+0xe1b7]
#
# No core dump will be written. Minidumps are not enabled by default on client versions of Windows
#
# If you would like to submit a bug report, please visit:
#   https://bugreport.java.com/bugreport/crash.jsp
# The crash happened outside the Java Virtual Machine in native code.
# See problematic frame for where to report the bug.
#

---------------  S U M M A R Y ------------

Command Line: -Dfile.encoding=windows-1252 -Duser.country=GB -Duser.language=en -Duser.variant -ea Main

Host: Intel(R) Core(TM) i7-7700K CPU @ 4.20GHz, 8 cores, 15G,  Windows 10 , 64 bit Build 19041 (10.0.19041.3636)
Time: Sun Dec  3 16:40:37 2023 GMT Standard Time elapsed time: 2.086606 seconds (0d 0h 0m 2s)

---------------  T H R E A D  ---------------

Current thread (0x000001d244803af0):  JavaThread "main" [_thread_in_native, id=12344, stack(0x0000000c2e500000,0x0000000c2e600000)]

Stack: [0x0000000c2e500000,0x0000000c2e600000],  sp=0x0000000c2e5fefe8,  free space=1019k
Native frames: (J=compiled Java code, j=interpreted, Vv=VM code, C=native code)
C  [lwjgl_opengl.dll+0xe1b7]

Java frames: (J=compiled Java code, j=interpreted, Vv=VM code)
j  org.lwjgl.opengl.GL20C.glCreateShader(I)I+0
j  org.lwjgl.opengl.GL20.glCreateShader(I)I+1
j  renderer.Shader.compile()V+2
j  Util.AssetPool.getShader(Ljava/lang/String;)Lrenderer/Shader;+50
j  jade.GameScene.loadResources()V+2
j  jade.GameScene.init()V+1
j  jade.Window.changeScene(Ljade/Scene;)V+1
j  Game.GrassLanders.start()V+27
j  Main.main([Ljava/lang/String;)V+9
v  ~StubRoutines::call_stub

siginfo: EXCEPTION_ACCESS_VIOLATION (0xc0000005), reading address 0x0000000000000e38


Register to memory mapping:

RIP=0x00007fffb8aee1b7 lwjgl_opengl.dll
RAX=0x000001d2684891f0 points into unknown readable memory: 0x0000000000000000 | 00 00 00 00 00 00 00 00
RBX={method} {0x000001d267ce8a20} 'glCreateShader' '(I)I' in 'org/lwjgl/opengl/GL20C'
RCX=0x0 is NULL
RDX=0x0000000c2e5ff078 is pointing into the stack for thread: 0x000001d244803af0
RSP=0x0000000c2e5fefe8 is pointing into the stack for thread: 0x000001d244803af0
RBP=0x0000000c2e5ff068 is pointing into the stack for thread: 0x000001d244803af0
RSI=0x0000000000000220 is an unknown value
RDI=0x0000000000000045 is an unknown value
R8 =0x0000000000008b31 is an unknown value
R9 =0x0000000000000002 is an unknown value
R10=0x000001d2535cd5f2 is at code_begin+946 in an Interpreter codelet
method entry point (kind = native)  [0x000001d2535cd240, 0x000001d2535cdbc0]  2432 bytes
R11=0x00000007106c6f80 is an oop: java.lang.Class 
{0x00000007106c6f80} - klass: 'java/lang/Class'
 - ---- fields (total size 54 words):
 - private volatile transient 'classRedefinedCount' 'I' @12  0
 - private volatile transient 'cachedConstructor' 'Ljava/lang/reflect/Constructor;' @40  NULL (0)
 - private transient 'name' 'Ljava/lang/String;' @44  "org.lwjgl.opengl.GL20C"{0x00000007106c7140} (e20d8e28)
 - private transient 'module' 'Ljava/lang/Module;' @48  a 'java/lang/Module'{0x0000000710c6b470} (e218d68e)
 - private final 'classLoader' 'Ljava/lang/ClassLoader;' @52  a 'jdk/internal/loader/ClassLoaders$AppClassLoader'{0x0000000710c6b2b0} (e218d656)
 - private transient 'classData' 'Ljava/lang/Object;' @56  NULL (0)
 - private transient 'packageName' 'Ljava/lang/String;' @60  "org.lwjgl.opengl"{0x0000000710a50230} (e214a046)
 - private final 'componentType' 'Ljava/lang/Class;' @64  NULL (0)
 - private volatile transient 'reflectionData' 'Ljava/lang/ref/SoftReference;' @68  NULL (0)
 - private volatile transient 'genericInfo' 'Lsun/reflect/generics/repository/ClassRepository;' @72  NULL (0)
 - private volatile transient 'enumConstants' '[Ljava/lang/Object;' @76  NULL (0)
 - private volatile transient 'enumConstantDirectory' 'Ljava/util/Map;' @80  NULL (0)
 - private volatile transient 'annotationData' 'Ljava/lang/Class$AnnotationData;' @84  NULL (0)
 - private volatile transient 'annotationType' 'Lsun/reflect/annotation/AnnotationType;' @88  NULL (0)
 - transient 'classValueMap' 'Ljava/lang/ClassValue$ClassValueMap;' @92  NULL (0)
 - signature: Lorg/lwjgl/opengl/GL20C;
 - fake entry for mirror: 'org/lwjgl/opengl/GL20C'
 - fake entry for array: NULL
 - fake entry for oop_size: 54
 - fake entry for static_oop_field_count: 0
 - public static final 'GL_SHADING_LANGUAGE_VERSION' 'I' @112  35724 (8b8c)
 - public static final 'GL_CURRENT_PROGRAM' 'I' @116  35725 (8b8d)
 - public static final 'GL_SHADER_TYPE' 'I' @120  35663 (8b4f)
 - public static final 'GL_DELETE_STATUS' 'I' @124  35712 (8b80)
 - public static final 'GL_COMPILE_STATUS' 'I' @128  35713 (8b81)
 - public static final 'GL_LINK_STATUS' 'I' @132  35714 (8b82)
 - public static final 'GL_VALIDATE_STATUS' 'I' @136  35715 (8b83)
 - public static final 'GL_INFO_LOG_LENGTH' 'I' @140  35716 (8b84)
 - public static final 'GL_ATTACHED_SHADERS' 'I' @144  35717 (8b85)
 - public static final 'GL_ACTIVE_UNIFORMS' 'I' @148  35718 (8b86)
 - public static final 'GL_ACTIVE_UNIFORM_MAX_LENGTH' 'I' @152  35719 (8b87)
 - public static final 'GL_ACTIVE_ATTRIBUTES' 'I' @156  35721 (8b89)
 - public static final 'GL_ACTIVE_ATTRIBUTE_MAX_LENGTH' 'I' @160  35722 (8b8a)
 - public static final 'GL_SHADER_SOURCE_LENGTH' 'I' @164  35720 (8b88)
 - public static final 'GL_FLOAT_VEC2' 'I' @168  35664 (8b50)
 - public static final 'GL_FLOAT_VEC3' 'I' @172  35665 (8b51)
 - public static final 'GL_FLOAT_VEC4' 'I' @176  35666 (8b52)
 - public static final 'GL_INT_VEC2' 'I' @180  35667 (8b53)
 - public static final 'GL_INT_VEC3' 'I' @184  35668 (8b54)
 - public static final 'GL_INT_VEC4' 'I' @188  35669 (8b55)
 - public static final 'GL_BOOL' 'I' @192  35670 (8b56)
 - public static final 'GL_BOOL_VEC2' 'I' @196  35671 (8b57)
 - public static final 'GL_BOOL_VEC3' 'I' @200  35672 (8b58)
 - public static final 'GL_BOOL_VEC4' 'I' @204  35673 (8b59)
 - public static final 'GL_FLOAT_MAT2' 'I' @208  35674 (8b5a)
 - public static final 'GL_FLOAT_MAT3' 'I' @212  35675 (8b5b)
 - public static final 'GL_FLOAT_MAT4' 'I' @216  35676 (8b5c)
 - public static final 'GL_SAMPLER_1D' 'I' @220  35677 (8b5d)
 - public static final 'GL_SAMPLER_2D' 'I' @224  35678 (8b5e)
 - public static final 'GL_SAMPLER_3D' 'I' @228  35679 (8b5f)
 - public static final 'GL_SAMPLER_CUBE' 'I' @232  35680 (8b60)
 - public static final 'GL_SAMPLER_1D_SHADOW' 'I' @236  35681 (8b61)
 - public static final 'GL_SAMPLER_2D_SHADOW' 'I' @240  35682 (8b62)
 - public static final 'GL_VERTEX_SHADER' 'I' @244  35633 (8b31)
 - public static final 'GL_MAX_VERTEX_UNIFORM_COMPONENTS' 'I' @248  35658 (8b4a)
 - public static final 'GL_MAX_VARYING_FLOATS' 'I' @252  35659 (8b4b)
 - public static final 'GL_MAX_VERTEX_ATTRIBS' 'I' @256  34921 (8869)
 - public static final 'GL_MAX_TEXTURE_IMAGE_UNITS' 'I' @260  34930 (8872)
 - public static final 'GL_MAX_VERTEX_TEXTURE_IMAGE_UNITS' 'I' @264  35660 (8b4c)
 - public static final 'GL_MAX_COMBINED_TEXTURE_IMAGE_UNITS' 'I' @268  35661 (8b4d)
 - public static final 'GL_VERTEX_PROGRAM_POINT_SIZE' 'I' @272  34370 (8642)
 - public static final 'GL_VERTEX_ATTRIB_ARRAY_ENABLED' 'I' @276  34338 (8622)
 - public static final 'GL_VERTEX_ATTRIB_ARRAY_SIZE' 'I' @280  34339 (8623)
 - public static final 'GL_VERTEX_ATTRIB_ARRAY_STRIDE' 'I' @284  34340 (8624)
 - public static final 'GL_VERTEX_ATTRIB_ARRAY_TYPE' 'I' @288  34341 (8625)
 - public static final 'GL_VERTEX_ATTRIB_ARRAY_NORMALIZED' 'I' @292  34922 (886a)
 - public static final 'GL_CURRENT_VERTEX_ATTRIB' 'I' @296  34342 (8626)
 - public static final 'GL_VERTEX_ATTRIB_ARRAY_POINTER' 'I' @300  34373 (8645)
 - public static final 'GL_FRAGMENT_SHADER' 'I' @304  35632 (8b30)
 - public static final 'GL_MAX_FRAGMENT_UNIFORM_COMPONENTS' 'I' @308  35657 (8b49)
 - public static final 'GL_FRAGMENT_SHADER_DERIVATIVE_HINT' 'I' @312  35723 (8b8b)
 - public static final 'GL_MAX_DRAW_BUFFERS' 'I' @316  34852 (8824)
 - public static final 'GL_DRAW_BUFFER0' 'I' @320  34853 (8825)
 - public static final 'GL_DRAW_BUFFER1' 'I' @324  34854 (8826)
 - public static final 'GL_DRAW_BUFFER2' 'I' @328  34855 (8827)
 - public static final 'GL_DRAW_BUFFER3' 'I' @332  34856 (8828)
 - public static final 'GL_DRAW_BUFFER4' 'I' @336  34857 (8829)
 - public static final 'GL_DRAW_BUFFER5' 'I' @340  34858 (882a)
 - public static final 'GL_DRAW_BUFFER6' 'I' @344  34859 (882b)
 - public static final 'GL_DRAW_BUFFER7' 'I' @348  34860 (882c)
 - public static final 'GL_DRAW_BUFFER8' 'I' @352  34861 (882d)
 - public static final 'GL_DRAW_BUFFER9' 'I' @356  34862 (882e)
 - public static final 'GL_DRAW_BUFFER10' 'I' @360  34863 (882f)
 - public static final 'GL_DRAW_BUFFER11' 'I' @364  34864 (8830)
 - public static final 'GL_DRAW_BUFFER12' 'I' @368  34865 (8831)
 - public static final 'GL_DRAW_BUFFER13' 'I' @372  34866 (8832)
 - public static final 'GL_DRAW_BUFFER14' 'I' @376  34867 (8833)
 - public static final 'GL_DRAW_BUFFER15' 'I' @380  34868 (8834)
 - public static final 'GL_POINT_SPRITE_COORD_ORIGIN' 'I' @384  36000 (8ca0)
 - public static final 'GL_LOWER_LEFT' 'I' @388  36001 (8ca1)
 - public static final 'GL_UPPER_LEFT' 'I' @392  36002 (8ca2)
 - public static final 'GL_BLEND_EQUATION_RGB' 'I' @396  32777 (8009)
 - public static final 'GL_BLEND_EQUATION_ALPHA' 'I' @400  34877 (883d)
 - public static final 'GL_STENCIL_BACK_FUNC' 'I' @404  34816 (8800)
 - public static final 'GL_STENCIL_BACK_FAIL' 'I' @408  34817 (8801)
 - public static final 'GL_STENCIL_BACK_PASS_DEPTH_FAIL' 'I' @412  34818 (8802)
 - public static final 'GL_STENCIL_BACK_PASS_DEPTH_PASS' 'I' @416  34819 (8803)
 - public static final 'GL_STENCIL_BACK_REF' 'I' @420  36003 (8ca3)
 - public static final 'GL_STENCIL_BACK_VALUE_MASK' 'I' @424  36004 (8ca4)
 - public static final 'GL_STENCIL_BACK_WRITEMASK' 'I' @428  36005 (8ca5)
R12=0x0 is NULL
R13=0x000001d267ce8a08 is pointing into metadata
R14=0x0000000c2e5ff088 is pointing into the stack for thread: 0x000001d244803af0
R15=0x000001d244803af0 is a thread


Registers:
RAX=0x000001d2684891f0, RBX=0x000001d267ce8a18, RCX=0x0000000000000000, RDX=0x0000000c2e5ff078
RSP=0x0000000c2e5fefe8, RBP=0x0000000c2e5ff068, RSI=0x0000000000000220, RDI=0x0000000000000045
R8 =0x0000000000008b31, R9 =0x0000000000000002, R10=0x000001d2535cd5f2, R11=0x00000007106c6f80
R12=0x0000000000000000, R13=0x000001d267ce8a08, R14=0x0000000c2e5ff088, R15=0x000001d244803af0
RIP=0x00007fffb8aee1b7, EFLAGS=0x0000000000010202

Top of Stack: (sp=0x0000000c2e5fefe8)
0x0000000c2e5fefe8:   000001d2535cd621 000001d267ce8a18
0x0000000c2e5feff8:   0000000000000220 000001d267c0db80
0x0000000c2e5ff008:   000001d244803af0 000001d244803af0
0x0000000c2e5ff018:   000001d2535cd2f6 0000000c2e5ff020
0x0000000c2e5ff028:   000001d267ce8a08 0000000c2e5ff088
0x0000000c2e5ff038:   000001d267d13d70 0000000000000000
0x0000000c2e5ff048:   00000007106c6f80 000001d267ce8a18
0x0000000c2e5ff058:   0000000000000000 0000000c2e5ff088
0x0000000c2e5ff068:   0000000c2e5ff0d8 000001d2535c9612
0x0000000c2e5ff078:   00000007106c6f80 000001d2535caf76
0x0000000c2e5ff088:   0000000000008b31 0000000c2e5ff090
0x0000000c2e5ff098:   000001d267c0db59 0000000c2e5ff0e8
0x0000000c2e5ff0a8:   000001d267c6ba60 0000000000000000
0x0000000c2e5ff0b8:   0000000710aea2b0 000001d267c0db80
0x0000000c2e5ff0c8:   0000000c2e5ff088 0000000c2e5ff0e8
0x0000000c2e5ff0d8:   0000000c2e5ff138 000001d2535c9612 

Instructions: (pc=0x00007fffb8aee1b7)
0x00007fffb8aee0b7:   8b c8 4c 8b 50 18 49 ff a2 f8 0d 00 00 cc cc cc
0x00007fffb8aee0c7:   cc cc cc cc cc cc cc cc cc 48 8b 01 41 8b c8 48
0x00007fffb8aee0d7:   8b 50 18 48 ff a2 00 0e 00 00 cc cc cc cc cc cc
0x00007fffb8aee0e7:   cc cc cc cc cc cc cc cc cc 48 8b 01 45 8b d8 4c
0x00007fffb8aee0f7:   8b 44 24 28 41 8b d1 41 8b cb 4c 8b 50 18 49 ff
0x00007fffb8aee107:   a2 08 0e 00 00 cc cc cc cc 48 8b 01 45 8b d8 4c
0x00007fffb8aee117:   8b 44 24 28 41 8b d1 41 8b cb 4c 8b 50 18 49 ff
0x00007fffb8aee127:   a2 10 0e 00 00 cc cc cc cc 48 8b 01 45 8b d8 4c
0x00007fffb8aee137:   8b 44 24 28 41 8b d1 41 8b cb 4c 8b 50 18 49 ff
0x00007fffb8aee147:   a2 18 0e 00 00 cc cc cc cc 48 8b 01 48 8b 48 18
0x00007fffb8aee157:   48 8b 81 20 0e 00 00 48 ff e0 cc cc cc cc cc cc
0x00007fffb8aee167:   cc cc cc cc cc cc cc cc cc 48 8b 01 41 8b c8 48
0x00007fffb8aee177:   8b 50 18 48 ff a2 28 0e 00 00 cc cc cc cc cc cc
0x00007fffb8aee187:   cc cc cc cc cc cc cc cc cc 48 8b 01 48 8b 48 18
0x00007fffb8aee197:   48 8b 81 30 0e 00 00 41 8b c8 48 ff e0 cc cc cc
0x00007fffb8aee1a7:   cc cc cc cc cc cc cc cc cc 48 8b 01 48 8b 48 18
0x00007fffb8aee1b7:   48 8b 81 38 0e 00 00 41 8b c8 48 ff e0 cc cc cc
0x00007fffb8aee1c7:   cc cc cc cc cc cc cc cc cc 48 8b 01 41 8b c8 48
0x00007fffb8aee1d7:   8b 50 18 48 ff a2 40 0e 00 00 cc cc cc cc cc cc
0x00007fffb8aee1e7:   cc cc cc cc cc cc cc cc cc 48 8b 01 48 8b 48 18
0x00007fffb8aee1f7:   48 8b 81 48 0e 00 00 41 8b c8 48 ff e0 cc cc cc
0x00007fffb8aee207:   cc cc cc cc cc cc cc cc cc 48 8b 01 41 8b d1 41
0x00007fffb8aee217:   8b c8 4c 8b 50 18 49 ff a2 50 0e 00 00 cc cc cc
0x00007fffb8aee227:   cc cc cc cc cc cc cc cc cc 48 8b 01 41 8b d1 41
0x00007fffb8aee237:   8b c8 4c 8b 50 18 49 ff a2 58 0e 00 00 cc cc cc
0x00007fffb8aee247:   cc cc cc cc cc cc cc cc cc 40 53 48 8b 01 41 8b
0x00007fffb8aee257:   d8 4c 8b 44 24 30 41 8b d1 4c 8b 4c 24 38 8b cb
0x00007fffb8aee267:   4c 8b 50 18 5b 49 ff a2 60 0e 00 00 cc cc cc cc
0x00007fffb8aee277:   cc cc cc cc cc cc cc cc cc 48 8b 01 41 8b c8 48
0x00007fffb8aee287:   8b 50 18 48 ff a2 68 0e 00 00 cc cc cc cc cc cc
0x00007fffb8aee297:   cc cc cc cc cc cc cc cc cc 48 8b 01 41 8b c8 48
0x00007fffb8aee2a7:   8b 50 18 48 ff a2 70 0e 00 00 cc cc cc cc cc cc 


Stack slot to memory mapping:
stack at sp + 0 slots: 0x000001d2535cd621 is at code_begin+993 in an Interpreter codelet
method entry point (kind = native)  [0x000001d2535cd240, 0x000001d2535cdbc0]  2432 bytes
stack at sp + 1 slots: {method} {0x000001d267ce8a20} 'glCreateShader' '(I)I' in 'org/lwjgl/opengl/GL20C'
stack at sp + 2 slots: 0x0000000000000220 is an unknown value
stack at sp + 3 slots: {method} {0x000001d267c0db88} 'glCreateShader' '(I)I' in 'org/lwjgl/opengl/GL20'
stack at sp + 4 slots: 0x000001d244803af0 is a thread
stack at sp + 5 slots: 0x000001d244803af0 is a thread
stack at sp + 6 slots: 0x000001d2535cd2f6 is at code_begin+182 in an Interpreter codelet
method entry point (kind = native)  [0x000001d2535cd240, 0x000001d2535cdbc0]  2432 bytes
stack at sp + 7 slots: 0x0000000c2e5ff020 is pointing into the stack for thread: 0x000001d244803af0


---------------  P R O C E S S  ---------------

Threads class SMR info:
_java_thread_list=0x000001d26810a590, length=12, elements={
0x000001d244803af0, 0x000001d2675b9450, 0x000001d2675ba1d0, 0x000001d2675d0a50,
0x000001d2675d2920, 0x000001d2675d51f0, 0x000001d2675d5ab0, 0x000001d2675d70b0,
0x000001d2675e2eb0, 0x000001d268008070, 0x000001d2681260b0, 0x000001d268148b60
}

Java Threads: ( => current thread )
=>0x000001d244803af0 JavaThread "main" [_thread_in_native, id=12344, stack(0x0000000c2e500000,0x0000000c2e600000)]
  0x000001d2675b9450 JavaThread "Reference Handler" daemon [_thread_blocked, id=10132, stack(0x0000000c2ec00000,0x0000000c2ed00000)]
  0x000001d2675ba1d0 JavaThread "Finalizer" daemon [_thread_blocked, id=11204, stack(0x0000000c2ed00000,0x0000000c2ee00000)]
  0x000001d2675d0a50 JavaThread "Signal Dispatcher" daemon [_thread_blocked, id=20616, stack(0x0000000c2ee00000,0x0000000c2ef00000)]
  0x000001d2675d2920 JavaThread "Attach Listener" daemon [_thread_blocked, id=3164, stack(0x0000000c2ef00000,0x0000000c2f000000)]
  0x000001d2675d51f0 JavaThread "Service Thread" daemon [_thread_blocked, id=16028, stack(0x0000000c2f000000,0x0000000c2f100000)]
  0x000001d2675d5ab0 JavaThread "Monitor Deflation Thread" daemon [_thread_blocked, id=10696, stack(0x0000000c2f100000,0x0000000c2f200000)]
  0x000001d2675d70b0 JavaThread "C2 CompilerThread0" daemon [_thread_blocked, id=5772, stack(0x0000000c2f200000,0x0000000c2f300000)]
  0x000001d2675e2eb0 JavaThread "C1 CompilerThread0" daemon [_thread_blocked, id=10396, stack(0x0000000c2f300000,0x0000000c2f400000)]
  0x000001d268008070 JavaThread "Sweeper thread" daemon [_thread_blocked, id=14200, stack(0x0000000c2f400000,0x0000000c2f500000)]
  0x000001d2681260b0 JavaThread "Notification Thread" daemon [_thread_blocked, id=16564, stack(0x0000000c2f500000,0x0000000c2f600000)]
  0x000001d268148b60 JavaThread "Common-Cleaner" daemon [_thread_blocked, id=16560, stack(0x0000000c2f700000,0x0000000c2f800000)]

Other Threads:
  0x000001d2675b4940 VMThread "VM Thread" [stack: 0x0000000c2eb00000,0x0000000c2ec00000] [id=17664]
  0x000001d244888e30 WatcherThread [stack: 0x0000000c2f600000,0x0000000c2f700000] [id=16280]
  0x000001d24486f3d0 GCTaskThread "GC Thread#0" [stack: 0x0000000c2e600000,0x0000000c2e700000] [id=2212]
  0x000001d244881140 ConcurrentGCThread "G1 Main Marker" [stack: 0x0000000c2e700000,0x0000000c2e800000] [id=15812]
  0x000001d244882200 ConcurrentGCThread "G1 Conc#0" [stack: 0x0000000c2e800000,0x0000000c2e900000] [id=11704]
  0x000001d2448d78a0 ConcurrentGCThread "G1 Refine#0" [stack: 0x0000000c2e900000,0x0000000c2ea00000] [id=17180]
  0x000001d2448d81d0 ConcurrentGCThread "G1 Service" [stack: 0x0000000c2ea00000,0x0000000c2eb00000] [id=7996]

Threads with active compile tasks:

VM state: not at safepoint (normal execution)

VM Mutex/Monitor currently owned by a thread: None

Heap address: 0x0000000700e00000, size: 4082 MB, Compressed Oops mode: Zero based, Oop shift amount: 3

CDS archive(s) mapped at: [0x0000000800000000-0x0000000800bd0000-0x0000000800bd0000), size 12386304, SharedBaseAddress: 0x0000000800000000, ArchiveRelocationMode: 0.
Compressed class space mapped at: 0x0000000800c00000-0x0000000840c00000, reserved size: 1073741824
Narrow klass base: 0x0000000800000000, Narrow klass shift: 0, Narrow klass range: 0x100000000

GC Precious Log:
 CPUs: 8 total, 8 available
 Memory: 16322M
 Large Page Support: Disabled
 NUMA Support: Disabled
 Compressed Oops: Enabled (Zero based)
 Heap Region Size: 2M
 Heap Min Capacity: 8M
 Heap Initial Capacity: 256M
 Heap Max Capacity: 4082M
 Pre-touch: Disabled
 Parallel Workers: 8
 Concurrent Workers: 2
 Concurrent Refinement Workers: 8
 Periodic GC: Disabled

Heap:
 garbage-first heap   total 262144K, used 6144K [0x0000000700e00000, 0x0000000800000000)
  region size 2048K, 4 young (8192K), 0 survivors (0K)
 Metaspace       used 2783K, committed 3008K, reserved 1056768K
  class space    used 199K, committed 320K, reserved 1048576K

Heap Regions: E=young(eden), S=young(survivor), O=old, HS=humongous(starts), HC=humongous(continues), CS=collection set, F=free, OA=open archive, CA=closed archive, TAMS=top-at-mark-start (previous, next)
|   0|0x0000000700e00000, 0x0000000700e00000, 0x0000000701000000|  0%| F|  |TAMS 0x0000000700e00000, 0x0000000700e00000| Untracked 
|   1|0x0000000701000000, 0x0000000701000000, 0x0000000701200000|  0%| F|  |TAMS 0x0000000701000000, 0x0000000701000000| Untracked 
|   2|0x0000000701200000, 0x0000000701200000, 0x0000000701400000|  0%| F|  |TAMS 0x0000000701200000, 0x0000000701200000| Untracked 
|   3|0x0000000701400000, 0x0000000701400000, 0x0000000701600000|  0%| F|  |TAMS 0x0000000701400000, 0x0000000701400000| Untracked 
|   4|0x0000000701600000, 0x0000000701600000, 0x0000000701800000|  0%| F|  |TAMS 0x0000000701600000, 0x0000000701600000| Untracked 
|   5|0x0000000701800000, 0x0000000701800000, 0x0000000701a00000|  0%| F|  |TAMS 0x0000000701800000, 0x0000000701800000| Untracked 
|   6|0x0000000701a00000, 0x0000000701a00000, 0x0000000701c00000|  0%| F|  |TAMS 0x0000000701a00000, 0x0000000701a00000| Untracked 
|   7|0x0000000701c00000, 0x0000000701c00000, 0x0000000701e00000|  0%| F|  |TAMS 0x0000000701c00000, 0x0000000701c00000| Untracked 
|   8|0x0000000701e00000, 0x0000000701e00000, 0x0000000702000000|  0%| F|  |TAMS 0x0000000701e00000, 0x0000000701e00000| Untracked 
|   9|0x0000000702000000, 0x0000000702000000, 0x0000000702200000|  0%| F|  |TAMS 0x0000000702000000, 0x0000000702000000| Untracked 
|  10|0x0000000702200000, 0x0000000702200000, 0x0000000702400000|  0%| F|  |TAMS 0x0000000702200000, 0x0000000702200000| Untracked 
|  11|0x0000000702400000, 0x0000000702400000, 0x0000000702600000|  0%| F|  |TAMS 0x0000000702400000, 0x0000000702400000| Untracked 
|  12|0x0000000702600000, 0x0000000702600000, 0x0000000702800000|  0%| F|  |TAMS 0x0000000702600000, 0x0000000702600000| Untracked 
|  13|0x0000000702800000, 0x0000000702800000, 0x0000000702a00000|  0%| F|  |TAMS 0x0000000702800000, 0x0000000702800000| Untracked 
|  14|0x0000000702a00000, 0x0000000702a00000, 0x0000000702c00000|  0%| F|  |TAMS 0x0000000702a00000, 0x0000000702a00000| Untracked 
|  15|0x0000000702c00000, 0x0000000702c00000, 0x0000000702e00000|  0%| F|  |TAMS 0x0000000702c00000, 0x0000000702c00000| Untracked 
|  16|0x0000000702e00000, 0x0000000702e00000, 0x0000000703000000|  0%| F|  |TAMS 0x0000000702e00000, 0x0000000702e00000| Untracked 
|  17|0x0000000703000000, 0x0000000703000000, 0x0000000703200000|  0%| F|  |TAMS 0x0000000703000000, 0x0000000703000000| Untracked 
|  18|0x0000000703200000, 0x0000000703200000, 0x0000000703400000|  0%| F|  |TAMS 0x0000000703200000, 0x0000000703200000| Untracked 
|  19|0x0000000703400000, 0x0000000703400000, 0x0000000703600000|  0%| F|  |TAMS 0x0000000703400000, 0x0000000703400000| Untracked 
|  20|0x0000000703600000, 0x0000000703600000, 0x0000000703800000|  0%| F|  |TAMS 0x0000000703600000, 0x0000000703600000| Untracked 
|  21|0x0000000703800000, 0x0000000703800000, 0x0000000703a00000|  0%| F|  |TAMS 0x0000000703800000, 0x0000000703800000| Untracked 
|  22|0x0000000703a00000, 0x0000000703a00000, 0x0000000703c00000|  0%| F|  |TAMS 0x0000000703a00000, 0x0000000703a00000| Untracked 
|  23|0x0000000703c00000, 0x0000000703c00000, 0x0000000703e00000|  0%| F|  |TAMS 0x0000000703c00000, 0x0000000703c00000| Untracked 
|  24|0x0000000703e00000, 0x0000000703e00000, 0x0000000704000000|  0%| F|  |TAMS 0x0000000703e00000, 0x0000000703e00000| Untracked 
|  25|0x0000000704000000, 0x0000000704000000, 0x0000000704200000|  0%| F|  |TAMS 0x0000000704000000, 0x0000000704000000| Untracked 
|  26|0x0000000704200000, 0x0000000704200000, 0x0000000704400000|  0%| F|  |TAMS 0x0000000704200000, 0x0000000704200000| Untracked 
|  27|0x0000000704400000, 0x0000000704400000, 0x0000000704600000|  0%| F|  |TAMS 0x0000000704400000, 0x0000000704400000| Untracked 
|  28|0x0000000704600000, 0x0000000704600000, 0x0000000704800000|  0%| F|  |TAMS 0x0000000704600000, 0x0000000704600000| Untracked 
|  29|0x0000000704800000, 0x0000000704800000, 0x0000000704a00000|  0%| F|  |TAMS 0x0000000704800000, 0x0000000704800000| Untracked 
|  30|0x0000000704a00000, 0x0000000704a00000, 0x0000000704c00000|  0%| F|  |TAMS 0x0000000704a00000, 0x0000000704a00000| Untracked 
|  31|0x0000000704c00000, 0x0000000704c00000, 0x0000000704e00000|  0%| F|  |TAMS 0x0000000704c00000, 0x0000000704c00000| Untracked 
|  32|0x0000000704e00000, 0x0000000704e00000, 0x0000000705000000|  0%| F|  |TAMS 0x0000000704e00000, 0x0000000704e00000| Untracked 
|  33|0x0000000705000000, 0x0000000705000000, 0x0000000705200000|  0%| F|  |TAMS 0x0000000705000000, 0x0000000705000000| Untracked 
|  34|0x0000000705200000, 0x0000000705200000, 0x0000000705400000|  0%| F|  |TAMS 0x0000000705200000, 0x0000000705200000| Untracked 
|  35|0x0000000705400000, 0x0000000705400000, 0x0000000705600000|  0%| F|  |TAMS 0x0000000705400000, 0x0000000705400000| Untracked 
|  36|0x0000000705600000, 0x0000000705600000, 0x0000000705800000|  0%| F|  |TAMS 0x0000000705600000, 0x0000000705600000| Untracked 
|  37|0x0000000705800000, 0x0000000705800000, 0x0000000705a00000|  0%| F|  |TAMS 0x0000000705800000, 0x0000000705800000| Untracked 
|  38|0x0000000705a00000, 0x0000000705a00000, 0x0000000705c00000|  0%| F|  |TAMS 0x0000000705a00000, 0x0000000705a00000| Untracked 
|  39|0x0000000705c00000, 0x0000000705c00000, 0x0000000705e00000|  0%| F|  |TAMS 0x0000000705c00000, 0x0000000705c00000| Untracked 
|  40|0x0000000705e00000, 0x0000000705e00000, 0x0000000706000000|  0%| F|  |TAMS 0x0000000705e00000, 0x0000000705e00000| Untracked 
|  41|0x0000000706000000, 0x0000000706000000, 0x0000000706200000|  0%| F|  |TAMS 0x0000000706000000, 0x0000000706000000| Untracked 
|  42|0x0000000706200000, 0x0000000706200000, 0x0000000706400000|  0%| F|  |TAMS 0x0000000706200000, 0x0000000706200000| Untracked 
|  43|0x0000000706400000, 0x0000000706400000, 0x0000000706600000|  0%| F|  |TAMS 0x0000000706400000, 0x0000000706400000| Untracked 
|  44|0x0000000706600000, 0x0000000706600000, 0x0000000706800000|  0%| F|  |TAMS 0x0000000706600000, 0x0000000706600000| Untracked 
|  45|0x0000000706800000, 0x0000000706800000, 0x0000000706a00000|  0%| F|  |TAMS 0x0000000706800000, 0x0000000706800000| Untracked 
|  46|0x0000000706a00000, 0x0000000706a00000, 0x0000000706c00000|  0%| F|  |TAMS 0x0000000706a00000, 0x0000000706a00000| Untracked 
|  47|0x0000000706c00000, 0x0000000706c00000, 0x0000000706e00000|  0%| F|  |TAMS 0x0000000706c00000, 0x0000000706c00000| Untracked 
|  48|0x0000000706e00000, 0x0000000706e00000, 0x0000000707000000|  0%| F|  |TAMS 0x0000000706e00000, 0x0000000706e00000| Untracked 
|  49|0x0000000707000000, 0x0000000707000000, 0x0000000707200000|  0%| F|  |TAMS 0x0000000707000000, 0x0000000707000000| Untracked 
|  50|0x0000000707200000, 0x0000000707200000, 0x0000000707400000|  0%| F|  |TAMS 0x0000000707200000, 0x0000000707200000| Untracked 
|  51|0x0000000707400000, 0x0000000707400000, 0x0000000707600000|  0%| F|  |TAMS 0x0000000707400000, 0x0000000707400000| Untracked 
|  52|0x0000000707600000, 0x0000000707600000, 0x0000000707800000|  0%| F|  |TAMS 0x0000000707600000, 0x0000000707600000| Untracked 
|  53|0x0000000707800000, 0x0000000707800000, 0x0000000707a00000|  0%| F|  |TAMS 0x0000000707800000, 0x0000000707800000| Untracked 
|  54|0x0000000707a00000, 0x0000000707a00000, 0x0000000707c00000|  0%| F|  |TAMS 0x0000000707a00000, 0x0000000707a00000| Untracked 
|  55|0x0000000707c00000, 0x0000000707c00000, 0x0000000707e00000|  0%| F|  |TAMS 0x0000000707c00000, 0x0000000707c00000| Untracked 
|  56|0x0000000707e00000, 0x0000000707e00000, 0x0000000708000000|  0%| F|  |TAMS 0x0000000707e00000, 0x0000000707e00000| Untracked 
|  57|0x0000000708000000, 0x0000000708000000, 0x0000000708200000|  0%| F|  |TAMS 0x0000000708000000, 0x0000000708000000| Untracked 
|  58|0x0000000708200000, 0x0000000708200000, 0x0000000708400000|  0%| F|  |TAMS 0x0000000708200000, 0x0000000708200000| Untracked 
|  59|0x0000000708400000, 0x0000000708400000, 0x0000000708600000|  0%| F|  |TAMS 0x0000000708400000, 0x0000000708400000| Untracked 
|  60|0x0000000708600000, 0x0000000708600000, 0x0000000708800000|  0%| F|  |TAMS 0x0000000708600000, 0x0000000708600000| Untracked 
|  61|0x0000000708800000, 0x0000000708800000, 0x0000000708a00000|  0%| F|  |TAMS 0x0000000708800000, 0x0000000708800000| Untracked 
|  62|0x0000000708a00000, 0x0000000708a00000, 0x0000000708c00000|  0%| F|  |TAMS 0x0000000708a00000, 0x0000000708a00000| Untracked 
|  63|0x0000000708c00000, 0x0000000708c00000, 0x0000000708e00000|  0%| F|  |TAMS 0x0000000708c00000, 0x0000000708c00000| Untracked 
|  64|0x0000000708e00000, 0x0000000708e00000, 0x0000000709000000|  0%| F|  |TAMS 0x0000000708e00000, 0x0000000708e00000| Untracked 
|  65|0x0000000709000000, 0x0000000709000000, 0x0000000709200000|  0%| F|  |TAMS 0x0000000709000000, 0x0000000709000000| Untracked 
|  66|0x0000000709200000, 0x0000000709200000, 0x0000000709400000|  0%| F|  |TAMS 0x0000000709200000, 0x0000000709200000| Untracked 
|  67|0x0000000709400000, 0x0000000709400000, 0x0000000709600000|  0%| F|  |TAMS 0x0000000709400000, 0x0000000709400000| Untracked 
|  68|0x0000000709600000, 0x0000000709600000, 0x0000000709800000|  0%| F|  |TAMS 0x0000000709600000, 0x0000000709600000| Untracked 
|  69|0x0000000709800000, 0x0000000709800000, 0x0000000709a00000|  0%| F|  |TAMS 0x0000000709800000, 0x0000000709800000| Untracked 
|  70|0x0000000709a00000, 0x0000000709a00000, 0x0000000709c00000|  0%| F|  |TAMS 0x0000000709a00000, 0x0000000709a00000| Untracked 
|  71|0x0000000709c00000, 0x0000000709c00000, 0x0000000709e00000|  0%| F|  |TAMS 0x0000000709c00000, 0x0000000709c00000| Untracked 
|  72|0x0000000709e00000, 0x0000000709e00000, 0x000000070a000000|  0%| F|  |TAMS 0x0000000709e00000, 0x0000000709e00000| Untracked 
|  73|0x000000070a000000, 0x000000070a000000, 0x000000070a200000|  0%| F|  |TAMS 0x000000070a000000, 0x000000070a000000| Untracked 
|  74|0x000000070a200000, 0x000000070a200000, 0x000000070a400000|  0%| F|  |TAMS 0x000000070a200000, 0x000000070a200000| Untracked 
|  75|0x000000070a400000, 0x000000070a400000, 0x000000070a600000|  0%| F|  |TAMS 0x000000070a400000, 0x000000070a400000| Untracked 
|  76|0x000000070a600000, 0x000000070a600000, 0x000000070a800000|  0%| F|  |TAMS 0x000000070a600000, 0x000000070a600000| Untracked 
|  77|0x000000070a800000, 0x000000070a800000, 0x000000070aa00000|  0%| F|  |TAMS 0x000000070a800000, 0x000000070a800000| Untracked 
|  78|0x000000070aa00000, 0x000000070aa00000, 0x000000070ac00000|  0%| F|  |TAMS 0x000000070aa00000, 0x000000070aa00000| Untracked 
|  79|0x000000070ac00000, 0x000000070ac00000, 0x000000070ae00000|  0%| F|  |TAMS 0x000000070ac00000, 0x000000070ac00000| Untracked 
|  80|0x000000070ae00000, 0x000000070ae00000, 0x000000070b000000|  0%| F|  |TAMS 0x000000070ae00000, 0x000000070ae00000| Untracked 
|  81|0x000000070b000000, 0x000000070b000000, 0x000000070b200000|  0%| F|  |TAMS 0x000000070b000000, 0x000000070b000000| Untracked 
|  82|0x000000070b200000, 0x000000070b200000, 0x000000070b400000|  0%| F|  |TAMS 0x000000070b200000, 0x000000070b200000| Untracked 
|  83|0x000000070b400000, 0x000000070b400000, 0x000000070b600000|  0%| F|  |TAMS 0x000000070b400000, 0x000000070b400000| Untracked 
|  84|0x000000070b600000, 0x000000070b600000, 0x000000070b800000|  0%| F|  |TAMS 0x000000070b600000, 0x000000070b600000| Untracked 
|  85|0x000000070b800000, 0x000000070b800000, 0x000000070ba00000|  0%| F|  |TAMS 0x000000070b800000, 0x000000070b800000| Untracked 
|  86|0x000000070ba00000, 0x000000070ba00000, 0x000000070bc00000|  0%| F|  |TAMS 0x000000070ba00000, 0x000000070ba00000| Untracked 
|  87|0x000000070bc00000, 0x000000070bc00000, 0x000000070be00000|  0%| F|  |TAMS 0x000000070bc00000, 0x000000070bc00000| Untracked 
|  88|0x000000070be00000, 0x000000070be00000, 0x000000070c000000|  0%| F|  |TAMS 0x000000070be00000, 0x000000070be00000| Untracked 
|  89|0x000000070c000000, 0x000000070c000000, 0x000000070c200000|  0%| F|  |TAMS 0x000000070c000000, 0x000000070c000000| Untracked 
|  90|0x000000070c200000, 0x000000070c200000, 0x000000070c400000|  0%| F|  |TAMS 0x000000070c200000, 0x000000070c200000| Untracked 
|  91|0x000000070c400000, 0x000000070c400000, 0x000000070c600000|  0%| F|  |TAMS 0x000000070c400000, 0x000000070c400000| Untracked 
|  92|0x000000070c600000, 0x000000070c600000, 0x000000070c800000|  0%| F|  |TAMS 0x000000070c600000, 0x000000070c600000| Untracked 
|  93|0x000000070c800000, 0x000000070c800000, 0x000000070ca00000|  0%| F|  |TAMS 0x000000070c800000, 0x000000070c800000| Untracked 
|  94|0x000000070ca00000, 0x000000070ca00000, 0x000000070cc00000|  0%| F|  |TAMS 0x000000070ca00000, 0x000000070ca00000| Untracked 
|  95|0x000000070cc00000, 0x000000070cc00000, 0x000000070ce00000|  0%| F|  |TAMS 0x000000070cc00000, 0x000000070cc00000| Untracked 
|  96|0x000000070ce00000, 0x000000070ce00000, 0x000000070d000000|  0%| F|  |TAMS 0x000000070ce00000, 0x000000070ce00000| Untracked 
|  97|0x000000070d000000, 0x000000070d000000, 0x000000070d200000|  0%| F|  |TAMS 0x000000070d000000, 0x000000070d000000| Untracked 
|  98|0x000000070d200000, 0x000000070d200000, 0x000000070d400000|  0%| F|  |TAMS 0x000000070d200000, 0x000000070d200000| Untracked 
|  99|0x000000070d400000, 0x000000070d400000, 0x000000070d600000|  0%| F|  |TAMS 0x000000070d400000, 0x000000070d400000| Untracked 
| 100|0x000000070d600000, 0x000000070d600000, 0x000000070d800000|  0%| F|  |TAMS 0x000000070d600000, 0x000000070d600000| Untracked 
| 101|0x000000070d800000, 0x000000070d800000, 0x000000070da00000|  0%| F|  |TAMS 0x000000070d800000, 0x000000070d800000| Untracked 
| 102|0x000000070da00000, 0x000000070da00000, 0x000000070dc00000|  0%| F|  |TAMS 0x000000070da00000, 0x000000070da00000| Untracked 
| 103|0x000000070dc00000, 0x000000070dc00000, 0x000000070de00000|  0%| F|  |TAMS 0x000000070dc00000, 0x000000070dc00000| Untracked 
| 104|0x000000070de00000, 0x000000070de00000, 0x000000070e000000|  0%| F|  |TAMS 0x000000070de00000, 0x000000070de00000| Untracked 
| 105|0x000000070e000000, 0x000000070e000000, 0x000000070e200000|  0%| F|  |TAMS 0x000000070e000000, 0x000000070e000000| Untracked 
| 106|0x000000070e200000, 0x000000070e200000, 0x000000070e400000|  0%| F|  |TAMS 0x000000070e200000, 0x000000070e200000| Untracked 
| 107|0x000000070e400000, 0x000000070e400000, 0x000000070e600000|  0%| F|  |TAMS 0x000000070e400000, 0x000000070e400000| Untracked 
| 108|0x000000070e600000, 0x000000070e600000, 0x000000070e800000|  0%| F|  |TAMS 0x000000070e600000, 0x000000070e600000| Untracked 
| 109|0x000000070e800000, 0x000000070e800000, 0x000000070ea00000|  0%| F|  |TAMS 0x000000070e800000, 0x000000070e800000| Untracked 
| 110|0x000000070ea00000, 0x000000070ea00000, 0x000000070ec00000|  0%| F|  |TAMS 0x000000070ea00000, 0x000000070ea00000| Untracked 
| 111|0x000000070ec00000, 0x000000070ec00000, 0x000000070ee00000|  0%| F|  |TAMS 0x000000070ec00000, 0x000000070ec00000| Untracked 
| 112|0x000000070ee00000, 0x000000070ee00000, 0x000000070f000000|  0%| F|  |TAMS 0x000000070ee00000, 0x000000070ee00000| Untracked 
| 113|0x000000070f000000, 0x000000070f000000, 0x000000070f200000|  0%| F|  |TAMS 0x000000070f000000, 0x000000070f000000| Untracked 
| 114|0x000000070f200000, 0x000000070f200000, 0x000000070f400000|  0%| F|  |TAMS 0x000000070f200000, 0x000000070f200000| Untracked 
| 115|0x000000070f400000, 0x000000070f400000, 0x000000070f600000|  0%| F|  |TAMS 0x000000070f400000, 0x000000070f400000| Untracked 
| 116|0x000000070f600000, 0x000000070f600000, 0x000000070f800000|  0%| F|  |TAMS 0x000000070f600000, 0x000000070f600000| Untracked 
| 117|0x000000070f800000, 0x000000070f800000, 0x000000070fa00000|  0%| F|  |TAMS 0x000000070f800000, 0x000000070f800000| Untracked 
| 118|0x000000070fa00000, 0x000000070fa00000, 0x000000070fc00000|  0%| F|  |TAMS 0x000000070fa00000, 0x000000070fa00000| Untracked 
| 119|0x000000070fc00000, 0x000000070fc00000, 0x000000070fe00000|  0%| F|  |TAMS 0x000000070fc00000, 0x000000070fc00000| Untracked 
| 120|0x000000070fe00000, 0x000000070fe00000, 0x0000000710000000|  0%| F|  |TAMS 0x000000070fe00000, 0x000000070fe00000| Untracked 
| 121|0x0000000710000000, 0x0000000710000000, 0x0000000710200000|  0%| F|  |TAMS 0x0000000710000000, 0x0000000710000000| Untracked 
| 122|0x0000000710200000, 0x0000000710200000, 0x0000000710400000|  0%| F|  |TAMS 0x0000000710200000, 0x0000000710200000| Untracked 
| 123|0x0000000710400000, 0x0000000710400000, 0x0000000710600000|  0%| F|  |TAMS 0x0000000710400000, 0x0000000710400000| Untracked 
| 124|0x0000000710600000, 0x00000007106efdc8, 0x0000000710800000| 46%| E|  |TAMS 0x0000000710600000, 0x0000000710600000| Complete 
| 125|0x0000000710800000, 0x0000000710a00000, 0x0000000710a00000|100%| E|CS|TAMS 0x0000000710800000, 0x0000000710800000| Complete 
| 126|0x0000000710a00000, 0x0000000710c00000, 0x0000000710c00000|100%| E|CS|TAMS 0x0000000710a00000, 0x0000000710a00000| Complete 
| 127|0x0000000710c00000, 0x0000000710e00000, 0x0000000710e00000|100%| E|CS|TAMS 0x0000000710c00000, 0x0000000710c00000| Complete 

Card table byte_map: [0x000001d25bbd0000,0x000001d25c3d0000] _byte_map_base: 0x000001d2583c9000

Marking Bits (Prev, Next): (CMBitMap*) 0x000001d244870900, (CMBitMap*) 0x000001d244870940
 Prev Bits: [0x000001d25cbd0000, 0x000001d260b98000)
 Next Bits: [0x000001d260ba0000, 0x000001d264b68000)

Polling page: 0x000001d2429a0000

Metaspace:

Usage:
  Non-class:      2.52 MB used.
      Class:    199.03 KB used.
       Both:      2.72 MB used.

Virtual space:
  Non-class space:        8.00 MB reserved,       2.62 MB ( 33%) committed,  1 nodes.
      Class space:        1.00 GB reserved,     320.00 KB ( <1%) committed,  1 nodes.
             Both:        1.01 GB reserved,       2.94 MB ( <1%) committed. 

Chunk freelists:
   Non-Class:  2.91 MB
       Class:  3.67 MB
        Both:  6.57 MB

MaxMetaspaceSize: unlimited
CompressedClassSpaceSize: 1.00 GB
Initial GC threshold: 21.00 MB
Current GC threshold: 21.00 MB
CDS: on
MetaspaceReclaimPolicy: balanced
 - commit_granule_bytes: 65536.
 - commit_granule_words: 8192.
 - virtual_space_node_default_size: 1048576.
 - enlarge_chunks_in_place: 1.
 - new_chunks_are_fully_committed: 0.
 - uncommit_free_chunks: 1.
 - use_allocation_guard: 0.
 - handle_deallocations: 1.


Internal statistics:

num_allocs_failed_limit: 0.
num_arena_births: 62.
num_arena_deaths: 0.
num_vsnodes_births: 2.
num_vsnodes_deaths: 0.
num_space_committed: 47.
num_space_uncommitted: 0.
num_chunks_returned_to_freelist: 0.
num_chunks_taken_from_freelist: 124.
num_chunk_merges: 0.
num_chunk_splits: 78.
num_chunks_enlarged: 52.
num_purges: 0.
num_inconsistent_stats: 0.

CodeHeap 'non-profiled nmethods': size=120000Kb used=164Kb max_used=164Kb free=119835Kb
 bounds [0x000001d253b60000, 0x000001d253dd0000, 0x000001d25b090000]
CodeHeap 'profiled nmethods': size=120000Kb used=864Kb max_used=864Kb free=119135Kb
 bounds [0x000001d24c090000, 0x000001d24c300000, 0x000001d2535c0000]
CodeHeap 'non-nmethods': size=5760Kb used=1172Kb max_used=1186Kb free=4587Kb
 bounds [0x000001d2535c0000, 0x000001d253830000, 0x000001d253b60000]
 total_blobs=1002 nmethods=531 adapters=384
 compilation: enabled
              stopped_count=0, restarted_count=0
 full_count=0

Compilation events (20 events):
Event: 2.050 Thread 0x000001d2675e2eb0  525       3       jdk.internal.misc.Unsafe::copyMemory (33 bytes)
Event: 2.050 Thread 0x000001d2675e2eb0 nmethod 525 0x000001d24c164310 code [0x000001d24c1645c0, 0x000001d24c165318]
Event: 2.050 Thread 0x000001d2675e2eb0  527       3       java.net.URL::<init> (8 bytes)
Event: 2.051 Thread 0x000001d2675e2eb0 nmethod 527 0x000001d24c165910 code [0x000001d24c165ac0, 0x000001d24c165c08]
Event: 2.051 Thread 0x000001d2675e2eb0  529       3       java.lang.Integer::toUnsignedLong (7 bytes)
Event: 2.051 Thread 0x000001d2675e2eb0 nmethod 529 0x000001d24c165c90 code [0x000001d24c165e20, 0x000001d24c165f18]
Event: 2.051 Thread 0x000001d2675e2eb0  530       3       sun.misc.Unsafe::putLong (11 bytes)
Event: 2.051 Thread 0x000001d2675e2eb0 nmethod 530 0x000001d24c165f90 code [0x000001d24c166120, 0x000001d24c166238]
Event: 2.051 Thread 0x000001d2675e2eb0  531       3       org.lwjgl.system.MemoryUtil::memPutAddress (29 bytes)
Event: 2.051 Thread 0x000001d2675d70b0  532       4       java.lang.Integer::toUnsignedLong (7 bytes)
Event: 2.051 Thread 0x000001d2675e2eb0 nmethod 531 0x000001d24c166310 code [0x000001d24c1664c0, 0x000001d24c1666b8]
Event: 2.051 Thread 0x000001d2675e2eb0  526       3       jdk.internal.misc.Unsafe::copyMemoryChecks (21 bytes)
Event: 2.051 Thread 0x000001d2675d70b0 nmethod 532 0x000001d253b88810 code [0x000001d253b88980, 0x000001d253b889d8]
Event: 2.051 Thread 0x000001d2675d70b0  533       4       sun.misc.Unsafe::putLong (11 bytes)
Event: 2.051 Thread 0x000001d2675d70b0 nmethod 533 0x000001d253b88b10 code [0x000001d253b88c80, 0x000001d253b88d18]
Event: 2.051 Thread 0x000001d2675e2eb0 nmethod 526 0x000001d24c166790 code [0x000001d24c166a40, 0x000001d24c1677a8]
Event: 2.051 Thread 0x000001d2675e2eb0  534       1       java.security.CodeSource::getLocation (5 bytes)
Event: 2.051 Thread 0x000001d2675e2eb0 nmethod 534 0x000001d253b88e10 code [0x000001d253b88fa0, 0x000001d253b89078]
Event: 2.053 Thread 0x000001d2675e2eb0  535       3       java.io.InputStream::<init> (5 bytes)
Event: 2.053 Thread 0x000001d2675e2eb0 nmethod 535 0x000001d24c167d10 code [0x000001d24c167ea0, 0x000001d24c167ff8]

GC Heap History (0 events):
No events

Deoptimization events (20 events):
Event: 1.529 Thread 0x000001d244803af0 DEOPT PACKING pc=0x000001d253b7ff00 sp=0x0000000c2e5fcc60
Event: 1.529 Thread 0x000001d244803af0 DEOPT UNPACKING pc=0x000001d2536123a3 sp=0x0000000c2e5fcbd0 mode 2
Event: 1.530 Thread 0x000001d244803af0 DEOPT PACKING pc=0x000001d24c145b72 sp=0x0000000c2e5fcc50
Event: 1.530 Thread 0x000001d244803af0 DEOPT UNPACKING pc=0x000001d253612b43 sp=0x0000000c2e5fc0c8 mode 0
Event: 1.531 Thread 0x000001d244803af0 DEOPT PACKING pc=0x000001d24c145b72 sp=0x0000000c2e5fcc50
Event: 1.531 Thread 0x000001d244803af0 DEOPT UNPACKING pc=0x000001d253612b43 sp=0x0000000c2e5fc0c8 mode 0
Event: 1.531 Thread 0x000001d244803af0 DEOPT PACKING pc=0x000001d24c145b72 sp=0x0000000c2e5fcc50
Event: 1.531 Thread 0x000001d244803af0 DEOPT UNPACKING pc=0x000001d253612b43 sp=0x0000000c2e5fc0c8 mode 0
Event: 1.531 Thread 0x000001d244803af0 DEOPT PACKING pc=0x000001d24c145b72 sp=0x0000000c2e5fcc50
Event: 1.531 Thread 0x000001d244803af0 DEOPT UNPACKING pc=0x000001d253612b43 sp=0x0000000c2e5fc0c8 mode 0
Event: 1.531 Thread 0x000001d244803af0 DEOPT PACKING pc=0x000001d24c145b72 sp=0x0000000c2e5fcc50
Event: 1.531 Thread 0x000001d244803af0 DEOPT UNPACKING pc=0x000001d253612b43 sp=0x0000000c2e5fc0c8 mode 0
Event: 1.537 Thread 0x000001d244803af0 DEOPT PACKING pc=0x000001d24c145b72 sp=0x0000000c2e5fcc50
Event: 1.537 Thread 0x000001d244803af0 DEOPT UNPACKING pc=0x000001d253612b43 sp=0x0000000c2e5fc0c8 mode 0
Event: 1.537 Thread 0x000001d244803af0 DEOPT PACKING pc=0x000001d24c145b72 sp=0x0000000c2e5fcc50
Event: 1.537 Thread 0x000001d244803af0 DEOPT UNPACKING pc=0x000001d253612b43 sp=0x0000000c2e5fc0c8 mode 0
Event: 1.537 Thread 0x000001d244803af0 DEOPT PACKING pc=0x000001d24c145b72 sp=0x0000000c2e5fcc50
Event: 1.537 Thread 0x000001d244803af0 DEOPT UNPACKING pc=0x000001d253612b43 sp=0x0000000c2e5fc0c8 mode 0
Event: 1.727 Thread 0x000001d244803af0 DEOPT PACKING pc=0x000001d24c145b72 sp=0x0000000c2e5fcc50
Event: 1.727 Thread 0x000001d244803af0 DEOPT UNPACKING pc=0x000001d253612b43 sp=0x0000000c2e5fc0c8 mode 0

Classes unloaded (0 events):
No events

Classes redefined (0 events):
No events

Internal exceptions (19 events):
Event: 0.250 Thread 0x000001d244803af0 Exception <a 'java/lang/NoSuchMethodError'{0x0000000710b704c0}: 'void java.lang.invoke.DirectMethodHandle$Holder.invokeStatic(java.lang.Object, java.lang.Object)'> (0x0000000710b704c0) 
thrown [s\open\src\hotspot\share\interpreter\linkResolver.cpp, line 759]
Event: 0.253 Thread 0x000001d244803af0 Exception <a 'java/lang/NoSuchMethodError'{0x0000000710b7af28}: 'void java.lang.invoke.DirectMethodHandle$Holder.invokeSpecial(java.lang.Object, java.lang.Object, java.lang.Object)'> (0x0000000710b7af28) 
thrown [s\open\src\hotspot\share\interpreter\linkResolver.cpp, line 759]
Event: 0.258 Thread 0x000001d244803af0 Exception <a 'java/lang/NoSuchMethodError'{0x0000000710b8ee18}: 'java.lang.Object java.lang.invoke.DirectMethodHandle$Holder.invokeStatic(java.lang.Object, java.lang.Object, int)'> (0x0000000710b8ee18) 
thrown [s\open\src\hotspot\share\interpreter\linkResolver.cpp, line 759]
Event: 0.260 Thread 0x000001d244803af0 Exception <a 'java/lang/NoSuchMethodError'{0x0000000710b9ab88}: 'void java.lang.invoke.DelegatingMethodHandle$Holder.delegate(java.lang.Object, java.lang.Object, int, java.lang.Object)'> (0x0000000710b9ab88) 
thrown [s\open\src\hotspot\share\interpreter\linkResolver.cpp, line 759]
Event: 0.260 Thread 0x000001d244803af0 Exception <a 'java/lang/NoSuchMethodError'{0x0000000710b9edc8}: 'int java.lang.invoke.DirectMethodHandle$Holder.invokeSpecial(java.lang.Object, java.lang.Object, java.lang.Object)'> (0x0000000710b9edc8) 
thrown [s\open\src\hotspot\share\interpreter\linkResolver.cpp, line 759]
Event: 0.698 Thread 0x000001d244803af0 Exception <a 'sun/nio/fs/WindowsException'{0x0000000710882118}> (0x0000000710882118) 
thrown [s\open\src\hotspot\share\prims\jni.cpp, line 516]
Event: 0.699 Thread 0x000001d244803af0 Exception <a 'sun/nio/fs/WindowsException'{0x0000000710882668}> (0x0000000710882668) 
thrown [s\open\src\hotspot\share\prims\jni.cpp, line 516]
Event: 1.515 Thread 0x000001d244803af0 Exception <a 'sun/nio/fs/WindowsException'{0x0000000710965030}> (0x0000000710965030) 
thrown [s\open\src\hotspot\share\prims\jni.cpp, line 516]
Event: 1.515 Thread 0x000001d244803af0 Exception <a 'sun/nio/fs/WindowsException'{0x00000007109653d0}> (0x00000007109653d0) 
thrown [s\open\src\hotspot\share\prims\jni.cpp, line 516]
Event: 1.529 Thread 0x000001d244803af0 Implicit null exception at 0x000001d253b7f453 to 0x000001d253b7fee4
Event: 1.858 Thread 0x000001d244803af0 Exception <a 'sun/nio/fs/WindowsException'{0x0000000710970808}> (0x0000000710970808) 
thrown [s\open\src\hotspot\share\prims\jni.cpp, line 516]
Event: 1.858 Thread 0x000001d244803af0 Exception <a 'sun/nio/fs/WindowsException'{0x0000000710970ad8}> (0x0000000710970ad8) 
thrown [s\open\src\hotspot\share\prims\jni.cpp, line 516]
Event: 1.967 Thread 0x000001d244803af0 Exception <a 'java/lang/NoSuchMethodError'{0x00000007109a7c58}: 'java.lang.Object java.lang.invoke.DirectMethodHandle$Holder.invokeStaticInit(java.lang.Object)'> (0x00000007109a7c58) 
thrown [s\open\src\hotspot\share\interpreter\linkResolver.cpp, line 759]
Event: 2.016 Thread 0x000001d244803af0 Exception <a 'java/lang/NoSuchMethodError'{0x00000007109c6900}: 'int java.lang.invoke.DirectMethodHandle$Holder.invokeStaticInit(java.lang.Object, java.lang.Object, int, long)'> (0x00000007109c6900) 
thrown [s\open\src\hotspot\share\interpreter\linkResolver.cpp, line 759]
Event: 2.017 Thread 0x000001d244803af0 Exception <a 'java/lang/NoSuchMethodError'{0x00000007109cc470}: 'java.lang.Object java.lang.invoke.DirectMethodHandle$Holder.newInvokeSpecial(java.lang.Object, java.lang.Object, int)'> (0x00000007109cc470) 
thrown [s\open\src\hotspot\share\interpreter\linkResolver.cpp, line 759]
Event: 2.025 Thread 0x000001d244803af0 Exception <a 'java/lang/NoSuchMethodError'{0x00000007109dced8}: 'int java.lang.invoke.DirectMethodHandle$Holder.invokeStaticInit(java.lang.Object, java.lang.Object, long, long)'> (0x00000007109dced8) 
thrown [s\open\src\hotspot\share\interpreter\linkResolver.cpp, line 759]
Event: 2.032 Thread 0x000001d244803af0 Exception <a 'java/lang/NoSuchMethodError'{0x00000007109e3290}: 'java.lang.Object java.lang.invoke.DirectMethodHandle$Holder.newInvokeSpecial(java.lang.Object, java.lang.Object, long)'> (0x00000007109e3290) 
thrown [s\open\src\hotspot\share\interpreter\linkResolver.cpp, line 759]
Event: 2.034 Thread 0x000001d244803af0 Exception <a 'java/lang/NoSuchMethodError'{0x00000007109e7580}: 'java.lang.Object java.lang.invoke.Invokers$Holder.linkToTargetMethod(java.lang.Object, long, java.lang.Object)'> (0x00000007109e7580) 
thrown [s\open\src\hotspot\share\interpreter\linkResolver.cpp, line 759]
Event: 2.035 Thread 0x000001d244803af0 Exception <a 'java/lang/NoSuchMethodError'{0x00000007109eec98}: 'int java.lang.invoke.DirectMethodHandle$Holder.invokeStaticInit(java.lang.Object, java.lang.Object, java.lang.Object, long)'> (0x00000007109eec98) 
thrown [s\open\src\hotspot\share\interpreter\linkResolver.cpp, line 759]

VM Operations (8 events):
Event: 0.182 Executing VM operation: HandshakeAllThreads
Event: 0.182 Executing VM operation: HandshakeAllThreads done
Event: 0.647 Executing VM operation: HandshakeAllThreads
Event: 0.647 Executing VM operation: HandshakeAllThreads done
Event: 0.980 Executing VM operation: HandshakeAllThreads
Event: 0.980 Executing VM operation: HandshakeAllThreads done
Event: 1.980 Executing VM operation: Cleanup
Event: 1.980 Executing VM operation: Cleanup done

Events (20 events):
Event: 2.013 loading class java/nio/DirectDoubleBufferU
Event: 2.014 loading class java/nio/DirectDoubleBufferU done
Event: 2.014 loading class sun/misc/Unsafe
Event: 2.014 loading class sun/misc/Unsafe done
Event: 2.014 loading class jdk/internal/reflect/UnsafeFieldAccessorFactory
Event: 2.014 loading class jdk/internal/reflect/UnsafeFieldAccessorFactory done
Event: 2.015 loading class jdk/internal/reflect/UnsafeQualifiedStaticObjectFieldAccessorImpl
Event: 2.015 loading class jdk/internal/reflect/UnsafeQualifiedStaticFieldAccessorImpl
Event: 2.015 loading class jdk/internal/reflect/UnsafeQualifiedStaticFieldAccessorImpl done
Event: 2.015 loading class jdk/internal/reflect/UnsafeQualifiedStaticObjectFieldAccessorImpl done
Event: 2.016 loading class java/util/function/LongPredicate
Event: 2.016 loading class java/util/function/LongPredicate done
Event: 2.018 loading class jdk/internal/access/foreign/MemorySegmentProxy
Event: 2.018 loading class jdk/internal/access/foreign/MemorySegmentProxy done
Event: 2.036 loading class java/nio/InvalidMarkException
Event: 2.036 loading class java/nio/InvalidMarkException done
Event: 2.036 loading class java/nio/BufferUnderflowException
Event: 2.036 loading class java/nio/BufferUnderflowException done
Event: 2.048 loading class java/util/Formatter$FixedString
Event: 2.048 loading class java/util/Formatter$FixedString done


Dynamic libraries:
0x00007ff6107e0000 - 0x00007ff6107f0000 	C:\Program Files\Java\jdk-17\bin\java.exe
0x00007ff87eb30000 - 0x00007ff87ed28000 	C:\WINDOWS\SYSTEM32\ntdll.dll
0x00007ff87e060000 - 0x00007ff87e11d000 	C:\WINDOWS\System32\KERNEL32.DLL
0x00007ff87c890000 - 0x00007ff87cb86000 	C:\WINDOWS\System32\KERNELBASE.dll
0x00007ff87c370000 - 0x00007ff87c470000 	C:\WINDOWS\System32\ucrtbase.dll
0x00007ff864aa0000 - 0x00007ff864ab9000 	C:\Program Files\Java\jdk-17\bin\jli.dll
0x00007ff8621c0000 - 0x00007ff8621db000 	C:\Program Files\Java\jdk-17\bin\VCRUNTIME140.dll
0x00007ff87d0b0000 - 0x00007ff87d15f000 	C:\WINDOWS\System32\ADVAPI32.dll
0x00007ff87d5a0000 - 0x00007ff87d63e000 	C:\WINDOWS\System32\msvcrt.dll
0x00007ff87e870000 - 0x00007ff87e90c000 	C:\WINDOWS\System32\sechost.dll
0x00007ff87cb90000 - 0x00007ff87ccb6000 	C:\WINDOWS\System32\RPCRT4.dll
0x00007ff87d2d0000 - 0x00007ff87d46e000 	C:\WINDOWS\System32\USER32.dll
0x00007ff87c7e0000 - 0x00007ff87c802000 	C:\WINDOWS\System32\win32u.dll
0x00007ff87d170000 - 0x00007ff87d19c000 	C:\WINDOWS\System32\GDI32.dll
0x00007ff87c520000 - 0x00007ff87c63a000 	C:\WINDOWS\System32\gdi32full.dll
0x00007ff87c6b0000 - 0x00007ff87c74d000 	C:\WINDOWS\System32\msvcp_win.dll
0x00007ff862970000 - 0x00007ff862c0a000 	C:\WINDOWS\WinSxS\amd64_microsoft.windows.common-controls_6595b64144ccf1df_6.0.19041.3636_none_60b6a03d71f818d5\COMCTL32.dll
0x00007ff873950000 - 0x00007ff87395a000 	C:\WINDOWS\SYSTEM32\VERSION.dll
0x00007ff87ced0000 - 0x00007ff87cf00000 	C:\WINDOWS\System32\IMM32.DLL
0x00007ff8752e0000 - 0x00007ff8752ec000 	C:\Program Files\Java\jdk-17\bin\vcruntime140_1.dll
0x00007fffb8ec0000 - 0x00007fffb8f4e000 	C:\Program Files\Java\jdk-17\bin\msvcp140.dll
0x00007fffa15c0000 - 0x00007fffa219d000 	C:\Program Files\Java\jdk-17\bin\server\jvm.dll
0x00007ff87d160000 - 0x00007ff87d168000 	C:\WINDOWS\System32\PSAPI.DLL
0x00007ff8726e0000 - 0x00007ff872707000 	C:\WINDOWS\SYSTEM32\WINMM.dll
0x00007ff875300000 - 0x00007ff875309000 	C:\WINDOWS\SYSTEM32\WSOCK32.dll
0x00007ff87d4d0000 - 0x00007ff87d53b000 	C:\WINDOWS\System32\WS2_32.dll
0x00007ff87a0b0000 - 0x00007ff87a0c2000 	C:\WINDOWS\SYSTEM32\kernel.appcore.dll
0x00007ff8750a0000 - 0x00007ff8750aa000 	C:\Program Files\Java\jdk-17\bin\jimage.dll
0x00007ff86b330000 - 0x00007ff86b514000 	C:\WINDOWS\SYSTEM32\DBGHELP.DLL
0x00007ff86f510000 - 0x00007ff86f544000 	C:\WINDOWS\SYSTEM32\dbgcore.DLL
0x00007ff87c750000 - 0x00007ff87c7d2000 	C:\WINDOWS\System32\bcryptPrimitives.dll
0x00007ff842d80000 - 0x00007ff842da5000 	C:\Program Files\Java\jdk-17\bin\java.dll
0x00007fffb8de0000 - 0x00007fffb8eb7000 	C:\Program Files\Java\jdk-17\bin\jsvml.dll
0x00007ff87e120000 - 0x00007ff87e864000 	C:\WINDOWS\System32\SHELL32.dll
0x00007ff87a2b0000 - 0x00007ff87aa4b000 	C:\WINDOWS\SYSTEM32\windows.storage.dll
0x00007ff87d810000 - 0x00007ff87db64000 	C:\WINDOWS\System32\combase.dll
0x00007ff87baa0000 - 0x00007ff87bacd000 	C:\WINDOWS\SYSTEM32\Wldp.dll
0x00007ff87e910000 - 0x00007ff87e9bd000 	C:\WINDOWS\System32\SHCORE.dll
0x00007ff87d670000 - 0x00007ff87d6c5000 	C:\WINDOWS\System32\shlwapi.dll
0x00007ff87c140000 - 0x00007ff87c165000 	C:\WINDOWS\SYSTEM32\profapi.dll
0x00007ff85d090000 - 0x00007ff85d0a9000 	C:\Program Files\Java\jdk-17\bin\net.dll
0x00007ff874a00000 - 0x00007ff874b0a000 	C:\WINDOWS\SYSTEM32\WINHTTP.dll
0x00007ff87b880000 - 0x00007ff87b8ea000 	C:\WINDOWS\system32\mswsock.dll
0x00007ff855520000 - 0x00007ff855536000 	C:\Program Files\Java\jdk-17\bin\nio.dll
0x00007ff84b9a0000 - 0x00007ff84b9b8000 	C:\Program Files\Java\jdk-17\bin\zip.dll
0x00007fffbb5d0000 - 0x00007fffbb64b000 	C:\Users\agent\AppData\Local\Temp\lwjgl_agent\3.3.3+5\x64\lwjgl.dll
0x00007fffb8ae0000 - 0x00007fffb8b3e000 	C:\Users\agent\AppData\Local\Temp\lwjgl_agent\3.3.3+5\x64\lwjgl_opengl.dll
0x00007fffcccf0000 - 0x00007fffcce15000 	C:\WINDOWS\SYSTEM32\opengl32.dll
0x00007fffcc800000 - 0x00007fffcc82c000 	C:\WINDOWS\SYSTEM32\GLU32.dll

dbghelp: loaded successfully - version: 4.0.5 - missing functions: none
symbol engine: initialized successfully - sym options: 0x614 - pdb path: .;C:\Program Files\Java\jdk-17\bin;C:\WINDOWS\SYSTEM32;C:\WINDOWS\WinSxS\amd64_microsoft.windows.common-controls_6595b64144ccf1df_6.0.19041.3636_none_60b6a03d71f818d5;C:\Program Files\Java\jdk-17\bin\server;C:\Users\agent\AppData\Local\Temp\lwjgl_agent\3.3.3+5\x64

VM Arguments:
jvm_args: -Dfile.encoding=windows-1252 -Duser.country=GB -Duser.language=en -Duser.variant -ea 
java_command: Main
java_class_path (initial): C:\Users\agent\Documents\Git Repositories\GrassLanders\build\classes\java\main;C:\Users\agent\Documents\Git Repositories\GrassLanders\build\resources\main;C:\Users\agent\.gradle\caches\modules-2\files-2.1\org.lwjgl\lwjgl-assimp\3.3.3\c2c34011cbda30ed8cf98bc5cbf97b49afe5279a\lwjgl-assimp-3.3.3.jar;C:\Users\agent\.gradle\caches\modules-2\files-2.1\org.lwjgl\lwjgl-assimp\3.3.3\d90ccdade594716062975cffd1431d387f770ac4\lwjgl-assimp-3.3.3-natives-windows.jar;C:\Users\agent\.gradle\caches\modules-2\files-2.1\org.lwjgl\lwjgl-glfw\3.3.3\efa1eb78c5ccd840e9f329717109b5e892d72f8e\lwjgl-glfw-3.3.3.jar;C:\Users\agent\.gradle\caches\modules-2\files-2.1\org.lwjgl\lwjgl-glfw\3.3.3\e449e28b4891fc423c54c85fbc5bb0b9efece67a\lwjgl-glfw-3.3.3-natives-windows.jar;C:\Users\agent\.gradle\caches\modules-2\files-2.1\org.lwjgl\lwjgl-nfd\3.3.3\f1b41d3a0a2f5cd2a55a6a59a618c87d0348681c\lwjgl-nfd-3.3.3.jar;C:\Users\agent\.gradle\caches\modules-2\files-2.1\org.lwjgl\lwjgl-nfd\3.3.3\3a39132eef695dcb7631adc1d02e493527940d10\lwjgl-nfd-3.3.3-natives-windows.jar;C:\Users\agent\.gradle\caches\modules-2\files-2.1\org.lwjgl\lwjgl-openal\3.3.3\daada81ceb5fc0c291fbfdd4433cb8d9423577f2\lwjgl-openal-3.3.3.jar;C:\Users\agent\.gradle\caches\modules-2\files-2.1\org.lwjgl\lwjgl-openal\3.3.3\cf83862ae95d98496b26915024c7e666d8ab1c8f\lwjgl-openal-3.3.3-natives-windows.jar;C:\Users\agent\.gradle\caches\modules-2\files-2.1\org.lwjgl\lwjgl-opengl\3.3.3\2f6b0147078396a58979125a4c947664e98293a\lwjgl-opengl-3.3.3.jar;C:\Users\agent\.gradle\caches\modules-2\files-2.1\org.lwjgl\lwjgl-opengl\3.3.3\e6c1eec8be8a71951b830a4d69efc01c6531900c\lwjgl-opengl-3.3.3-natives-windows.jar;C:\Users\agent\.gradle\caches\modules-2\files-2.1\org.lwjgl\lwjgl-stb\3.3.3\25dd6161988d7e65f71d5065c99902402ee32746\lwjgl-stb-3.3.3.jar;C:\Users\agent\.gradle\caches\modules-2\files-2.1\org.lwjgl\lwjgl-stb\3.3.3\1d9facdf6541de114b0f963be33505b7679c78cb\lwjgl-stb-3.3.3-natives-windows.jar;C:\Users\agent\.gradle\caches\modules
Launcher Type: SUN_STANDARD

[Global flags]
     intx CICompilerCount                          = 4                                         {product} {ergonomic}
     uint ConcGCThreads                            = 2                                         {product} {ergonomic}
     uint G1ConcRefinementThreads                  = 8                                         {product} {ergonomic}
   size_t G1HeapRegionSize                         = 2097152                                   {product} {ergonomic}
    uintx GCDrainStackTargetSize                   = 64                                        {product} {ergonomic}
   size_t InitialHeapSize                          = 268435456                                 {product} {ergonomic}
   size_t MarkStackSize                            = 4194304                                   {product} {ergonomic}
   size_t MaxHeapSize                              = 4280287232                                {product} {ergonomic}
   size_t MaxNewSize                               = 2566914048                                {product} {ergonomic}
   size_t MinHeapDeltaBytes                        = 2097152                                   {product} {ergonomic}
   size_t MinHeapSize                              = 8388608                                   {product} {ergonomic}
    uintx NonNMethodCodeHeapSize                   = 5839372                                {pd product} {ergonomic}
    uintx NonProfiledCodeHeapSize                  = 122909434                              {pd product} {ergonomic}
    uintx ProfiledCodeHeapSize                     = 122909434                              {pd product} {ergonomic}
    uintx ReservedCodeCacheSize                    = 251658240                              {pd product} {ergonomic}
     bool SegmentedCodeCache                       = true                                      {product} {ergonomic}
   size_t SoftMaxHeapSize                          = 4280287232                             {manageable} {ergonomic}
     bool UseCompressedClassPointers               = true                           {product lp64_product} {ergonomic}
     bool UseCompressedOops                        = true                           {product lp64_product} {ergonomic}
     bool UseG1GC                                  = true                                      {product} {ergonomic}
     bool UseLargePagesIndividualAllocation        = false                                  {pd product} {ergonomic}

Logging:
Log output configuration:
 #0: stdout all=warning uptime,level,tags
 #1: stderr all=off uptime,level,tags

Environment Variables:
PATH=C:\Program Files\Common Files\Oracle\Java\javapath;C:\Windows\system32;C:\Windows;C:\Windows\System32\Wbem;C:\Windows\System32\WindowsPowerShell\v1.0\;C:\Windows\System32\OpenSSH\;C:\Program Files\NVIDIA Corporation\NVIDIA NvDLISR;C:\Program Files (x86)\NVIDIA Corporation\PhysX\Common;C:\Program Files\dotnet\;C:\Program Files\Git\cmd;C:\WINDOWS\system32;C:\WINDOWS;C:\WINDOWS\System32\Wbem;C:\WINDOWS\System32\WindowsPowerShell\v1.0\;C:\WINDOWS\System32\OpenSSH\;C:\Program Files (x86)\Microsoft SQL Server\90\Tools\binn\;C:\Program Files (x86)\Windows Kits\10\Windows Performance Toolkit\;C:\Program Files\PuTTY\;C:\Users\agent\AppData\Local\Microsoft\WindowsApps;C:\Users\agent\AppData\Local\JetBrains\Toolbox\scripts;C:\Users\agent\AppData\Local\Microsoft\WindowsApps;C:\Users\agent\.dotnet\tools;C:\ffmpeg\bin;C:\Users\agent\Desktop\videoduplicatefinder-master;C:\Users\agent\AppData\Local\Programs\Python\Python311\Scripts;C:\Users\agent\AppData\Local\Programs\Python\Python311;
USERNAME=agent
OS=Windows_NT
PROCESSOR_IDENTIFIER=Intel64 Family 6 Model 158 Stepping 9, GenuineIntel



---------------  S Y S T E M  ---------------

OS:
 Windows 10 , 64 bit Build 19041 (10.0.19041.3636)
OS uptime: 5 days 21:23 hours
Hyper-V role detected

CPU: total 8 (initial active 8) (4 cores per cpu, 2 threads per core) family 6 model 158 stepping 9 microcode 0xb4, cx8, cmov, fxsr, ht, mmx, 3dnowpref, sse, sse2, sse3, ssse3, sse4.1, sse4.2, popcnt, lzcnt, tsc, tscinvbit, avx, avx2, aes, erms, clmul, bmi1, bmi2, rtm, adx, fma, vzeroupper, clflush, clflushopt, hv

Memory: 4k page, system-wide physical 16322M (5287M free)
TotalPageFile size 25026M (AvailPageFile size 4914M)
current process WorkingSet (physical memory assigned to process): 46M, peak: 46M
current process commit charge ("private bytes"): 351M, peak: 351M

vm_info: Java HotSpot(TM) 64-Bit Server VM (17.0.7+8-LTS-224) for windows-amd64 JRE (17.0.7+8-LTS-224), built on Feb 28 2023 23:03:02 by "mach5one" with MS VC++ 17.1 (VS2022)

END.
