#
# A fatal error has been detected by the Java Runtime Environment:
#
#  EXCEPTION_ACCESS_VIOLATION (0xc0000005) at pc=0x00007fff9c0b6d0b, pid=21200, tid=17880
#
# JRE version: Java(TM) SE Runtime Environment (17.0.7+8) (build 17.0.7+8-LTS-224)
# Java VM: Java HotSpot(TM) 64-Bit Server VM (17.0.7+8-LTS-224, mixed mode, sharing, tiered, compressed oops, compressed class ptrs, g1 gc, windows-amd64)
# Problematic frame:
# C  [atio6axx.dll+0x2336d0b]
#
# No core dump will be written. Minidumps are not enabled by default on client versions of Windows
#
# If you would like to submit a bug report, please visit:
#   https://bugreport.java.com/bugreport/crash.jsp
# The crash happened outside the Java Virtual Machine in native code.
# See problematic frame for where to report the bug.
#

---------------  S U M M A R Y ------------

Command Line: -agentlib:jdwp=transport=dt_socket,server=n,suspend=y,address=127.0.0.1:65176 -Dfile.encoding=windows-1252 -Duser.country=GB -Duser.language=en -Duser.variant -ea Main

Host: Intel(R) Core(TM) i7-7700K CPU @ 4.20GHz, 8 cores, 15G,  Windows 10 , 64 bit Build 19041 (10.0.19041.3636)
Time: Sun Dec  3 17:01:46 2023 GMT Standard Time elapsed time: 16.990059 seconds (0d 0h 0m 16s)

---------------  T H R E A D  ---------------

Current thread (0x0000020e63725560):  JavaThread "main" [_thread_in_native, id=17880, stack(0x0000002c69300000,0x0000002c69400000)]

Stack: [0x0000002c69300000,0x0000002c69400000],  sp=0x0000002c693fefa8,  free space=1019k
Native frames: (J=compiled Java code, j=interpreted, Vv=VM code, C=native code)
C  [atio6axx.dll+0x2336d0b]

Java frames: (J=compiled Java code, j=interpreted, Vv=VM code)
j  org.lwjgl.opengl.GL11C.nglDrawElements(IIIJ)V+0
j  org.lwjgl.opengl.GL11C.glDrawElements(IIIJ)V+4
j  org.lwjgl.opengl.GL11.glDrawElements(IIIJ)V+4
j  renderer.RenderBatch.render()V+201
j  renderer.Renderer.render()V+30
j  Game.GrassLanders.tick(F)V+12
j  jade.Window.loop()V+38
j  jade.Window.run()V+19
j  Game.GrassLanders.start()V+41
j  Main.main([Ljava/lang/String;)V+9
v  ~StubRoutines::call_stub

siginfo: EXCEPTION_ACCESS_VIOLATION (0xc0000005), reading address 0x0000000000000000


Register to memory mapping:

RIP=0x00007fff9c0b6d0b atio6axx.dll
RAX=0x0000020e1930d048 points into unknown readable memory: 0x0000000000000000 | 00 00 00 00 00 00 00 00
RBX=0x0000000000005dc0 is an unknown value
RCX=0x0000000000005dc0 is an unknown value
RDX=0x0 is NULL
RSP=0x0000002c693fefa8 is pointing into the stack for thread: 0x0000020e63725560
RBP=0x0000020e16a603c0 points into unknown readable memory: 0x0000020e17b52040 | 40 20 b5 17 0e 02 00 00
RSI=0x0 is NULL
RDI=0x0000020e1930d048 points into unknown readable memory: 0x0000000000000000 | 00 00 00 00 00 00 00 00
R8 =0x0000000000005dc0 is an unknown value
R9 =0x0000000000005dc0 is an unknown value
R10=0x00007fff99d80000 atio6axx.dll
R11=0x0000000000000246 is an unknown value
R12=0x0000000000005dc0 is an unknown value
R13=0x0000000000005dc0 is an unknown value
R14=0x0 is NULL
R15=0x0 is NULL


Registers:
RAX=0x0000020e1930d048, RBX=0x0000000000005dc0, RCX=0x0000000000005dc0, RDX=0x0000000000000000
RSP=0x0000002c693fefa8, RBP=0x0000020e16a603c0, RSI=0x0000000000000000, RDI=0x0000020e1930d048
R8 =0x0000000000005dc0, R9 =0x0000000000005dc0, R10=0x00007fff99d80000, R11=0x0000000000000246
R12=0x0000000000005dc0, R13=0x0000000000005dc0, R14=0x0000000000000000, R15=0x0000000000000000
RIP=0x00007fff9c0b6d0b, EFLAGS=0x0000000000010202

Top of Stack: (sp=0x0000002c693fefa8)
0x0000002c693fefa8:   0000020e1691d080 0000020e17b59248
0x0000002c693fefb8:   00007fff9a3c0ce1 0000000000001770
0x0000002c693fefc8:   0000020e72540c80 0000000000005dc0
0x0000002c693fefd8:   0000002c693fefe0 0000020e1930d048
0x0000002c693fefe8:   0000020e17b59248 0000000000000028
0x0000002c693feff8:   00007fff9b6bbf6e 0000000000000007
0x0000002c693ff008:   0000000000000004 0000000000001405
0x0000002c693ff018:   0000020e06dab9c8 0000000000000000
0x0000002c693ff028:   0000020e15948fa8 0000000000001770
0x0000002c693ff038:   0000020e1691d080 0000000000000000
0x0000002c693ff048:   00007fff9a4ac175 0000020e1691d080
0x0000002c693ff058:   0000020e00000004 0000000000001770
0x0000002c693ff068:   0000020e00001405 0000000000000000
0x0000002c693ff078:   00007fff00000001 0000000000000000
0x0000002c693ff088:   0000020e00000004 0000020e1691d080
0x0000002c693ff098:   0000003800000000 0000020e15948fa8 

Instructions: (pc=0x00007fff9c0b6d0b)
0x00007fff9c0b6c0b:   25 66 45 39 08 74 1c b8 02 00 00 00 4c 03 c0 eb
0x00007fff9c0b6c1b:   b7 0f bc c8 4c 03 c1 66 41 39 10 4d 0f 44 c8 49
0x00007fff9c0b6c2b:   8b c1 c3 33 c0 c3 49 8b c0 c3 cc cc cc 4c 8b c1
0x00007fff9c0b6c3b:   44 0f b7 ca 33 c9 83 3d 18 d4 e8 01 02 7d 2b 49
0x00007fff9c0b6c4b:   8b d0 41 0f b7 00 49 83 c0 02 66 85 c0 75 f3 49
0x00007fff9c0b6c5b:   83 e8 02 4c 3b c2 74 06 66 45 39 08 75 f1 66 45
0x00007fff9c0b6c6b:   39 08 49 0f 44 c8 48 8b c1 c3 48 8b d1 eb 12 66
0x00007fff9c0b6c7b:   45 39 08 49 0f 44 d0 66 41 39 08 74 57 49 83 c0
0x00007fff9c0b6c8b:   02 41 8d 40 01 a8 0e 75 e6 66 41 3b c9 75 24 b8
0x00007fff9c0b6c9b:   01 00 ff ff 66 0f 6e c8 eb 04 49 83 c0 10 f3 41
0x00007fff9c0b6cab:   0f 6f 00 66 0f 3a 63 c8 15 75 ef 48 63 c1 49 8d
0x00007fff9c0b6cbb:   04 40 c3 66 41 0f 6e c9 f3 41 0f 6f 00 66 0f 3a
0x00007fff9c0b6ccb:   63 c8 41 73 07 48 63 c1 49 8d 14 40 74 06 49 83
0x00007fff9c0b6cdb:   c0 10 eb e4 48 8b c2 c3 cc cc cc cc cc cc cc cc
0x00007fff9c0b6ceb:   cc cc cc cc cc cc cc cc cc cc cc 66 66 0f 1f 84
0x00007fff9c0b6cfb:   00 00 00 00 00 57 56 48 8b f9 48 8b f2 49 8b c8
0x00007fff9c0b6d0b:   f3 a4 5e 5f c3 cc cc cc cc cc cc 66 66 0f 1f 84
0x00007fff9c0b6d1b:   00 00 00 00 00 48 8b c1 4c 8d 15 d6 92 cc fd 49
0x00007fff9c0b6d2b:   83 f8 0f 0f 87 0c 01 00 00 66 66 66 66 0f 1f 84
0x00007fff9c0b6d3b:   00 00 00 00 00 47 8b 8c 82 00 50 59 04 4d 03 ca
0x00007fff9c0b6d4b:   41 ff e1 c3 90 4c 8b 02 8b 4a 08 44 0f b7 4a 0c
0x00007fff9c0b6d5b:   44 0f b6 52 0e 4c 89 00 89 48 08 66 44 89 48 0c
0x00007fff9c0b6d6b:   44 88 50 0e c3 4c 8b 02 0f b7 4a 08 44 0f b6 4a
0x00007fff9c0b6d7b:   0a 4c 89 00 66 89 48 08 44 88 48 0a c3 0f b7 0a
0x00007fff9c0b6d8b:   66 89 08 c3 90 8b 0a 44 0f b7 42 04 44 0f b6 4a
0x00007fff9c0b6d9b:   06 89 08 66 44 89 40 04 44 88 48 06 c3 4c 8b 02
0x00007fff9c0b6dab:   8b 4a 08 44 0f b7 4a 0c 4c 89 00 89 48 08 66 44
0x00007fff9c0b6dbb:   89 48 0c c3 0f b7 0a 44 0f b6 42 02 66 89 08 44
0x00007fff9c0b6dcb:   88 40 02 c3 90 4c 8b 02 8b 4a 08 44 0f b6 4a 0c
0x00007fff9c0b6ddb:   4c 89 00 89 48 08 44 88 48 0c c3 4c 8b 02 0f b7
0x00007fff9c0b6deb:   4a 08 4c 89 00 66 89 48 08 c3 4c 8b 02 0f b6 4a
0x00007fff9c0b6dfb:   08 4c 89 00 88 48 08 c3 4c 8b 02 8b 4a 08 4c 89 


Stack slot to memory mapping:
stack at sp + 0 slots: 0x0000020e1691d080 points into unknown readable memory: 0x00007fff9d8f0ed0 | d0 0e 8f 9d ff 7f 00 00
stack at sp + 1 slots: 0x0000020e17b59248 points into unknown readable memory: 0x0000000000000000 | 00 00 00 00 00 00 00 00
stack at sp + 2 slots: 0x00007fff9a3c0ce1 atio6axx.dll
stack at sp + 3 slots: 0x0000000000001770 is an unknown value
stack at sp + 4 slots: 0x0000020e72540c80 is at code_begin+0 in 
[CodeBlob (0x0000020e72540c10)]
Framesize: 0
BufferBlob (0x0000020e72540c10) used for Signature Handler Temp Buffer
stack at sp + 5 slots: 0x0000000000005dc0 is an unknown value
stack at sp + 6 slots: 0x0000002c693fefe0 is pointing into the stack for thread: 0x0000020e63725560
stack at sp + 7 slots: 0x0000020e1930d048 points into unknown readable memory: 0x0000000000000000 | 00 00 00 00 00 00 00 00


---------------  P R O C E S S  ---------------

Threads class SMR info:
_java_thread_list=0x0000020e12b60f20, length=17, elements={
0x0000020e63725560, 0x0000020e065d5ca0, 0x0000020e065d6b10, 0x0000020e065ec550,
0x0000020e065eff30, 0x0000020e065f0ef0, 0x0000020e065f2040, 0x0000020e065f3570,
0x0000020e065f8450, 0x0000020e065fde50, 0x0000020e07136a50, 0x0000020e0713cd20,
0x0000020e07144430, 0x0000020e07150e70, 0x0000020e07151780, 0x0000020e12ac56a0,
0x0000020e13250460
}

Java Threads: ( => current thread )
=>0x0000020e63725560 JavaThread "main" [_thread_in_native, id=17880, stack(0x0000002c69300000,0x0000002c69400000)]
  0x0000020e065d5ca0 JavaThread "Reference Handler" daemon [_thread_blocked, id=18164, stack(0x0000002c69a00000,0x0000002c69b00000)]
  0x0000020e065d6b10 JavaThread "Finalizer" daemon [_thread_blocked, id=12820, stack(0x0000002c69b00000,0x0000002c69c00000)]
  0x0000020e065ec550 JavaThread "Signal Dispatcher" daemon [_thread_blocked, id=18716, stack(0x0000002c69c00000,0x0000002c69d00000)]
  0x0000020e065eff30 JavaThread "Attach Listener" daemon [_thread_blocked, id=1692, stack(0x0000002c69d00000,0x0000002c69e00000)]
  0x0000020e065f0ef0 JavaThread "Service Thread" daemon [_thread_blocked, id=21032, stack(0x0000002c69e00000,0x0000002c69f00000)]
  0x0000020e065f2040 JavaThread "Monitor Deflation Thread" daemon [_thread_blocked, id=12764, stack(0x0000002c69f00000,0x0000002c6a000000)]
  0x0000020e065f3570 JavaThread "C2 CompilerThread0" daemon [_thread_blocked, id=6380, stack(0x0000002c6a000000,0x0000002c6a100000)]
  0x0000020e065f8450 JavaThread "C1 CompilerThread0" daemon [_thread_blocked, id=10376, stack(0x0000002c6a100000,0x0000002c6a200000)]
  0x0000020e065fde50 JavaThread "Sweeper thread" daemon [_thread_blocked, id=10008, stack(0x0000002c6a200000,0x0000002c6a300000)]
  0x0000020e07136a50 JavaThread "JDWP Transport Listener: dt_socket" daemon [_thread_blocked, id=4288, stack(0x0000002c6a300000,0x0000002c6a400000)]
  0x0000020e0713cd20 JavaThread "JDWP Event Helper Thread" daemon [_thread_blocked, id=21888, stack(0x0000002c6a400000,0x0000002c6a500000)]
  0x0000020e07144430 JavaThread "JDWP Command Reader" daemon [_thread_in_native, id=14016, stack(0x0000002c6a500000,0x0000002c6a600000)]
  0x0000020e07150e70 JavaThread "Notification Thread" daemon [_thread_blocked, id=12992, stack(0x0000002c6a600000,0x0000002c6a700000)]
  0x0000020e07151780 JavaThread "Common-Cleaner" daemon [_thread_blocked, id=2748, stack(0x0000002c6a800000,0x0000002c6a900000)]
  0x0000020e12ac56a0 JavaThread "Java2D Disposer" daemon [_thread_blocked, id=12088, stack(0x0000002c6b900000,0x0000002c6ba00000)]
  0x0000020e13250460 JavaThread "AWT-Windows" daemon [_thread_in_native, id=3664, stack(0x0000002c6bb00000,0x0000002c6bc00000)]

Other Threads:
  0x0000020e065d0500 VMThread "VM Thread" [stack: 0x0000002c69900000,0x0000002c69a00000] [id=2380]
  0x0000020e07151340 WatcherThread [stack: 0x0000002c6a700000,0x0000002c6a800000] [id=19176]
  0x0000020e6378fc40 GCTaskThread "GC Thread#0" [stack: 0x0000002c69400000,0x0000002c69500000] [id=6444]
  0x0000020e1276c650 GCTaskThread "GC Thread#1" [stack: 0x0000002c6b200000,0x0000002c6b300000] [id=18328]
  0x0000020e1276cbb0 GCTaskThread "GC Thread#2" [stack: 0x0000002c6b300000,0x0000002c6b400000] [id=11952]
  0x0000020e1276c900 GCTaskThread "GC Thread#3" [stack: 0x0000002c6b400000,0x0000002c6b500000] [id=6284]
  0x0000020e1276ce60 GCTaskThread "GC Thread#4" [stack: 0x0000002c6b500000,0x0000002c6b600000] [id=17976]
  0x0000020e1276d110 GCTaskThread "GC Thread#5" [stack: 0x0000002c6b600000,0x0000002c6b700000] [id=9364]
  0x0000020e1276bb90 GCTaskThread "GC Thread#6" [stack: 0x0000002c6b700000,0x0000002c6b800000] [id=11116]
  0x0000020e1276b630 GCTaskThread "GC Thread#7" [stack: 0x0000002c6b800000,0x0000002c6b900000] [id=4868]
  0x0000020e637a0a90 ConcurrentGCThread "G1 Main Marker" [stack: 0x0000002c69500000,0x0000002c69600000] [id=12348]
  0x0000020e637a1c40 ConcurrentGCThread "G1 Conc#0" [stack: 0x0000002c69600000,0x0000002c69700000] [id=20936]
  0x0000020e637f6690 ConcurrentGCThread "G1 Refine#0" [stack: 0x0000002c69700000,0x0000002c69800000] [id=7896]
  0x0000020e637f70b0 ConcurrentGCThread "G1 Service" [stack: 0x0000002c69800000,0x0000002c69900000] [id=2156]

Threads with active compile tasks:

VM state: not at safepoint (normal execution)

VM Mutex/Monitor currently owned by a thread: None

Heap address: 0x0000000700e00000, size: 4082 MB, Compressed Oops mode: Zero based, Oop shift amount: 3

CDS archive(s) mapped at: [0x0000000800000000-0x0000000800bd0000-0x0000000800bd0000), size 12386304, SharedBaseAddress: 0x0000000800000000, ArchiveRelocationMode: 0.
Compressed class space mapped at: 0x0000000800c00000-0x0000000840c00000, reserved size: 1073741824
Narrow klass base: 0x0000000800000000, Narrow klass shift: 0, Narrow klass range: 0x100000000

GC Precious Log:
 CPUs: 8 total, 8 available
 Memory: 16322M
 Large Page Support: Disabled
 NUMA Support: Disabled
 Compressed Oops: Enabled (Zero based)
 Heap Region Size: 2M
 Heap Min Capacity: 8M
 Heap Initial Capacity: 256M
 Heap Max Capacity: 4082M
 Pre-touch: Disabled
 Parallel Workers: 8
 Concurrent Workers: 2
 Concurrent Refinement Workers: 8
 Periodic GC: Disabled

Heap:
 garbage-first heap   total 262144K, used 25519K [0x0000000700e00000, 0x0000000800000000)
  region size 2048K, 11 young (22528K), 2 survivors (4096K)
 Metaspace       used 14111K, committed 14400K, reserved 1064960K
  class space    used 1193K, committed 1344K, reserved 1048576K

Heap Regions: E=young(eden), S=young(survivor), O=old, HS=humongous(starts), HC=humongous(continues), CS=collection set, F=free, OA=open archive, CA=closed archive, TAMS=top-at-mark-start (previous, next)
|   0|0x0000000700e00000, 0x0000000701000000, 0x0000000701000000|100%|HS|  |TAMS 0x0000000700e00000, 0x0000000700e00000| Complete 
|   1|0x0000000701000000, 0x0000000701200000, 0x0000000701200000|100%|HS|  |TAMS 0x0000000701000000, 0x0000000701000000| Complete 
|   2|0x0000000701200000, 0x0000000701400000, 0x0000000701400000|100%|HS|  |TAMS 0x0000000701200000, 0x0000000701200000| Complete 
|   3|0x0000000701400000, 0x0000000701400000, 0x0000000701600000|  0%| F|  |TAMS 0x0000000701400000, 0x0000000701400000| Untracked 
|   4|0x0000000701600000, 0x0000000701600000, 0x0000000701800000|  0%| F|  |TAMS 0x0000000701600000, 0x0000000701600000| Untracked 
|   5|0x0000000701800000, 0x0000000701800000, 0x0000000701a00000|  0%| F|  |TAMS 0x0000000701800000, 0x0000000701800000| Untracked 
|   6|0x0000000701a00000, 0x0000000701a00000, 0x0000000701c00000|  0%| F|  |TAMS 0x0000000701a00000, 0x0000000701a00000| Untracked 
|   7|0x0000000701c00000, 0x0000000701c00000, 0x0000000701e00000|  0%| F|  |TAMS 0x0000000701c00000, 0x0000000701c00000| Untracked 
|   8|0x0000000701e00000, 0x0000000701e00000, 0x0000000702000000|  0%| F|  |TAMS 0x0000000701e00000, 0x0000000701e00000| Untracked 
|   9|0x0000000702000000, 0x0000000702000000, 0x0000000702200000|  0%| F|  |TAMS 0x0000000702000000, 0x0000000702000000| Untracked 
|  10|0x0000000702200000, 0x0000000702200000, 0x0000000702400000|  0%| F|  |TAMS 0x0000000702200000, 0x0000000702200000| Untracked 
|  11|0x0000000702400000, 0x0000000702400000, 0x0000000702600000|  0%| F|  |TAMS 0x0000000702400000, 0x0000000702400000| Untracked 
|  12|0x0000000702600000, 0x0000000702600000, 0x0000000702800000|  0%| F|  |TAMS 0x0000000702600000, 0x0000000702600000| Untracked 
|  13|0x0000000702800000, 0x0000000702800000, 0x0000000702a00000|  0%| F|  |TAMS 0x0000000702800000, 0x0000000702800000| Untracked 
|  14|0x0000000702a00000, 0x0000000702a00000, 0x0000000702c00000|  0%| F|  |TAMS 0x0000000702a00000, 0x0000000702a00000| Untracked 
|  15|0x0000000702c00000, 0x0000000702c00000, 0x0000000702e00000|  0%| F|  |TAMS 0x0000000702c00000, 0x0000000702c00000| Untracked 
|  16|0x0000000702e00000, 0x0000000702e00000, 0x0000000703000000|  0%| F|  |TAMS 0x0000000702e00000, 0x0000000702e00000| Untracked 
|  17|0x0000000703000000, 0x0000000703000000, 0x0000000703200000|  0%| F|  |TAMS 0x0000000703000000, 0x0000000703000000| Untracked 
|  18|0x0000000703200000, 0x0000000703200000, 0x0000000703400000|  0%| F|  |TAMS 0x0000000703200000, 0x0000000703200000| Untracked 
|  19|0x0000000703400000, 0x0000000703400000, 0x0000000703600000|  0%| F|  |TAMS 0x0000000703400000, 0x0000000703400000| Untracked 
|  20|0x0000000703600000, 0x0000000703600000, 0x0000000703800000|  0%| F|  |TAMS 0x0000000703600000, 0x0000000703600000| Untracked 
|  21|0x0000000703800000, 0x0000000703800000, 0x0000000703a00000|  0%| F|  |TAMS 0x0000000703800000, 0x0000000703800000| Untracked 
|  22|0x0000000703a00000, 0x0000000703a00000, 0x0000000703c00000|  0%| F|  |TAMS 0x0000000703a00000, 0x0000000703a00000| Untracked 
|  23|0x0000000703c00000, 0x0000000703c00000, 0x0000000703e00000|  0%| F|  |TAMS 0x0000000703c00000, 0x0000000703c00000| Untracked 
|  24|0x0000000703e00000, 0x0000000703e00000, 0x0000000704000000|  0%| F|  |TAMS 0x0000000703e00000, 0x0000000703e00000| Untracked 
|  25|0x0000000704000000, 0x0000000704000000, 0x0000000704200000|  0%| F|  |TAMS 0x0000000704000000, 0x0000000704000000| Untracked 
|  26|0x0000000704200000, 0x0000000704200000, 0x0000000704400000|  0%| F|  |TAMS 0x0000000704200000, 0x0000000704200000| Untracked 
|  27|0x0000000704400000, 0x0000000704400000, 0x0000000704600000|  0%| F|  |TAMS 0x0000000704400000, 0x0000000704400000| Untracked 
|  28|0x0000000704600000, 0x0000000704600000, 0x0000000704800000|  0%| F|  |TAMS 0x0000000704600000, 0x0000000704600000| Untracked 
|  29|0x0000000704800000, 0x0000000704800000, 0x0000000704a00000|  0%| F|  |TAMS 0x0000000704800000, 0x0000000704800000| Untracked 
|  30|0x0000000704a00000, 0x0000000704a00000, 0x0000000704c00000|  0%| F|  |TAMS 0x0000000704a00000, 0x0000000704a00000| Untracked 
|  31|0x0000000704c00000, 0x0000000704c00000, 0x0000000704e00000|  0%| F|  |TAMS 0x0000000704c00000, 0x0000000704c00000| Untracked 
|  32|0x0000000704e00000, 0x0000000704e00000, 0x0000000705000000|  0%| F|  |TAMS 0x0000000704e00000, 0x0000000704e00000| Untracked 
|  33|0x0000000705000000, 0x0000000705000000, 0x0000000705200000|  0%| F|  |TAMS 0x0000000705000000, 0x0000000705000000| Untracked 
|  34|0x0000000705200000, 0x0000000705200000, 0x0000000705400000|  0%| F|  |TAMS 0x0000000705200000, 0x0000000705200000| Untracked 
|  35|0x0000000705400000, 0x0000000705400000, 0x0000000705600000|  0%| F|  |TAMS 0x0000000705400000, 0x0000000705400000| Untracked 
|  36|0x0000000705600000, 0x0000000705600000, 0x0000000705800000|  0%| F|  |TAMS 0x0000000705600000, 0x0000000705600000| Untracked 
|  37|0x0000000705800000, 0x0000000705800000, 0x0000000705a00000|  0%| F|  |TAMS 0x0000000705800000, 0x0000000705800000| Untracked 
|  38|0x0000000705a00000, 0x0000000705a00000, 0x0000000705c00000|  0%| F|  |TAMS 0x0000000705a00000, 0x0000000705a00000| Untracked 
|  39|0x0000000705c00000, 0x0000000705c00000, 0x0000000705e00000|  0%| F|  |TAMS 0x0000000705c00000, 0x0000000705c00000| Untracked 
|  40|0x0000000705e00000, 0x0000000705e00000, 0x0000000706000000|  0%| F|  |TAMS 0x0000000705e00000, 0x0000000705e00000| Untracked 
|  41|0x0000000706000000, 0x0000000706000000, 0x0000000706200000|  0%| F|  |TAMS 0x0000000706000000, 0x0000000706000000| Untracked 
|  42|0x0000000706200000, 0x0000000706200000, 0x0000000706400000|  0%| F|  |TAMS 0x0000000706200000, 0x0000000706200000| Untracked 
|  43|0x0000000706400000, 0x0000000706400000, 0x0000000706600000|  0%| F|  |TAMS 0x0000000706400000, 0x0000000706400000| Untracked 
|  44|0x0000000706600000, 0x0000000706600000, 0x0000000706800000|  0%| F|  |TAMS 0x0000000706600000, 0x0000000706600000| Untracked 
|  45|0x0000000706800000, 0x0000000706800000, 0x0000000706a00000|  0%| F|  |TAMS 0x0000000706800000, 0x0000000706800000| Untracked 
|  46|0x0000000706a00000, 0x0000000706a00000, 0x0000000706c00000|  0%| F|  |TAMS 0x0000000706a00000, 0x0000000706a00000| Untracked 
|  47|0x0000000706c00000, 0x0000000706c00000, 0x0000000706e00000|  0%| F|  |TAMS 0x0000000706c00000, 0x0000000706c00000| Untracked 
|  48|0x0000000706e00000, 0x0000000706e00000, 0x0000000707000000|  0%| F|  |TAMS 0x0000000706e00000, 0x0000000706e00000| Untracked 
|  49|0x0000000707000000, 0x0000000707000000, 0x0000000707200000|  0%| F|  |TAMS 0x0000000707000000, 0x0000000707000000| Untracked 
|  50|0x0000000707200000, 0x0000000707200000, 0x0000000707400000|  0%| F|  |TAMS 0x0000000707200000, 0x0000000707200000| Untracked 
|  51|0x0000000707400000, 0x0000000707400000, 0x0000000707600000|  0%| F|  |TAMS 0x0000000707400000, 0x0000000707400000| Untracked 
|  52|0x0000000707600000, 0x0000000707600000, 0x0000000707800000|  0%| F|  |TAMS 0x0000000707600000, 0x0000000707600000| Untracked 
|  53|0x0000000707800000, 0x0000000707800000, 0x0000000707a00000|  0%| F|  |TAMS 0x0000000707800000, 0x0000000707800000| Untracked 
|  54|0x0000000707a00000, 0x0000000707a00000, 0x0000000707c00000|  0%| F|  |TAMS 0x0000000707a00000, 0x0000000707a00000| Untracked 
|  55|0x0000000707c00000, 0x0000000707c00000, 0x0000000707e00000|  0%| F|  |TAMS 0x0000000707c00000, 0x0000000707c00000| Untracked 
|  56|0x0000000707e00000, 0x0000000707e00000, 0x0000000708000000|  0%| F|  |TAMS 0x0000000707e00000, 0x0000000707e00000| Untracked 
|  57|0x0000000708000000, 0x0000000708000000, 0x0000000708200000|  0%| F|  |TAMS 0x0000000708000000, 0x0000000708000000| Untracked 
|  58|0x0000000708200000, 0x0000000708200000, 0x0000000708400000|  0%| F|  |TAMS 0x0000000708200000, 0x0000000708200000| Untracked 
|  59|0x0000000708400000, 0x0000000708400000, 0x0000000708600000|  0%| F|  |TAMS 0x0000000708400000, 0x0000000708400000| Untracked 
|  60|0x0000000708600000, 0x0000000708600000, 0x0000000708800000|  0%| F|  |TAMS 0x0000000708600000, 0x0000000708600000| Untracked 
|  61|0x0000000708800000, 0x0000000708800000, 0x0000000708a00000|  0%| F|  |TAMS 0x0000000708800000, 0x0000000708800000| Untracked 
|  62|0x0000000708a00000, 0x0000000708a00000, 0x0000000708c00000|  0%| F|  |TAMS 0x0000000708a00000, 0x0000000708a00000| Untracked 
|  63|0x0000000708c00000, 0x0000000708c00000, 0x0000000708e00000|  0%| F|  |TAMS 0x0000000708c00000, 0x0000000708c00000| Untracked 
|  64|0x0000000708e00000, 0x0000000708e00000, 0x0000000709000000|  0%| F|  |TAMS 0x0000000708e00000, 0x0000000708e00000| Untracked 
|  65|0x0000000709000000, 0x0000000709000000, 0x0000000709200000|  0%| F|  |TAMS 0x0000000709000000, 0x0000000709000000| Untracked 
|  66|0x0000000709200000, 0x0000000709200000, 0x0000000709400000|  0%| F|  |TAMS 0x0000000709200000, 0x0000000709200000| Untracked 
|  67|0x0000000709400000, 0x0000000709400000, 0x0000000709600000|  0%| F|  |TAMS 0x0000000709400000, 0x0000000709400000| Untracked 
|  68|0x0000000709600000, 0x0000000709600000, 0x0000000709800000|  0%| F|  |TAMS 0x0000000709600000, 0x0000000709600000| Untracked 
|  69|0x0000000709800000, 0x0000000709800000, 0x0000000709a00000|  0%| F|  |TAMS 0x0000000709800000, 0x0000000709800000| Untracked 
|  70|0x0000000709a00000, 0x0000000709a00000, 0x0000000709c00000|  0%| F|  |TAMS 0x0000000709a00000, 0x0000000709a00000| Untracked 
|  71|0x0000000709c00000, 0x0000000709c00000, 0x0000000709e00000|  0%| F|  |TAMS 0x0000000709c00000, 0x0000000709c00000| Untracked 
|  72|0x0000000709e00000, 0x0000000709e00000, 0x000000070a000000|  0%| F|  |TAMS 0x0000000709e00000, 0x0000000709e00000| Untracked 
|  73|0x000000070a000000, 0x000000070a000000, 0x000000070a200000|  0%| F|  |TAMS 0x000000070a000000, 0x000000070a000000| Untracked 
|  74|0x000000070a200000, 0x000000070a200000, 0x000000070a400000|  0%| F|  |TAMS 0x000000070a200000, 0x000000070a200000| Untracked 
|  75|0x000000070a400000, 0x000000070a400000, 0x000000070a600000|  0%| F|  |TAMS 0x000000070a400000, 0x000000070a400000| Untracked 
|  76|0x000000070a600000, 0x000000070a600000, 0x000000070a800000|  0%| F|  |TAMS 0x000000070a600000, 0x000000070a600000| Untracked 
|  77|0x000000070a800000, 0x000000070a800000, 0x000000070aa00000|  0%| F|  |TAMS 0x000000070a800000, 0x000000070a800000| Untracked 
|  78|0x000000070aa00000, 0x000000070aa00000, 0x000000070ac00000|  0%| F|  |TAMS 0x000000070aa00000, 0x000000070aa00000| Untracked 
|  79|0x000000070ac00000, 0x000000070ac00000, 0x000000070ae00000|  0%| F|  |TAMS 0x000000070ac00000, 0x000000070ac00000| Untracked 
|  80|0x000000070ae00000, 0x000000070ae00000, 0x000000070b000000|  0%| F|  |TAMS 0x000000070ae00000, 0x000000070ae00000| Untracked 
|  81|0x000000070b000000, 0x000000070b000000, 0x000000070b200000|  0%| F|  |TAMS 0x000000070b000000, 0x000000070b000000| Untracked 
|  82|0x000000070b200000, 0x000000070b200000, 0x000000070b400000|  0%| F|  |TAMS 0x000000070b200000, 0x000000070b200000| Untracked 
|  83|0x000000070b400000, 0x000000070b400000, 0x000000070b600000|  0%| F|  |TAMS 0x000000070b400000, 0x000000070b400000| Untracked 
|  84|0x000000070b600000, 0x000000070b600000, 0x000000070b800000|  0%| F|  |TAMS 0x000000070b600000, 0x000000070b600000| Untracked 
|  85|0x000000070b800000, 0x000000070b800000, 0x000000070ba00000|  0%| F|  |TAMS 0x000000070b800000, 0x000000070b800000| Untracked 
|  86|0x000000070ba00000, 0x000000070ba00000, 0x000000070bc00000|  0%| F|  |TAMS 0x000000070ba00000, 0x000000070ba00000| Untracked 
|  87|0x000000070bc00000, 0x000000070bc00000, 0x000000070be00000|  0%| F|  |TAMS 0x000000070bc00000, 0x000000070bc00000| Untracked 
|  88|0x000000070be00000, 0x000000070be00000, 0x000000070c000000|  0%| F|  |TAMS 0x000000070be00000, 0x000000070be00000| Untracked 
|  89|0x000000070c000000, 0x000000070c000000, 0x000000070c200000|  0%| F|  |TAMS 0x000000070c000000, 0x000000070c000000| Untracked 
|  90|0x000000070c200000, 0x000000070c200000, 0x000000070c400000|  0%| F|  |TAMS 0x000000070c200000, 0x000000070c200000| Untracked 
|  91|0x000000070c400000, 0x000000070c400000, 0x000000070c600000|  0%| F|  |TAMS 0x000000070c400000, 0x000000070c400000| Untracked 
|  92|0x000000070c600000, 0x000000070c600000, 0x000000070c800000|  0%| F|  |TAMS 0x000000070c600000, 0x000000070c600000| Untracked 
|  93|0x000000070c800000, 0x000000070c800000, 0x000000070ca00000|  0%| F|  |TAMS 0x000000070c800000, 0x000000070c800000| Untracked 
|  94|0x000000070ca00000, 0x000000070ca00000, 0x000000070cc00000|  0%| F|  |TAMS 0x000000070ca00000, 0x000000070ca00000| Untracked 
|  95|0x000000070cc00000, 0x000000070cc00000, 0x000000070ce00000|  0%| F|  |TAMS 0x000000070cc00000, 0x000000070cc00000| Untracked 
|  96|0x000000070ce00000, 0x000000070ce00000, 0x000000070d000000|  0%| F|  |TAMS 0x000000070ce00000, 0x000000070ce00000| Untracked 
|  97|0x000000070d000000, 0x000000070d000000, 0x000000070d200000|  0%| F|  |TAMS 0x000000070d000000, 0x000000070d000000| Untracked 
|  98|0x000000070d200000, 0x000000070d200000, 0x000000070d400000|  0%| F|  |TAMS 0x000000070d200000, 0x000000070d200000| Untracked 
|  99|0x000000070d400000, 0x000000070d400000, 0x000000070d600000|  0%| F|  |TAMS 0x000000070d400000, 0x000000070d400000| Untracked 
| 100|0x000000070d600000, 0x000000070d600000, 0x000000070d800000|  0%| F|  |TAMS 0x000000070d600000, 0x000000070d600000| Untracked 
| 101|0x000000070d800000, 0x000000070d800000, 0x000000070da00000|  0%| F|  |TAMS 0x000000070d800000, 0x000000070d800000| Untracked 
| 102|0x000000070da00000, 0x000000070da00000, 0x000000070dc00000|  0%| F|  |TAMS 0x000000070da00000, 0x000000070da00000| Untracked 
| 103|0x000000070dc00000, 0x000000070dc00000, 0x000000070de00000|  0%| F|  |TAMS 0x000000070dc00000, 0x000000070dc00000| Untracked 
| 104|0x000000070de00000, 0x000000070de00000, 0x000000070e000000|  0%| F|  |TAMS 0x000000070de00000, 0x000000070de00000| Untracked 
| 105|0x000000070e000000, 0x000000070e000000, 0x000000070e200000|  0%| F|  |TAMS 0x000000070e000000, 0x000000070e000000| Untracked 
| 106|0x000000070e200000, 0x000000070e200000, 0x000000070e400000|  0%| F|  |TAMS 0x000000070e200000, 0x000000070e200000| Untracked 
| 107|0x000000070e400000, 0x000000070e400000, 0x000000070e600000|  0%| F|  |TAMS 0x000000070e400000, 0x000000070e400000| Untracked 
| 108|0x000000070e600000, 0x000000070e600000, 0x000000070e800000|  0%| F|  |TAMS 0x000000070e600000, 0x000000070e600000| Untracked 
| 109|0x000000070e800000, 0x000000070e800000, 0x000000070ea00000|  0%| F|  |TAMS 0x000000070e800000, 0x000000070e800000| Untracked 
| 110|0x000000070ea00000, 0x000000070ea00000, 0x000000070ec00000|  0%| F|  |TAMS 0x000000070ea00000, 0x000000070ea00000| Untracked 
| 111|0x000000070ec00000, 0x000000070ec00000, 0x000000070ee00000|  0%| F|  |TAMS 0x000000070ec00000, 0x000000070ec00000| Untracked 
| 112|0x000000070ee00000, 0x000000070ee00000, 0x000000070f000000|  0%| F|  |TAMS 0x000000070ee00000, 0x000000070ee00000| Untracked 
| 113|0x000000070f000000, 0x000000070f000000, 0x000000070f200000|  0%| F|  |TAMS 0x000000070f000000, 0x000000070f000000| Untracked 
| 114|0x000000070f200000, 0x000000070f200000, 0x000000070f400000|  0%| F|  |TAMS 0x000000070f200000, 0x000000070f200000| Untracked 
| 115|0x000000070f400000, 0x000000070f4ebd20, 0x000000070f600000| 46%| S|CS|TAMS 0x000000070f400000, 0x000000070f400000| Complete 
| 116|0x000000070f600000, 0x000000070f800000, 0x000000070f800000|100%| S|CS|TAMS 0x000000070f600000, 0x000000070f600000| Complete 
| 117|0x000000070f800000, 0x000000070f800000, 0x000000070fa00000|  0%| F|  |TAMS 0x000000070f800000, 0x000000070f800000| Untracked 
| 118|0x000000070fa00000, 0x000000070fa00000, 0x000000070fc00000|  0%| F|  |TAMS 0x000000070fa00000, 0x000000070fa00000| Untracked 
| 119|0x000000070fc00000, 0x000000070fe00000, 0x000000070fe00000|100%| E|  |TAMS 0x000000070fc00000, 0x000000070fc00000| Complete 
| 120|0x000000070fe00000, 0x0000000710000000, 0x0000000710000000|100%| E|CS|TAMS 0x000000070fe00000, 0x000000070fe00000| Complete 
| 121|0x0000000710000000, 0x0000000710200000, 0x0000000710200000|100%| E|CS|TAMS 0x0000000710000000, 0x0000000710000000| Complete 
| 122|0x0000000710200000, 0x0000000710400000, 0x0000000710400000|100%| E|CS|TAMS 0x0000000710200000, 0x0000000710200000| Complete 
| 123|0x0000000710400000, 0x0000000710600000, 0x0000000710600000|100%| E|CS|TAMS 0x0000000710400000, 0x0000000710400000| Complete 
| 124|0x0000000710600000, 0x0000000710800000, 0x0000000710800000|100%| E|CS|TAMS 0x0000000710600000, 0x0000000710600000| Complete 
| 125|0x0000000710800000, 0x0000000710a00000, 0x0000000710a00000|100%| E|CS|TAMS 0x0000000710800000, 0x0000000710800000| Complete 
| 126|0x0000000710a00000, 0x0000000710c00000, 0x0000000710c00000|100%| E|CS|TAMS 0x0000000710a00000, 0x0000000710a00000| Complete 
| 127|0x0000000710c00000, 0x0000000710e00000, 0x0000000710e00000|100%| E|CS|TAMS 0x0000000710c00000, 0x0000000710c00000| Complete 

Card table byte_map: [0x0000020e7aaf0000,0x0000020e7b2f0000] _byte_map_base: 0x0000020e772e9000

Marking Bits (Prev, Next): (CMBitMap*) 0x0000020e63790250, (CMBitMap*) 0x0000020e63790290
 Prev Bits: [0x0000020e7baf0000, 0x0000020e7fab8000)
 Next Bits: [0x0000020e00000000, 0x0000020e03fc8000)

Polling page: 0x0000020e61700000

Metaspace:

Usage:
  Non-class:     12.61 MB used.
      Class:      1.17 MB used.
       Both:     13.78 MB used.

Virtual space:
  Non-class space:       16.00 MB reserved,      12.75 MB ( 80%) committed,  2 nodes.
      Class space:        1.00 GB reserved,       1.31 MB ( <1%) committed,  1 nodes.
             Both:        1.02 GB reserved,      14.06 MB (  1%) committed. 

Chunk freelists:
   Non-Class:  2.92 MB
       Class:  2.67 MB
        Both:  5.59 MB

MaxMetaspaceSize: unlimited
CompressedClassSpaceSize: 1.00 GB
Initial GC threshold: 21.00 MB
Current GC threshold: 21.00 MB
CDS: on
MetaspaceReclaimPolicy: balanced
 - commit_granule_bytes: 65536.
 - commit_granule_words: 8192.
 - virtual_space_node_default_size: 1048576.
 - enlarge_chunks_in_place: 1.
 - new_chunks_are_fully_committed: 0.
 - uncommit_free_chunks: 1.
 - use_allocation_guard: 0.
 - handle_deallocations: 1.


Internal statistics:

num_allocs_failed_limit: 0.
num_arena_births: 186.
num_arena_deaths: 0.
num_vsnodes_births: 3.
num_vsnodes_deaths: 0.
num_space_committed: 223.
num_space_uncommitted: 0.
num_chunks_returned_to_freelist: 0.
num_chunks_taken_from_freelist: 500.
num_chunk_merges: 0.
num_chunk_splits: 331.
num_chunks_enlarged: 233.
num_purges: 0.
num_inconsistent_stats: 0.

CodeHeap 'non-profiled nmethods': size=120000Kb used=802Kb max_used=802Kb free=119197Kb
 bounds [0x0000020e72a80000, 0x0000020e72cf0000, 0x0000020e79fb0000]
CodeHeap 'profiled nmethods': size=120000Kb used=3666Kb max_used=3666Kb free=116333Kb
 bounds [0x0000020e6afb0000, 0x0000020e6b350000, 0x0000020e724e0000]
CodeHeap 'non-nmethods': size=5760Kb used=1834Kb max_used=1864Kb free=3925Kb
 bounds [0x0000020e724e0000, 0x0000020e72750000, 0x0000020e72a80000]
 total_blobs=3213 nmethods=1968 adapters=1158
 compilation: enabled
              stopped_count=0, restarted_count=0
 full_count=0

Compilation events (20 events):
Event: 6.610 Thread 0x0000020e065f8450 nmethod 1960 0x0000020e6b33fa90 code [0x0000020e6b33fc80, 0x0000020e6b33ffe8]
Event: 6.610 Thread 0x0000020e065f8450 1961       3       org.lwjgl.system.MemoryUtil::memLengthNT1 (31 bytes)
Event: 6.610 Thread 0x0000020e065f8450 nmethod 1961 0x0000020e6b340190 code [0x0000020e6b340360, 0x0000020e6b340618]
Event: 6.610 Thread 0x0000020e065f8450 1962       3       org.lwjgl.system.MemoryUtil::memASCII (54 bytes)
Event: 6.610 Thread 0x0000020e065f8450 nmethod 1962 0x0000020e6b340790 code [0x0000020e6b3409c0, 0x0000020e6b3412f8]
Event: 6.610 Thread 0x0000020e065f8450 1963       3       org.lwjgl.system.MemoryUtil::memByteBuffer (29 bytes)
Event: 6.611 Thread 0x0000020e065f8450 nmethod 1963 0x0000020e6b341590 code [0x0000020e6b341780, 0x0000020e6b341b68]
Event: 6.611 Thread 0x0000020e065f8450 1964       3       java.nio.ByteBuffer::get (54 bytes)
Event: 6.611 Thread 0x0000020e065f8450 nmethod 1964 0x0000020e6b341d10 code [0x0000020e6b341f20, 0x0000020e6b342478]
Event: 6.611 Thread 0x0000020e065f8450 1965   !   3       java.nio.ByteBuffer::getArray (121 bytes)
Event: 6.612 Thread 0x0000020e065f8450 nmethod 1965 0x0000020e6b342710 code [0x0000020e6b3429a0, 0x0000020e6b343658]
Event: 6.612 Thread 0x0000020e065f8450 1966       3       java.lang.String::<init> (127 bytes)
Event: 6.612 Thread 0x0000020e065f8450 nmethod 1966 0x0000020e6b343d10 code [0x0000020e6b343f00, 0x0000020e6b344468]
Event: 6.620 Thread 0x0000020e065f8450 1968       3       org.lwjgl.system.CustomBuffer::remaining (10 bytes)
Event: 6.620 Thread 0x0000020e065f8450 nmethod 1968 0x0000020e6b344690 code [0x0000020e6b344820, 0x0000020e6b344938]
Event: 6.840 Thread 0x0000020e065f3570 nmethod 1948 0x0000020e72b38490 code [0x0000020e72b393e0, 0x0000020e72b42d38]
Event: 6.840 Thread 0x0000020e065f3570 1967       4       org.lwjgl.system.MemoryUtil::memPutAddress (29 bytes)
Event: 6.840 Thread 0x0000020e065f3570 nmethod 1967 0x0000020e72b48590 code [0x0000020e72b48700, 0x0000020e72b48758]
Event: 6.840 Thread 0x0000020e065f3570 1958       4       sun.misc.Unsafe::getByte (9 bytes)
Event: 6.841 Thread 0x0000020e065f3570 nmethod 1958 0x0000020e72b48890 code [0x0000020e72b48a00, 0x0000020e72b48a98]

GC Heap History (2 events):
Event: 3.921 GC heap before
{Heap before GC invocations=0 (full 0):
 garbage-first heap   total 262144K, used 22528K [0x0000000700e00000, 0x0000000800000000)
  region size 2048K, 11 young (22528K), 0 survivors (0K)
 Metaspace       used 7179K, committed 7360K, reserved 1056768K
  class space    used 667K, committed 768K, reserved 1048576K
}
Event: 3.924 GC heap after
{Heap after GC invocations=1 (full 0):
 garbage-first heap   total 262144K, used 2991K [0x0000000700e00000, 0x0000000800000000)
  region size 2048K, 2 young (4096K), 2 survivors (4096K)
 Metaspace       used 7179K, committed 7360K, reserved 1056768K
  class space    used 667K, committed 768K, reserved 1048576K
}

Deoptimization events (20 events):
Event: 4.169 Thread 0x0000020e63725560 DEOPT PACKING pc=0x0000020e6b2c1608 sp=0x0000002c693fe6a0
Event: 4.169 Thread 0x0000020e63725560 DEOPT UNPACKING pc=0x0000020e72532b43 sp=0x0000002c693fdb78 mode 0
Event: 4.169 Thread 0x0000020e63725560 DEOPT PACKING pc=0x0000020e6b2c1608 sp=0x0000002c693fe6a0
Event: 4.169 Thread 0x0000020e63725560 DEOPT UNPACKING pc=0x0000020e72532b43 sp=0x0000002c693fdb78 mode 0
Event: 4.169 Thread 0x0000020e63725560 DEOPT PACKING pc=0x0000020e6b2c1608 sp=0x0000002c693fe6a0
Event: 4.169 Thread 0x0000020e63725560 DEOPT UNPACKING pc=0x0000020e72532b43 sp=0x0000002c693fdb78 mode 0
Event: 4.169 Thread 0x0000020e63725560 DEOPT PACKING pc=0x0000020e6b2c1608 sp=0x0000002c693fe6a0
Event: 4.169 Thread 0x0000020e63725560 DEOPT UNPACKING pc=0x0000020e72532b43 sp=0x0000002c693fdb78 mode 0
Event: 4.169 Thread 0x0000020e63725560 DEOPT PACKING pc=0x0000020e6b2c1608 sp=0x0000002c693fe6a0
Event: 4.169 Thread 0x0000020e63725560 DEOPT UNPACKING pc=0x0000020e72532b43 sp=0x0000002c693fdb78 mode 0
Event: 4.169 Thread 0x0000020e63725560 DEOPT PACKING pc=0x0000020e6b2c1608 sp=0x0000002c693fe6a0
Event: 4.169 Thread 0x0000020e63725560 DEOPT UNPACKING pc=0x0000020e72532b43 sp=0x0000002c693fdb78 mode 0
Event: 4.170 Thread 0x0000020e63725560 DEOPT PACKING pc=0x0000020e6b2c1608 sp=0x0000002c693fe6a0
Event: 4.170 Thread 0x0000020e63725560 DEOPT UNPACKING pc=0x0000020e72532b43 sp=0x0000002c693fdb78 mode 0
Event: 4.170 Thread 0x0000020e63725560 DEOPT PACKING pc=0x0000020e6b2c1608 sp=0x0000002c693fe6a0
Event: 4.170 Thread 0x0000020e63725560 DEOPT UNPACKING pc=0x0000020e72532b43 sp=0x0000002c693fdb78 mode 0
Event: 4.220 Thread 0x0000020e63725560 Uncommon trap: trap_request=0xffffff45 fr.pc=0x0000020e72b16624 relative=0x0000000000000084
Event: 4.220 Thread 0x0000020e63725560 Uncommon trap: reason=unstable_if action=reinterpret pc=0x0000020e72b16624 method=java.lang.Integer.compare(II)I @ 2 c2
Event: 4.220 Thread 0x0000020e63725560 DEOPT PACKING pc=0x0000020e72b16624 sp=0x0000002c693fed30
Event: 4.220 Thread 0x0000020e63725560 DEOPT UNPACKING pc=0x0000020e725323a3 sp=0x0000002c693fec08 mode 2

Classes unloaded (0 events):
No events

Classes redefined (0 events):
No events

Internal exceptions (20 events):
Event: 3.251 Thread 0x0000020e63725560 Exception <a 'java/lang/NoSuchMethodError'{0x0000000710967e20}: 'java.lang.Object java.lang.invoke.DirectMethodHandle$Holder.newInvokeSpecial(java.lang.Object, java.lang.Object, long)'> (0x0000000710967e20) 
thrown [s\open\src\hotspot\share\interpreter\linkResolver.cpp, line 759]
Event: 3.252 Thread 0x0000020e63725560 Exception <a 'java/lang/NoSuchMethodError'{0x000000071096be68}: 'java.lang.Object java.lang.invoke.Invokers$Holder.linkToTargetMethod(java.lang.Object, long, java.lang.Object)'> (0x000000071096be68) 
thrown [s\open\src\hotspot\share\interpreter\linkResolver.cpp, line 759]
Event: 3.254 Thread 0x0000020e63725560 Exception <a 'java/lang/NoSuchMethodError'{0x0000000710973580}: 'int java.lang.invoke.DirectMethodHandle$Holder.invokeStaticInit(java.lang.Object, java.lang.Object, java.lang.Object, long)'> (0x0000000710973580) 
thrown [s\open\src\hotspot\share\interpreter\linkResolver.cpp, line 759]
Event: 3.288 Thread 0x0000020e63725560 Exception <a 'sun/nio/fs/WindowsException'{0x00000007106377e8}> (0x00000007106377e8) 
thrown [s\open\src\hotspot\share\prims\jni.cpp, line 516]
Event: 3.288 Thread 0x0000020e63725560 Exception <a 'sun/nio/fs/WindowsException'{0x0000000710637b48}> (0x0000000710637b48) 
thrown [s\open\src\hotspot\share\prims\jni.cpp, line 516]
Event: 3.450 Thread 0x0000020e63725560 Exception <a 'java/lang/NoSuchMethodError'{0x000000071069c680}: 'void java.lang.invoke.DirectMethodHandle$Holder.invokeStaticInit(java.lang.Object, long, double, double)'> (0x000000071069c680) 
thrown [s\open\src\hotspot\share\interpreter\linkResolver.cpp, line 759]
Event: 3.453 Thread 0x0000020e63725560 Exception <a 'java/lang/NoSuchMethodError'{0x00000007106ac9b0}: 'void java.lang.invoke.DirectMethodHandle$Holder.invokeStaticInit(java.lang.Object, long, int, int, int)'> (0x00000007106ac9b0) 
thrown [s\open\src\hotspot\share\interpreter\linkResolver.cpp, line 759]
Event: 3.459 Thread 0x0000020e63725560 Exception <a 'java/lang/NoSuchMethodError'{0x00000007106c71b0}: 'void java.lang.invoke.DirectMethodHandle$Holder.invokeStaticInit(java.lang.Object, long, int, int, int, int)'> (0x00000007106c71b0) 
thrown [s\open\src\hotspot\share\interpreter\linkResolver.cpp, line 759]
Event: 3.487 Thread 0x0000020e63725560 Exception <a 'sun/nio/fs/WindowsException'{0x00000007106fef20}> (0x00000007106fef20) 
thrown [s\open\src\hotspot\share\prims\jni.cpp, line 516]
Event: 3.487 Thread 0x0000020e63725560 Exception <a 'sun/nio/fs/WindowsException'{0x00000007106ff2c0}> (0x00000007106ff2c0) 
thrown [s\open\src\hotspot\share\prims\jni.cpp, line 516]
Event: 3.493 Thread 0x0000020e63725560 Exception <a 'sun/nio/fs/WindowsException'{0x000000071070ab10}> (0x000000071070ab10) 
thrown [s\open\src\hotspot\share\prims\jni.cpp, line 516]
Event: 3.493 Thread 0x0000020e63725560 Exception <a 'sun/nio/fs/WindowsException'{0x000000071070ade0}> (0x000000071070ade0) 
thrown [s\open\src\hotspot\share\prims\jni.cpp, line 516]
Event: 3.633 Thread 0x0000020e63725560 Exception <a 'sun/nio/fs/WindowsException'{0x0000000710557038}> (0x0000000710557038) 
thrown [s\open\src\hotspot\share\prims\jni.cpp, line 516]
Event: 3.633 Thread 0x0000020e63725560 Exception <a 'sun/nio/fs/WindowsException'{0x00000007105573b8}> (0x00000007105573b8) 
thrown [s\open\src\hotspot\share\prims\jni.cpp, line 516]
Event: 3.711 Thread 0x0000020e63725560 Exception <a 'java/lang/NullPointerException'{0x00000007101093f0}> (0x00000007101093f0) 
thrown [s\open\src\hotspot\share\interpreter\linkResolver.cpp, line 1433]
Event: 4.050 Thread 0x0000020e63725560 Exception <a 'java/lang/ClassNotFoundException'{0x0000000710a81df0}: sun/awt/resources/spi/awtProvider> (0x0000000710a81df0) 
thrown [s\open\src\hotspot\share\classfile\systemDictionary.cpp, line 256]
Event: 4.057 Thread 0x0000020e63725560 Exception <a 'java/io/FileNotFoundException'{0x0000000710aaded8}> (0x0000000710aaded8) 
thrown [s\open\src\hotspot\share\prims\jni.cpp, line 516]
Event: 4.057 Thread 0x0000020e63725560 Exception <a 'java/io/FileNotFoundException'{0x0000000710aaf428}> (0x0000000710aaf428) 
thrown [s\open\src\hotspot\share\prims\jni.cpp, line 516]
Event: 4.072 Thread 0x0000020e63725560 Exception <a 'java/lang/NoSuchMethodError'{0x0000000710aea300}: 'java.lang.Object java.lang.invoke.DirectMethodHandle$Holder.invokeStaticInit(java.lang.Object, int, int, int, int)'> (0x0000000710aea300) 
thrown [s\open\src\hotspot\share\interpreter\linkResolver.cpp, line 759]
Event: 4.122 Thread 0x0000020e63725560 Exception <a 'java/lang/NoSuchMethodError'{0x0000000710ba1890}: 'java.lang.Object java.lang.invoke.DirectMethodHandle$Holder.invokeStaticInit(java.lang.Object, java.lang.Object, int, int, int, int)'> (0x0000000710ba1890) 
thrown [s\open\src\hotspot\share\interpreter\linkResolver.cpp, line 759]

VM Operations (20 events):
Event: 16.259 Executing VM operation: ChangeSingleStep
Event: 16.259 Executing VM operation: ChangeSingleStep done
Event: 16.259 Executing VM operation: ChangeSingleStep
Event: 16.259 Executing VM operation: ChangeSingleStep done
Event: 16.260 Executing VM operation: ChangeSingleStep
Event: 16.260 Executing VM operation: ChangeSingleStep done
Event: 16.260 Executing VM operation: ChangeSingleStep
Event: 16.260 Executing VM operation: ChangeSingleStep done
Event: 16.260 Executing VM operation: ChangeSingleStep
Event: 16.260 Executing VM operation: ChangeSingleStep done
Event: 16.262 Executing VM operation: get/set locals
Event: 16.262 Executing VM operation: get/set locals done
Event: 16.262 Executing VM operation: get/set locals
Event: 16.262 Executing VM operation: get/set locals done
Event: 16.858 Executing VM operation: ChangeSingleStep
Event: 16.859 Executing VM operation: ChangeSingleStep done
Event: 16.859 Executing VM operation: ChangeSingleStep
Event: 16.859 Executing VM operation: ChangeSingleStep done
Event: 16.900 Executing VM operation: HandshakeAllThreads
Event: 16.900 Executing VM operation: HandshakeAllThreads done

Events (20 events):
Event: 6.573 loading class sun/awt/AWTAutoShutdown$1 done
Event: 6.573 Thread 0x0000020e12d48020 Thread exited: 0x0000020e12d48020
Event: 6.573 Thread 0x0000020e12a08050 Thread exited: 0x0000020e12a08050
Event: 6.573 Thread 0x0000020e127a5a40 Thread exited: 0x0000020e127a5a40
Event: 16.873 loading class jdk/internal/module/ModulePatcher$PatchedModuleReader
Event: 16.873 loading class jdk/internal/module/ModulePatcher$PatchedModuleReader done
Event: 16.873 loading class sun/net/www/protocol/jrt/Handler
Event: 16.873 loading class sun/net/www/protocol/jrt/Handler done
Event: 16.892 loading class sun/util/resources/LocaleData$CommonResourceBundleProvider
Event: 16.892 loading class sun/util/resources/LocaleData$LocaleDataResourceBundleProvider
Event: 16.892 loading class java/util/spi/ResourceBundleProvider
Event: 16.892 loading class java/util/spi/ResourceBundleProvider done
Event: 16.892 loading class sun/util/resources/LocaleData$LocaleDataResourceBundleProvider done
Event: 16.892 loading class sun/util/resources/LocaleData$CommonResourceBundleProvider done
Event: 16.892 loading class java/util/ArrayList$SubList$1
Event: 16.892 loading class java/util/ArrayList$SubList$1 done
Event: 16.893 loading class sun/text/resources/cldr/FormatData_en
Event: 16.893 loading class sun/text/resources/cldr/FormatData_en done
Event: 16.893 loading class sun/util/resources/Bundles$2
Event: 16.893 loading class sun/util/resources/Bundles$2 done


Dynamic libraries:
0x00007ff6107e0000 - 0x00007ff6107f0000 	C:\Program Files\Java\jdk-17\bin\java.exe
0x00007ff87eb30000 - 0x00007ff87ed28000 	C:\WINDOWS\SYSTEM32\ntdll.dll
0x00007ff87e060000 - 0x00007ff87e11d000 	C:\WINDOWS\System32\KERNEL32.DLL
0x00007ff87c890000 - 0x00007ff87cb86000 	C:\WINDOWS\System32\KERNELBASE.dll
0x00007ff87c370000 - 0x00007ff87c470000 	C:\WINDOWS\System32\ucrtbase.dll
0x00007ff8621c0000 - 0x00007ff8621db000 	C:\Program Files\Java\jdk-17\bin\VCRUNTIME140.dll
0x00007ff864aa0000 - 0x00007ff864ab9000 	C:\Program Files\Java\jdk-17\bin\jli.dll
0x00007ff87d0b0000 - 0x00007ff87d15f000 	C:\WINDOWS\System32\ADVAPI32.dll
0x00007ff87d5a0000 - 0x00007ff87d63e000 	C:\WINDOWS\System32\msvcrt.dll
0x00007ff87e870000 - 0x00007ff87e90c000 	C:\WINDOWS\System32\sechost.dll
0x00007ff87cb90000 - 0x00007ff87ccb6000 	C:\WINDOWS\System32\RPCRT4.dll
0x00007ff87d2d0000 - 0x00007ff87d46e000 	C:\WINDOWS\System32\USER32.dll
0x00007ff87c7e0000 - 0x00007ff87c802000 	C:\WINDOWS\System32\win32u.dll
0x00007ff862970000 - 0x00007ff862c0a000 	C:\WINDOWS\WinSxS\amd64_microsoft.windows.common-controls_6595b64144ccf1df_6.0.19041.3636_none_60b6a03d71f818d5\COMCTL32.dll
0x00007ff87d170000 - 0x00007ff87d19c000 	C:\WINDOWS\System32\GDI32.dll
0x00007ff87c520000 - 0x00007ff87c63a000 	C:\WINDOWS\System32\gdi32full.dll
0x00007ff87c6b0000 - 0x00007ff87c74d000 	C:\WINDOWS\System32\msvcp_win.dll
0x00007ff873950000 - 0x00007ff87395a000 	C:\WINDOWS\SYSTEM32\VERSION.dll
0x00007ff87ced0000 - 0x00007ff87cf00000 	C:\WINDOWS\System32\IMM32.DLL
0x00007ff8752e0000 - 0x00007ff8752ec000 	C:\Program Files\Java\jdk-17\bin\vcruntime140_1.dll
0x00007fffb8ec0000 - 0x00007fffb8f4e000 	C:\Program Files\Java\jdk-17\bin\msvcp140.dll
0x00007fffa15c0000 - 0x00007fffa219d000 	C:\Program Files\Java\jdk-17\bin\server\jvm.dll
0x00007ff87d160000 - 0x00007ff87d168000 	C:\WINDOWS\System32\PSAPI.DLL
0x00007ff875300000 - 0x00007ff875309000 	C:\WINDOWS\SYSTEM32\WSOCK32.dll
0x00007ff8726e0000 - 0x00007ff872707000 	C:\WINDOWS\SYSTEM32\WINMM.dll
0x00007ff87d4d0000 - 0x00007ff87d53b000 	C:\WINDOWS\System32\WS2_32.dll
0x00007ff87a0b0000 - 0x00007ff87a0c2000 	C:\WINDOWS\SYSTEM32\kernel.appcore.dll
0x00007ff8750a0000 - 0x00007ff8750aa000 	C:\Program Files\Java\jdk-17\bin\jimage.dll
0x00007ff86b330000 - 0x00007ff86b514000 	C:\WINDOWS\SYSTEM32\DBGHELP.DLL
0x00007ff86f510000 - 0x00007ff86f544000 	C:\WINDOWS\SYSTEM32\dbgcore.DLL
0x00007ff87c750000 - 0x00007ff87c7d2000 	C:\WINDOWS\System32\bcryptPrimitives.dll
0x00007ff8669c0000 - 0x00007ff8669fb000 	C:\Program Files\Java\jdk-17\bin\jdwp.dll
0x00007ff842d80000 - 0x00007ff842da5000 	C:\Program Files\Java\jdk-17\bin\java.dll
0x00007fffb8de0000 - 0x00007fffb8eb7000 	C:\Program Files\Java\jdk-17\bin\jsvml.dll
0x00007ff87e120000 - 0x00007ff87e864000 	C:\WINDOWS\System32\SHELL32.dll
0x00007ff87a2b0000 - 0x00007ff87aa4b000 	C:\WINDOWS\SYSTEM32\windows.storage.dll
0x00007ff87d810000 - 0x00007ff87db64000 	C:\WINDOWS\System32\combase.dll
0x00007ff87baa0000 - 0x00007ff87bacd000 	C:\WINDOWS\SYSTEM32\Wldp.dll
0x00007ff87e910000 - 0x00007ff87e9bd000 	C:\WINDOWS\System32\SHCORE.dll
0x00007ff87d670000 - 0x00007ff87d6c5000 	C:\WINDOWS\System32\shlwapi.dll
0x00007ff87c140000 - 0x00007ff87c165000 	C:\WINDOWS\SYSTEM32\profapi.dll
0x00007ff877420000 - 0x00007ff87742c000 	C:\Program Files\Java\jdk-17\bin\dt_socket.dll
0x00007ff87b590000 - 0x00007ff87b5cb000 	C:\WINDOWS\SYSTEM32\IPHLPAPI.DLL
0x00007ff87b880000 - 0x00007ff87b8ea000 	C:\WINDOWS\system32\mswsock.dll
0x00007ff85d090000 - 0x00007ff85d0a9000 	C:\Program Files\Java\jdk-17\bin\net.dll
0x00007ff874a00000 - 0x00007ff874b0a000 	C:\WINDOWS\SYSTEM32\WINHTTP.dll
0x00007ff855520000 - 0x00007ff855536000 	C:\Program Files\Java\jdk-17\bin\nio.dll
0x00007ff84b9a0000 - 0x00007ff84b9b8000 	C:\Program Files\Java\jdk-17\bin\zip.dll
0x00007fffbd9c0000 - 0x00007fffbda3b000 	C:\Users\agent\AppData\Local\Temp\lwjgl_agent\3.3.3+5\x64\lwjgl.dll
0x00007fffbd8b0000 - 0x00007fffbd932000 	C:\Users\agent\AppData\Local\Temp\lwjgl_agent\3.3.3+5\x64\glfw.dll
0x00007ff858e60000 - 0x00007ff858ea5000 	C:\WINDOWS\SYSTEM32\dinput8.dll
0x00007ff8669a0000 - 0x00007ff8669b1000 	C:\WINDOWS\SYSTEM32\xinput1_4.dll
0x00007ff87c840000 - 0x00007ff87c88e000 	C:\WINDOWS\System32\cfgmgr32.dll
0x00007ff87bfa0000 - 0x00007ff87bfd3000 	C:\WINDOWS\SYSTEM32\DEVOBJ.dll
0x00007ff879dc0000 - 0x00007ff879def000 	C:\WINDOWS\SYSTEM32\dwmapi.dll
0x00007ff876b60000 - 0x00007ff876cb2000 	C:\WINDOWS\SYSTEM32\inputhost.dll
0x00007ff87ea20000 - 0x00007ff87eaed000 	C:\WINDOWS\System32\OLEAUT32.dll
0x00007ff877d60000 - 0x00007ff877e56000 	C:\WINDOWS\SYSTEM32\PROPSYS.dll
0x00007ff878cb0000 - 0x00007ff878e05000 	C:\WINDOWS\SYSTEM32\wintypes.dll
0x00007ff8796f0000 - 0x00007ff8797e2000 	C:\WINDOWS\SYSTEM32\CoreMessaging.dll
0x00007ff879380000 - 0x00007ff8796db000 	C:\WINDOWS\SYSTEM32\CoreUIComponents.dll
0x00007ff87b2f0000 - 0x00007ff87b323000 	C:\WINDOWS\SYSTEM32\ntmarta.dll
0x00007ff879be0000 - 0x00007ff879c7e000 	C:\WINDOWS\system32\uxtheme.dll
0x00007ff87d1b0000 - 0x00007ff87d2c4000 	C:\WINDOWS\System32\MSCTF.dll
0x00007fffcccf0000 - 0x00007fffcce15000 	C:\WINDOWS\SYSTEM32\opengl32.dll
0x00007fffcc800000 - 0x00007fffcc82c000 	C:\WINDOWS\SYSTEM32\GLU32.dll
0x00007ff87d6d0000 - 0x00007ff87d779000 	C:\WINDOWS\System32\clbcatq.dll
0x00007ff876960000 - 0x00007ff87698d000 	C:\WINDOWS\System32\DriverStore\FileRepository\u0395045.inf_amd64_cb9a543331727801\B394905\atig6pxx.dll
0x00007fff99d80000 - 0x00007fff9e422000 	C:\WINDOWS\System32\DriverStore\FileRepository\u0395045.inf_amd64_cb9a543331727801\B394905\atio6axx.dll
0x00007ff87db70000 - 0x00007ff87dfde000 	C:\WINDOWS\System32\SETUPAPI.dll
0x00007ff87c810000 - 0x00007ff87c837000 	C:\WINDOWS\System32\bcrypt.dll
0x00007ff86ff60000 - 0x00007ff86ff95000 	C:\WINDOWS\SYSTEM32\amdihk64.dll
0x00007ff87c640000 - 0x00007ff87c6a7000 	C:\WINDOWS\System32\WINTRUST.dll
0x00007ff87c210000 - 0x00007ff87c36d000 	C:\WINDOWS\System32\CRYPT32.dll
0x00007ff87bde0000 - 0x00007ff87bdf2000 	C:\WINDOWS\SYSTEM32\MSASN1.dll
0x00007ff8759b0000 - 0x00007ff875aaa000 	C:\WINDOWS\SYSTEM32\textinputframework.dll
0x00007fffbd850000 - 0x00007fffbd8ae000 	C:\Users\agent\AppData\Local\Temp\lwjgl_agent\3.3.3+5\x64\lwjgl_opengl.dll
0x00007fffbb5c0000 - 0x00007fffbb642000 	C:\Users\agent\AppData\Local\Temp\lwjgl_agent\3.3.3+5\x64\lwjgl_stb.dll
0x00007ff866ad0000 - 0x00007ff866ae0000 	C:\Program Files\Java\jdk-17\bin\verify.dll
0x00007fffb8c40000 - 0x00007fffb8dd1000 	C:\Program Files\Java\jdk-17\bin\awt.dll
0x00007ff879a40000 - 0x00007ff879ad0000 	C:\WINDOWS\SYSTEM32\apphelp.dll
0x00007ff87bae0000 - 0x00007ff87baf8000 	C:\WINDOWS\SYSTEM32\CRYPTSP.dll
0x00007ff87b1d0000 - 0x00007ff87b204000 	C:\WINDOWS\system32\rsaenh.dll
0x00007ff87c0c0000 - 0x00007ff87c0ee000 	C:\WINDOWS\SYSTEM32\USERENV.dll
0x00007ff87ba10000 - 0x00007ff87ba1c000 	C:\WINDOWS\SYSTEM32\CRYPTBASE.dll
0x00007ff87d1a0000 - 0x00007ff87d1a8000 	C:\WINDOWS\System32\NSI.dll
0x00007ff875b80000 - 0x00007ff875b97000 	C:\WINDOWS\SYSTEM32\dhcpcsvc6.DLL
0x00007ff875b60000 - 0x00007ff875b7d000 	C:\WINDOWS\SYSTEM32\dhcpcsvc.DLL
0x00007ff87b5d0000 - 0x00007ff87b69a000 	C:\WINDOWS\SYSTEM32\DNSAPI.dll
0x00007ff87cda0000 - 0x00007ff87cecb000 	C:\WINDOWS\System32\ole32.dll

dbghelp: loaded successfully - version: 4.0.5 - missing functions: none
symbol engine: initialized successfully - sym options: 0x614 - pdb path: .;C:\Program Files\Java\jdk-17\bin;C:\WINDOWS\SYSTEM32;C:\WINDOWS\WinSxS\amd64_microsoft.windows.common-controls_6595b64144ccf1df_6.0.19041.3636_none_60b6a03d71f818d5;C:\Program Files\Java\jdk-17\bin\server;C:\Users\agent\AppData\Local\Temp\lwjgl_agent\3.3.3+5\x64;C:\WINDOWS\System32\DriverStore\FileRepository\u0395045.inf_amd64_cb9a543331727801\B394905

VM Arguments:
jvm_args: -agentlib:jdwp=transport=dt_socket,server=n,suspend=y,address=127.0.0.1:65176 -Dfile.encoding=windows-1252 -Duser.country=GB -Duser.language=en -Duser.variant -ea 
java_command: Main
java_class_path (initial): C:\Users\agent\Documents\Git Repositories\GrassLanders\build\classes\java\main;C:\Users\agent\Documents\Git Repositories\GrassLanders\build\resources\main;C:\Users\agent\.gradle\caches\modules-2\files-2.1\org.lwjgl\lwjgl-assimp\3.3.3\c2c34011cbda30ed8cf98bc5cbf97b49afe5279a\lwjgl-assimp-3.3.3.jar;C:\Users\agent\.gradle\caches\modules-2\files-2.1\org.lwjgl\lwjgl-assimp\3.3.3\d90ccdade594716062975cffd1431d387f770ac4\lwjgl-assimp-3.3.3-natives-windows.jar;C:\Users\agent\.gradle\caches\modules-2\files-2.1\org.lwjgl\lwjgl-glfw\3.3.3\efa1eb78c5ccd840e9f329717109b5e892d72f8e\lwjgl-glfw-3.3.3.jar;C:\Users\agent\.gradle\caches\modules-2\files-2.1\org.lwjgl\lwjgl-glfw\3.3.3\e449e28b4891fc423c54c85fbc5bb0b9efece67a\lwjgl-glfw-3.3.3-natives-windows.jar;C:\Users\agent\.gradle\caches\modules-2\files-2.1\org.lwjgl\lwjgl-nfd\3.3.3\f1b41d3a0a2f5cd2a55a6a59a618c87d0348681c\lwjgl-nfd-3.3.3.jar;C:\Users\agent\.gradle\caches\modules-2\files-2.1\org.lwjgl\lwjgl-nfd\3.3.3\3a39132eef695dcb7631adc1d02e493527940d10\lwjgl-nfd-3.3.3-natives-windows.jar;C:\Users\agent\.gradle\caches\modules-2\files-2.1\org.lwjgl\lwjgl-openal\3.3.3\daada81ceb5fc0c291fbfdd4433cb8d9423577f2\lwjgl-openal-3.3.3.jar;C:\Users\agent\.gradle\caches\modules-2\files-2.1\org.lwjgl\lwjgl-openal\3.3.3\cf83862ae95d98496b26915024c7e666d8ab1c8f\lwjgl-openal-3.3.3-natives-windows.jar;C:\Users\agent\.gradle\caches\modules-2\files-2.1\org.lwjgl\lwjgl-opengl\3.3.3\2f6b0147078396a58979125a4c947664e98293a\lwjgl-opengl-3.3.3.jar;C:\Users\agent\.gradle\caches\modules-2\files-2.1\org.lwjgl\lwjgl-opengl\3.3.3\e6c1eec8be8a71951b830a4d69efc01c6531900c\lwjgl-opengl-3.3.3-natives-windows.jar;C:\Users\agent\.gradle\caches\modules-2\files-2.1\org.lwjgl\lwjgl-stb\3.3.3\25dd6161988d7e65f71d5065c99902402ee32746\lwjgl-stb-3.3.3.jar;C:\Users\agent\.gradle\caches\modules-2\files-2.1\org.lwjgl\lwjgl-stb\3.3.3\1d9facdf6541de114b0f963be33505b7679c78cb\lwjgl-stb-3.3.3-natives-windows.jar;C:\Users\agent\.gradle\caches\modules
Launcher Type: SUN_STANDARD

[Global flags]
     intx CICompilerCount                          = 4                                         {product} {ergonomic}
     uint ConcGCThreads                            = 2                                         {product} {ergonomic}
     uint G1ConcRefinementThreads                  = 8                                         {product} {ergonomic}
   size_t G1HeapRegionSize                         = 2097152                                   {product} {ergonomic}
    uintx GCDrainStackTargetSize                   = 64                                        {product} {ergonomic}
   size_t InitialHeapSize                          = 268435456                                 {product} {ergonomic}
   size_t MarkStackSize                            = 4194304                                   {product} {ergonomic}
   size_t MaxHeapSize                              = 4280287232                                {product} {ergonomic}
   size_t MaxNewSize                               = 2566914048                                {product} {ergonomic}
   size_t MinHeapDeltaBytes                        = 2097152                                   {product} {ergonomic}
   size_t MinHeapSize                              = 8388608                                   {product} {ergonomic}
    uintx NonNMethodCodeHeapSize                   = 5839372                                {pd product} {ergonomic}
    uintx NonProfiledCodeHeapSize                  = 122909434                              {pd product} {ergonomic}
    uintx ProfiledCodeHeapSize                     = 122909434                              {pd product} {ergonomic}
    uintx ReservedCodeCacheSize                    = 251658240                              {pd product} {ergonomic}
     bool SegmentedCodeCache                       = true                                      {product} {ergonomic}
   size_t SoftMaxHeapSize                          = 4280287232                             {manageable} {ergonomic}
     bool UseCompressedClassPointers               = true                           {product lp64_product} {ergonomic}
     bool UseCompressedOops                        = true                           {product lp64_product} {ergonomic}
     bool UseG1GC                                  = true                                      {product} {ergonomic}
     bool UseLargePagesIndividualAllocation        = false                                  {pd product} {ergonomic}

Logging:
Log output configuration:
 #0: stdout all=warning uptime,level,tags
 #1: stderr all=off uptime,level,tags

Environment Variables:
PATH=C:\Program Files\Common Files\Oracle\Java\javapath;C:\Windows\system32;C:\Windows;C:\Windows\System32\Wbem;C:\Windows\System32\WindowsPowerShell\v1.0\;C:\Windows\System32\OpenSSH\;C:\Program Files\NVIDIA Corporation\NVIDIA NvDLISR;C:\Program Files (x86)\NVIDIA Corporation\PhysX\Common;C:\Program Files\dotnet\;C:\Program Files\Git\cmd;C:\WINDOWS\system32;C:\WINDOWS;C:\WINDOWS\System32\Wbem;C:\WINDOWS\System32\WindowsPowerShell\v1.0\;C:\WINDOWS\System32\OpenSSH\;C:\Program Files (x86)\Microsoft SQL Server\90\Tools\binn\;C:\Program Files (x86)\Windows Kits\10\Windows Performance Toolkit\;C:\Program Files\PuTTY\;C:\Users\agent\AppData\Local\Microsoft\WindowsApps;C:\Users\agent\AppData\Local\JetBrains\Toolbox\scripts;C:\Users\agent\AppData\Local\Microsoft\WindowsApps;C:\Users\agent\.dotnet\tools;C:\ffmpeg\bin;C:\Users\agent\Desktop\videoduplicatefinder-master;C:\Users\agent\AppData\Local\Programs\Python\Python311\Scripts;C:\Users\agent\AppData\Local\Programs\Python\Python311;
USERNAME=agent
OS=Windows_NT
PROCESSOR_IDENTIFIER=Intel64 Family 6 Model 158 Stepping 9, GenuineIntel



---------------  S Y S T E M  ---------------

OS:
 Windows 10 , 64 bit Build 19041 (10.0.19041.3636)
OS uptime: 5 days 21:44 hours
Hyper-V role detected

CPU: total 8 (initial active 8) (4 cores per cpu, 2 threads per core) family 6 model 158 stepping 9 microcode 0xb4, cx8, cmov, fxsr, ht, mmx, 3dnowpref, sse, sse2, sse3, ssse3, sse4.1, sse4.2, popcnt, lzcnt, tsc, tscinvbit, avx, avx2, aes, erms, clmul, bmi1, bmi2, rtm, adx, fma, vzeroupper, clflush, clflushopt, hv

Memory: 4k page, system-wide physical 16322M (4924M free)
TotalPageFile size 25026M (AvailPageFile size 4732M)
current process WorkingSet (physical memory assigned to process): 186M, peak: 202M
current process commit charge ("private bytes"): 516M, peak: 517M

vm_info: Java HotSpot(TM) 64-Bit Server VM (17.0.7+8-LTS-224) for windows-amd64 JRE (17.0.7+8-LTS-224), built on Feb 28 2023 23:03:02 by "mach5one" with MS VC++ 17.1 (VS2022)

END.
